;  LST file generated by mikroListExporter - v.2.0 
; Date/Time: 5/18/2023 9:47:02 AM
;----------------------------------------------

;Address Opcode 	ASM
0x0000	0x2A0E      	GOTO       526
_Interrupt:
0x0004	0x00FF      	MOVWF      R15
0x0005	0x0E03      	SWAPF      STATUS, 0
0x0006	0x0183      	CLRF       STATUS
0x0007	0x1703      	BSF        STATUS, 6
0x0008	0x00A3      	MOVWF      ___saveSTATUS
0x0009	0x080A      	MOVF       PCLATH, 0
0x000A	0x00A2      	MOVWF      ___savePCLATH
0x000B	0x018A      	CLRF       PCLATH
;Door_lock.c,40 :: 		void Interrupt(){
;Door_lock.c,41 :: 		if (TMR0IF_bit){
0x000C	0x1D0B      	BTFSS      TMR0IF_bit, BitPos(TMR0IF_bit+0)
0x000D	0x2814      	GOTO       L_Interrupt0
;Door_lock.c,42 :: 		cnt++;         // Increment counter
0x000E	0x0A9F      	INCF       _cnt, 1
0x000F	0x1903      	BTFSC      STATUS, 2
0x0010	0x0AA0      	INCF       _cnt+1, 1
;Door_lock.c,43 :: 		TMR0IF_bit = 0;
0x0011	0x110B      	BCF        TMR0IF_bit, BitPos(TMR0IF_bit+0)
;Door_lock.c,44 :: 		TMR0 = 100;
0x0012	0x3064      	MOVLW      100
0x0013	0x0081      	MOVWF      TMR0
;Door_lock.c,45 :: 		}
L_Interrupt0:
;Door_lock.c,46 :: 		}
L_end_Interrupt:
L__Interrupt58:
0x0014	0x0822      	MOVF       ___savePCLATH, 0
0x0015	0x008A      	MOVWF      PCLATH
0x0016	0x0E23      	SWAPF      ___saveSTATUS, 0
0x0017	0x0083      	MOVWF      STATUS
0x0018	0x0EFF      	SWAPF      R15, 1
0x0019	0x0E7F      	SWAPF      R15, 0
0x001A	0x0009      	RETFIE
; end of _Interrupt
_Delay_1us:
;__Lib_Delays.c,7 :: 		void Delay_1us() {
;__Lib_Delays.c,8 :: 		Delay_us(1);
0x001B	0x0000      	NOP
0x001C	0x0000      	NOP
;__Lib_Delays.c,9 :: 		}
L_end_Delay_1us:
0x001D	0x0008      	RETURN
; end of _Delay_1us
_Delay_5500us:
;__Lib_Delays.c,31 :: 		void Delay_5500us() {
;__Lib_Delays.c,32 :: 		Delay_us(5500);
0x001E	0x300F      	MOVLW      15
0x001F	0x1283      	BCF        STATUS, 5
0x0020	0x1303      	BCF        STATUS, 6
0x0021	0x00FC      	MOVWF      R12
0x0022	0x3047      	MOVLW      71
0x0023	0x00FD      	MOVWF      R13
L_Delay_5500us5:
0x0024	0x0BFD      	DECFSZ     R13, 1
0x0025	0x2824      	GOTO       L_Delay_5500us5
0x0026	0x0BFC      	DECFSZ     R12, 1
0x0027	0x2824      	GOTO       L_Delay_5500us5
0x0028	0x0000      	NOP
0x0029	0x0000      	NOP
;__Lib_Delays.c,33 :: 		}
L_end_Delay_5500us:
0x002A	0x0008      	RETURN
; end of _Delay_5500us
_Delay_50us:
;__Lib_Delays.c,19 :: 		void Delay_50us() {
;__Lib_Delays.c,20 :: 		Delay_us(50);
0x002B	0x3021      	MOVLW      33
0x002C	0x1283      	BCF        STATUS, 5
0x002D	0x1303      	BCF        STATUS, 6
0x002E	0x00FD      	MOVWF      R13
L_Delay_50us2:
0x002F	0x0BFD      	DECFSZ     R13, 1
0x0030	0x282F      	GOTO       L_Delay_50us2
;__Lib_Delays.c,21 :: 		}
L_end_Delay_50us:
0x0031	0x0008      	RETURN
; end of _Delay_50us
_Lcd_Cmd:
;__Lib_Lcd.c,18 :: 		
;__Lib_Lcd.c,20 :: 		
0x0032	0x1283      	BCF        STATUS, 5
0x0033	0x1703      	BSF        STATUS, 6
0x0034	0x1BAD      	BTFSC      FARG_Lcd_Cmd_out_char, 7
0x0035	0x2838      	GOTO       L__Lcd_Cmd21
0x0036	0x1186      	BCF        LCD_D7, BitPos(LCD_D7+0)
0x0037	0x2839      	GOTO       L__Lcd_Cmd22
L__Lcd_Cmd21:
0x0038	0x1586      	BSF        LCD_D7, BitPos(LCD_D7+0)
L__Lcd_Cmd22:
;__Lib_Lcd.c,21 :: 		
0x0039	0x1B2D      	BTFSC      FARG_Lcd_Cmd_out_char, 6
0x003A	0x283D      	GOTO       L__Lcd_Cmd23
0x003B	0x1106      	BCF        LCD_D6, BitPos(LCD_D6+0)
0x003C	0x283E      	GOTO       L__Lcd_Cmd24
L__Lcd_Cmd23:
0x003D	0x1506      	BSF        LCD_D6, BitPos(LCD_D6+0)
L__Lcd_Cmd24:
;__Lib_Lcd.c,22 :: 		
0x003E	0x1AAD      	BTFSC      FARG_Lcd_Cmd_out_char, 5
0x003F	0x2842      	GOTO       L__Lcd_Cmd25
0x0040	0x1086      	BCF        LCD_D5, BitPos(LCD_D5+0)
0x0041	0x2843      	GOTO       L__Lcd_Cmd26
L__Lcd_Cmd25:
0x0042	0x1486      	BSF        LCD_D5, BitPos(LCD_D5+0)
L__Lcd_Cmd26:
;__Lib_Lcd.c,23 :: 		
0x0043	0x1A2D      	BTFSC      FARG_Lcd_Cmd_out_char, 4
0x0044	0x2847      	GOTO       L__Lcd_Cmd27
0x0045	0x1006      	BCF        LCD_D4, BitPos(LCD_D4+0)
0x0046	0x2848      	GOTO       L__Lcd_Cmd28
L__Lcd_Cmd27:
0x0047	0x1406      	BSF        LCD_D4, BitPos(LCD_D4+0)
L__Lcd_Cmd28:
;__Lib_Lcd.c,25 :: 		
0x0048	0x1683      	BSF        STATUS, 5
0x0049	0x1303      	BCF        STATUS, 6
0x004A	0x186F      	BTFSC      __Lib_Lcd_cmd_status, BitPos(__Lib_Lcd_cmd_status+0)
0x004B	0x284F      	GOTO       L__Lcd_Cmd29
0x004C	0x1283      	BCF        STATUS, 5
0x004D	0x1686      	BSF        LCD_RS, BitPos(LCD_RS+0)
0x004E	0x2851      	GOTO       L__Lcd_Cmd30
L__Lcd_Cmd29:
0x004F	0x1283      	BCF        STATUS, 5
0x0050	0x1286      	BCF        LCD_RS, BitPos(LCD_RS+0)
L__Lcd_Cmd30:
;__Lib_Lcd.c,28 :: 		
0x0051	0x1706      	BSF        LCD_En, BitPos(LCD_En+0)
;__Lib_Lcd.c,29 :: 		
0x0052	0x201B      	CALL       _Delay_1us
;__Lib_Lcd.c,30 :: 		
0x0053	0x1306      	BCF        LCD_En, BitPos(LCD_En+0)
;__Lib_Lcd.c,33 :: 		
0x0054	0x1703      	BSF        STATUS, 6
0x0055	0x19AD      	BTFSC      FARG_Lcd_Cmd_out_char, 3
0x0056	0x2859      	GOTO       L__Lcd_Cmd31
0x0057	0x1186      	BCF        LCD_D7, BitPos(LCD_D7+0)
0x0058	0x285A      	GOTO       L__Lcd_Cmd32
L__Lcd_Cmd31:
0x0059	0x1586      	BSF        LCD_D7, BitPos(LCD_D7+0)
L__Lcd_Cmd32:
;__Lib_Lcd.c,34 :: 		
0x005A	0x192D      	BTFSC      FARG_Lcd_Cmd_out_char, 2
0x005B	0x285E      	GOTO       L__Lcd_Cmd33
0x005C	0x1106      	BCF        LCD_D6, BitPos(LCD_D6+0)
0x005D	0x285F      	GOTO       L__Lcd_Cmd34
L__Lcd_Cmd33:
0x005E	0x1506      	BSF        LCD_D6, BitPos(LCD_D6+0)
L__Lcd_Cmd34:
;__Lib_Lcd.c,35 :: 		
0x005F	0x18AD      	BTFSC      FARG_Lcd_Cmd_out_char, 1
0x0060	0x2863      	GOTO       L__Lcd_Cmd35
0x0061	0x1086      	BCF        LCD_D5, BitPos(LCD_D5+0)
0x0062	0x2864      	GOTO       L__Lcd_Cmd36
L__Lcd_Cmd35:
0x0063	0x1486      	BSF        LCD_D5, BitPos(LCD_D5+0)
L__Lcd_Cmd36:
;__Lib_Lcd.c,36 :: 		
0x0064	0x182D      	BTFSC      FARG_Lcd_Cmd_out_char, 0
0x0065	0x2868      	GOTO       L__Lcd_Cmd37
0x0066	0x1006      	BCF        LCD_D4, BitPos(LCD_D4+0)
0x0067	0x2869      	GOTO       L__Lcd_Cmd38
L__Lcd_Cmd37:
0x0068	0x1406      	BSF        LCD_D4, BitPos(LCD_D4+0)
L__Lcd_Cmd38:
;__Lib_Lcd.c,38 :: 		
0x0069	0x1683      	BSF        STATUS, 5
0x006A	0x1303      	BCF        STATUS, 6
0x006B	0x186F      	BTFSC      __Lib_Lcd_cmd_status, BitPos(__Lib_Lcd_cmd_status+0)
0x006C	0x2870      	GOTO       L__Lcd_Cmd39
0x006D	0x1283      	BCF        STATUS, 5
0x006E	0x1686      	BSF        LCD_RS, BitPos(LCD_RS+0)
0x006F	0x2872      	GOTO       L__Lcd_Cmd40
L__Lcd_Cmd39:
0x0070	0x1283      	BCF        STATUS, 5
0x0071	0x1286      	BCF        LCD_RS, BitPos(LCD_RS+0)
L__Lcd_Cmd40:
;__Lib_Lcd.c,40 :: 		
0x0072	0x1706      	BSF        LCD_En, BitPos(LCD_En+0)
;__Lib_Lcd.c,41 :: 		
0x0073	0x201B      	CALL       _Delay_1us
;__Lib_Lcd.c,42 :: 		
0x0074	0x1306      	BCF        LCD_En, BitPos(LCD_En+0)
;__Lib_Lcd.c,44 :: 		
0x0075	0x1683      	BSF        STATUS, 5
0x0076	0x1C6F      	BTFSS      __Lib_Lcd_cmd_status, BitPos(__Lib_Lcd_cmd_status+0)
0x0077	0x287A      	GOTO       L_Lcd_Cmd0
;__Lib_Lcd.c,45 :: 		
0x0078	0x201E      	CALL       _Delay_5500us
0x0079	0x287B      	GOTO       L_Lcd_Cmd1
L_Lcd_Cmd0:
;__Lib_Lcd.c,47 :: 		
0x007A	0x202B      	CALL       _Delay_50us
L_Lcd_Cmd1:
;__Lib_Lcd.c,48 :: 		
L_end_Lcd_Cmd:
0x007B	0x0008      	RETURN
; end of _Lcd_Cmd
_Lcd_Chr_CP:
;__Lib_Lcd.c,50 :: 		
;__Lib_Lcd.c,52 :: 		
0x007C	0x1683      	BSF        STATUS, 5
0x007D	0x1303      	BCF        STATUS, 6
0x007E	0x106F      	BCF        __Lib_Lcd_cmd_status, BitPos(__Lib_Lcd_cmd_status+0)
;__Lib_Lcd.c,53 :: 		
0x007F	0x1283      	BCF        STATUS, 5
0x0080	0x1703      	BSF        STATUS, 6
0x0081	0x0828      	MOVF       FARG_Lcd_Chr_CP_out_char, 0
0x0082	0x00AD      	MOVWF      FARG_Lcd_Cmd_out_char
0x0083	0x2032      	CALL       _Lcd_Cmd
;__Lib_Lcd.c,54 :: 		
0x0084	0x1683      	BSF        STATUS, 5
0x0085	0x146F      	BSF        __Lib_Lcd_cmd_status, BitPos(__Lib_Lcd_cmd_status+0)
;__Lib_Lcd.c,55 :: 		
L_end_Lcd_Chr_CP:
0x0086	0x0008      	RETURN
; end of _Lcd_Chr_CP
_Mul_16X16_U:
;__Lib_Math.c,136 :: 		
;__Lib_Math.c,143 :: 		
0x0087	0x1283      	BCF        STATUS, 5
;__Lib_Math.c,144 :: 		
0x0088	0x1303      	BCF        STATUS, 6
;__Lib_Math.c,145 :: 		
0x0089	0x01FB      	CLRF       R11
;__Lib_Math.c,146 :: 		
0x008A	0x01FA      	CLRF       R10
;__Lib_Math.c,147 :: 		
0x008B	0x01F9      	CLRF       R9
;__Lib_Math.c,148 :: 		
0x008C	0x3080      	MOVLW      128
;__Lib_Math.c,149 :: 		
0x008D	0x00F8      	MOVWF      R8
;__Lib_Math.c,150 :: 		
0x008E	0x0CF1      	RRF        R1, 1
;__Lib_Math.c,151 :: 		
0x008F	0x0CF0      	RRF        R0, 1
;__Lib_Math.c,152 :: 		
0x0090	0x1C03      	BTFSS      STATUS, 0
;__Lib_Math.c,153 :: 		
0x0091	0x289B      	GOTO       $+10
;__Lib_Math.c,154 :: 		
0x0092	0x0874      	MOVF       R4, 0
;__Lib_Math.c,155 :: 		
0x0093	0x07F9      	ADDWF      R9, 1
;__Lib_Math.c,156 :: 		
0x0094	0x0875      	MOVF       R5, 0
;__Lib_Math.c,157 :: 		
0x0095	0x1803      	BTFSC      STATUS, 0
;__Lib_Math.c,158 :: 		
0x0096	0x0F75      	INCFSZ     R5, 0
;__Lib_Math.c,159 :: 		
0x0097	0x07FA      	ADDWF      R10, 1
;__Lib_Math.c,160 :: 		
0x0098	0x1803      	BTFSC      STATUS, 0
;__Lib_Math.c,161 :: 		
0x0099	0x0AFB      	INCF       R11, 1
;__Lib_Math.c,162 :: 		
0x009A	0x1003      	BCF        STATUS, 0
;__Lib_Math.c,163 :: 		
0x009B	0x1FF0      	BTFSS      R0, 7
;__Lib_Math.c,164 :: 		
0x009C	0x28A3      	GOTO       $+7
;__Lib_Math.c,165 :: 		
0x009D	0x0874      	MOVF       R4, 0
;__Lib_Math.c,166 :: 		
0x009E	0x07FA      	ADDWF      R10, 1
;__Lib_Math.c,167 :: 		
0x009F	0x0875      	MOVF       R5, 0
;__Lib_Math.c,168 :: 		
0x00A0	0x1803      	BTFSC      STATUS, 0
;__Lib_Math.c,169 :: 		
0x00A1	0x0F75      	INCFSZ     R5, 0
;__Lib_Math.c,170 :: 		
0x00A2	0x07FB      	ADDWF      R11, 1
;__Lib_Math.c,171 :: 		
0x00A3	0x0CFB      	RRF        R11, 1
;__Lib_Math.c,172 :: 		
0x00A4	0x0CFA      	RRF        R10, 1
;__Lib_Math.c,173 :: 		
0x00A5	0x0CF9      	RRF        R9, 1
;__Lib_Math.c,174 :: 		
0x00A6	0x0CF8      	RRF        R8, 1
;__Lib_Math.c,175 :: 		
0x00A7	0x1C03      	BTFSS      STATUS, 0
;__Lib_Math.c,176 :: 		
0x00A8	0x288E      	GOTO       $-26
;__Lib_Math.c,177 :: 		
0x00A9	0x087B      	MOVF       R11, 0
;__Lib_Math.c,178 :: 		
0x00AA	0x00F3      	MOVWF      R3
;__Lib_Math.c,179 :: 		
0x00AB	0x087A      	MOVF       R10, 0
;__Lib_Math.c,180 :: 		
0x00AC	0x00F2      	MOVWF      R2
;__Lib_Math.c,181 :: 		
0x00AD	0x0879      	MOVF       R9, 0
;__Lib_Math.c,182 :: 		
0x00AE	0x00F1      	MOVWF      R1
;__Lib_Math.c,183 :: 		
0x00AF	0x0878      	MOVF       R8, 0
;__Lib_Math.c,184 :: 		
0x00B0	0x00F0      	MOVWF      R0
;__Lib_Math.c,187 :: 		
L_end_Mul_16X16_U:
0x00B1	0x0008      	RETURN
; end of _Mul_16X16_U
_____DoICP:
;__Lib_System.c,6 :: 		
;__Lib_System.c,9 :: 		
0x00B2	0x1283      	BCF        STATUS, 5
0x00B3	0x1703      	BSF        STATUS, 6
0x00B4	0x081E      	MOVF       ___DoICPAddr+1, 0
0x00B5	0x008A      	MOVWF      PCLATH
;__Lib_System.c,10 :: 		
0x00B6	0x081D      	MOVF       ___DoICPAddr, 0
0x00B7	0x0082      	MOVWF      PCL
;__Lib_System.c,12 :: 		
L_end_____DoICP:
0x00B8	0x0008      	RETURN
; end of _____DoICP
_Delay_10us:
;__Lib_Delays.c,11 :: 		void Delay_10us() {
;__Lib_Delays.c,12 :: 		Delay_us(10);
0x00B9	0x3006      	MOVLW      6
0x00BA	0x1283      	BCF        STATUS, 5
0x00BB	0x1303      	BCF        STATUS, 6
0x00BC	0x00FD      	MOVWF      R13
L_Delay_10us0:
0x00BD	0x0BFD      	DECFSZ     R13, 1
0x00BE	0x28BD      	GOTO       L_Delay_10us0
0x00BF	0x0000      	NOP
;__Lib_Delays.c,13 :: 		}
L_end_Delay_10us:
0x00C0	0x0008      	RETURN
; end of _Delay_10us
_Keypad_Key_Press:
;__Lib_Keypad4x4.c,39 :: 		
;__Lib_Keypad4x4.c,43 :: 		
0x00C1	0x1283      	BCF        STATUS, 5
0x00C2	0x1703      	BSF        STATUS, 6
0x00C3	0x01A8      	CLRF       Keypad_Key_Press_rslt_L0
;__Lib_Keypad4x4.c,44 :: 		
0x00C4	0x01AA      	CLRF       Keypad_Key_Press_loc_L0
;__Lib_Keypad4x4.c,45 :: 		
0x00C5	0x01AB      	CLRF       Keypad_Key_Press_rowcnt_L0
;__Lib_Keypad4x4.c,46 :: 		
0x00C6	0x3010      	MOVLW      16
0x00C7	0x00AC      	MOVWF      Keypad_Key_Press_shifter_L0
;__Lib_Keypad4x4.c,48 :: 		
L_Keypad_Key_Press0:
0x00C8	0x3004      	MOVLW      4
0x00C9	0x022B      	SUBWF      Keypad_Key_Press_rowcnt_L0, 0
0x00CA	0x1803      	BTFSC      STATUS, 0
0x00CB	0x28F6      	GOTO       L_Keypad_Key_Press1
;__Lib_Keypad4x4.c,50 :: 		
0x00CC	0x30F0      	MOVLW      240
0x00CD	0x1303      	BCF        STATUS, 6
0x00CE	0x0088      	MOVWF      keypadPort
;__Lib_Keypad4x4.c,51 :: 		
0x00CF	0x3080      	MOVLW      128
0x00D0	0x00F0      	MOVWF      R0
0x00D1	0x0870      	MOVF       R0, 0
0x00D2	0x3E08      	ADDLW      keypadPort
0x00D3	0x0084      	MOVWF      FSR
0x00D4	0x1703      	BSF        STATUS, 6
0x00D5	0x092C      	COMF       Keypad_Key_Press_shifter_L0, 0
0x00D6	0x00F0      	MOVWF      R0
0x00D7	0x0870      	MOVF       R0, 0
0x00D8	0x0080      	MOVWF      INDF
;__Lib_Keypad4x4.c,55 :: 		
0x00D9	0x201B      	CALL       _Delay_1us
;__Lib_Keypad4x4.c,56 :: 		
0x00DA	0x201B      	CALL       _Delay_1us
;__Lib_Keypad4x4.c,57 :: 		
0x00DB	0x300F      	MOVLW      15
0x00DC	0x1303      	BCF        STATUS, 6
0x00DD	0x0508      	ANDWF      keypadPort, 0
0x00DE	0x00F0      	MOVWF      R0
0x00DF	0x0870      	MOVF       R0, 0
0x00E0	0x1703      	BSF        STATUS, 6
0x00E1	0x00A9      	MOVWF      Keypad_Key_Press_kdata_L0
;__Lib_Keypad4x4.c,58 :: 		
0x00E2	0x0870      	MOVF       R0, 0
0x00E3	0x1903      	BTFSC      STATUS, 2
0x00E4	0x28F0      	GOTO       L_Keypad_Key_Press2
;__Lib_Keypad4x4.c,60 :: 		
0x00E5	0x082A      	MOVF       Keypad_Key_Press_loc_L0, 0
0x00E6	0x00A8      	MOVWF      Keypad_Key_Press_rslt_L0
;__Lib_Keypad4x4.c,61 :: 		
L_Keypad_Key_Press3:
0x00E7	0x0829      	MOVF       Keypad_Key_Press_kdata_L0, 0
0x00E8	0x1903      	BTFSC      STATUS, 2
0x00E9	0x28EE      	GOTO       L_Keypad_Key_Press4
;__Lib_Keypad4x4.c,62 :: 		
0x00EA	0x0CA9      	RRF        Keypad_Key_Press_kdata_L0, 1
0x00EB	0x13A9      	BCF        Keypad_Key_Press_kdata_L0, 7
;__Lib_Keypad4x4.c,63 :: 		
0x00EC	0x0AA8      	INCF       Keypad_Key_Press_rslt_L0, 1
;__Lib_Keypad4x4.c,64 :: 		
0x00ED	0x28E7      	GOTO       L_Keypad_Key_Press3
L_Keypad_Key_Press4:
;__Lib_Keypad4x4.c,66 :: 		
0x00EE	0x3004      	MOVLW      4
0x00EF	0x00AB      	MOVWF      Keypad_Key_Press_rowcnt_L0
;__Lib_Keypad4x4.c,67 :: 		
L_Keypad_Key_Press2:
;__Lib_Keypad4x4.c,68 :: 		
0x00F0	0x0DAC      	RLF        Keypad_Key_Press_shifter_L0, 1
0x00F1	0x102C      	BCF        Keypad_Key_Press_shifter_L0, 0
;__Lib_Keypad4x4.c,69 :: 		
0x00F2	0x3004      	MOVLW      4
0x00F3	0x07AA      	ADDWF      Keypad_Key_Press_loc_L0, 1
;__Lib_Keypad4x4.c,70 :: 		
0x00F4	0x0AAB      	INCF       Keypad_Key_Press_rowcnt_L0, 1
;__Lib_Keypad4x4.c,71 :: 		
0x00F5	0x28C8      	GOTO       L_Keypad_Key_Press0
L_Keypad_Key_Press1:
;__Lib_Keypad4x4.c,73 :: 		
0x00F6	0x0828      	MOVF       Keypad_Key_Press_rslt_L0, 0
0x00F7	0x00F0      	MOVWF      R0
;__Lib_Keypad4x4.c,74 :: 		
L_end_Keypad_Key_Press:
0x00F8	0x0008      	RETURN
; end of _Keypad_Key_Press
_PWM1_Set_Duty:
;__Lib_PWM_c21.c,39 :: 		
;__Lib_PWM_c21.c,43 :: 		
0x00F9	0x1683      	BSF        STATUS, 5
0x00FA	0x1303      	BCF        STATUS, 6
0x00FB	0x0812      	MOVF       PR2, 0
0x00FC	0x3E01      	ADDLW      1
0x00FD	0x00F0      	MOVWF      R0
0x00FE	0x01F1      	CLRF       R0+1
0x00FF	0x1803      	BTFSC      STATUS, 0
0x0100	0x0AF1      	INCF       R0+1, 1
0x0101	0x1283      	BCF        STATUS, 5
0x0102	0x1703      	BSF        STATUS, 6
0x0103	0x0824      	MOVF       FARG_PWM1_Set_Duty_new_duty, 0
0x0104	0x00F4      	MOVWF      R4
0x0105	0x01F5      	CLRF       R4+1
0x0106	0x2087      	CALL       _Mul_16X16_U
0x0107	0x3006      	MOVLW      6
0x0108	0x00F2      	MOVWF      R2
0x0109	0x0870      	MOVF       R0, 0
0x010A	0x00F4      	MOVWF      R4
0x010B	0x0871      	MOVF       R0+1, 0
0x010C	0x00F5      	MOVWF      R4+1
0x010D	0x0872      	MOVF       R2, 0
L__PWM1_Set_Duty10:
0x010E	0x1903      	BTFSC      STATUS, 2
0x010F	0x2915      	GOTO       L__PWM1_Set_Duty11
0x0110	0x0CF5      	RRF        R4+1, 1
0x0111	0x0CF4      	RRF        R4, 1
0x0112	0x13F5      	BCF        R4+1, 7
0x0113	0x3EFF      	ADDLW      255
0x0114	0x290E      	GOTO       L__PWM1_Set_Duty10
L__PWM1_Set_Duty11:
;__Lib_PWM_c21.c,44 :: 		
0x0115	0x3004      	MOVLW      4
0x0116	0x00F1      	MOVWF      R1
0x0117	0x0874      	MOVF       R4, 0
0x0118	0x00F0      	MOVWF      R0
0x0119	0x0871      	MOVF       R1, 0
L__PWM1_Set_Duty12:
0x011A	0x1903      	BTFSC      STATUS, 2
0x011B	0x2920      	GOTO       L__PWM1_Set_Duty13
0x011C	0x0DF0      	RLF        R0, 1
0x011D	0x1070      	BCF        R0, 0
0x011E	0x3EFF      	ADDLW      255
0x011F	0x291A      	GOTO       L__PWM1_Set_Duty12
L__PWM1_Set_Duty13:
0x0120	0x3030      	MOVLW      48
0x0121	0x0570      	ANDWF      R0, 0
0x0122	0x00F3      	MOVWF      R3
;__Lib_PWM_c21.c,45 :: 		
0x0123	0x0874      	MOVF       R4, 0
0x0124	0x00F0      	MOVWF      R0
0x0125	0x0875      	MOVF       R4+1, 0
0x0126	0x00F1      	MOVWF      R0+1
0x0127	0x0CF1      	RRF        R0+1, 1
0x0128	0x0CF0      	RRF        R0, 1
0x0129	0x13F1      	BCF        R0+1, 7
0x012A	0x0CF1      	RRF        R0+1, 1
0x012B	0x0CF0      	RRF        R0, 1
0x012C	0x13F1      	BCF        R0+1, 7
0x012D	0x0870      	MOVF       R0, 0
0x012E	0x0095      	MOVWF      CCPR1L
;__Lib_PWM_c21.c,46 :: 		
0x012F	0x300F      	MOVLW      15
0x0130	0x0597      	ANDWF      CCP1CON, 1
;__Lib_PWM_c21.c,47 :: 		
0x0131	0x0873      	MOVF       R3, 0
0x0132	0x0497      	IORWF      CCP1CON, 1
;__Lib_PWM_c21.c,48 :: 		
L_end_PWM1_Set_Duty:
0x0133	0x0008      	RETURN
; end of _PWM1_Set_Duty
_PWM1_Init:
;__Lib_PWM_c21.c,32 :: 		
;__Lib_PWM_c21.c,33 :: 		
;__Lib_PWM_c21.c,34 :: 		
0x0134	0x1283      	BCF        STATUS, 5
0x0135	0x1303      	BCF        STATUS, 6
0x0136	0x0195      	CLRF       CCPR1L
;__Lib_PWM_c21.c,35 :: 		
0x0137	0x1217      	BCF        CCP1CON, 4
;__Lib_PWM_c21.c,36 :: 		
0x0138	0x1297      	BCF        CCP1CON, 5
;__Lib_PWM_c21.c,37 :: 		
L_end_PWM1_Init:
0x0139	0x0008      	RETURN
; end of _PWM1_Init
_PWM1_Start:
;__Lib_PWM_c21.c,50 :: 		
;__Lib_PWM_c21.c,51 :: 		
0x013A	0x1683      	BSF        STATUS, 5
0x013B	0x1303      	BCF        STATUS, 6
0x013C	0x1107      	BCF        TRISC2_bit, BitPos(TRISC2_bit+0)
;__Lib_PWM_c21.c,52 :: 		
0x013D	0x1283      	BCF        STATUS, 5
0x013E	0x1512      	BSF        T2CON, 2
;__Lib_PWM_c21.c,53 :: 		
0x013F	0x300C      	MOVLW      12
0x0140	0x0497      	IORWF      CCP1CON, 1
;__Lib_PWM_c21.c,54 :: 		
L_end_PWM1_Start:
0x0141	0x0008      	RETURN
; end of _PWM1_Start
_InitTimer0:
;Door_lock.c,34 :: 		void InitTimer0(){
;Door_lock.c,35 :: 		OPTION_REG  = 0x86;
0x0142	0x3086      	MOVLW      134
0x0143	0x1683      	BSF        STATUS, 5
0x0144	0x1303      	BCF        STATUS, 6
0x0145	0x0081      	MOVWF      OPTION_REG
;Door_lock.c,36 :: 		TMR0  = 100;
0x0146	0x3064      	MOVLW      100
0x0147	0x1283      	BCF        STATUS, 5
0x0148	0x0081      	MOVWF      TMR0
;Door_lock.c,37 :: 		INTCON  = 0xA0;
0x0149	0x30A0      	MOVLW      160
0x014A	0x008B      	MOVWF      INTCON
;Door_lock.c,38 :: 		}
L_end_InitTimer0:
0x014B	0x0008      	RETURN
; end of _InitTimer0
_Lcd_Out:
;__Lib_Lcd.c,184 :: 		
;__Lib_Lcd.c,187 :: 		
0x014C	0x295E      	GOTO       L_Lcd_Out11
;__Lib_Lcd.c,188 :: 		
L_Lcd_Out13:
0x014D	0x3080      	MOVLW      128
0x014E	0x1283      	BCF        STATUS, 5
0x014F	0x1703      	BSF        STATUS, 6
0x0150	0x00A4      	MOVWF      FARG_Lcd_Out_row
0x0151	0x2971      	GOTO       L_Lcd_Out12
;__Lib_Lcd.c,189 :: 		
L_Lcd_Out14:
0x0152	0x30C0      	MOVLW      192
0x0153	0x00A4      	MOVWF      FARG_Lcd_Out_row
0x0154	0x2971      	GOTO       L_Lcd_Out12
;__Lib_Lcd.c,190 :: 		
L_Lcd_Out15:
0x0155	0x3094      	MOVLW      148
0x0156	0x00A4      	MOVWF      FARG_Lcd_Out_row
0x0157	0x2971      	GOTO       L_Lcd_Out12
;__Lib_Lcd.c,191 :: 		
L_Lcd_Out16:
0x0158	0x30D4      	MOVLW      212
0x0159	0x00A4      	MOVWF      FARG_Lcd_Out_row
0x015A	0x2971      	GOTO       L_Lcd_Out12
;__Lib_Lcd.c,192 :: 		
L_Lcd_Out17:
0x015B	0x3080      	MOVLW      128
0x015C	0x00A4      	MOVWF      FARG_Lcd_Out_row
;__Lib_Lcd.c,193 :: 		
0x015D	0x2971      	GOTO       L_Lcd_Out12
L_Lcd_Out11:
0x015E	0x1283      	BCF        STATUS, 5
0x015F	0x1703      	BSF        STATUS, 6
0x0160	0x0824      	MOVF       FARG_Lcd_Out_row, 0
0x0161	0x3A01      	XORLW      1
0x0162	0x1903      	BTFSC      STATUS, 2
0x0163	0x294D      	GOTO       L_Lcd_Out13
0x0164	0x0824      	MOVF       FARG_Lcd_Out_row, 0
0x0165	0x3A02      	XORLW      2
0x0166	0x1903      	BTFSC      STATUS, 2
0x0167	0x2952      	GOTO       L_Lcd_Out14
0x0168	0x0824      	MOVF       FARG_Lcd_Out_row, 0
0x0169	0x3A03      	XORLW      3
0x016A	0x1903      	BTFSC      STATUS, 2
0x016B	0x2955      	GOTO       L_Lcd_Out15
0x016C	0x0824      	MOVF       FARG_Lcd_Out_row, 0
0x016D	0x3A04      	XORLW      4
0x016E	0x1903      	BTFSC      STATUS, 2
0x016F	0x2958      	GOTO       L_Lcd_Out16
0x0170	0x295B      	GOTO       L_Lcd_Out17
L_Lcd_Out12:
;__Lib_Lcd.c,194 :: 		
0x0171	0x0325      	DECF       FARG_Lcd_Out_column, 0
0x0172	0x00F0      	MOVWF      R0
0x0173	0x0824      	MOVF       FARG_Lcd_Out_row, 0
0x0174	0x07F0      	ADDWF      R0, 1
0x0175	0x0870      	MOVF       R0, 0
0x0176	0x00A4      	MOVWF      FARG_Lcd_Out_row
;__Lib_Lcd.c,196 :: 		
0x0177	0x0870      	MOVF       R0, 0
0x0178	0x00AD      	MOVWF      FARG_Lcd_Cmd_out_char
0x0179	0x2032      	CALL       _Lcd_Cmd
;__Lib_Lcd.c,197 :: 		
0x017A	0x1683      	BSF        STATUS, 5
0x017B	0x106F      	BCF        __Lib_Lcd_cmd_status, BitPos(__Lib_Lcd_cmd_status+0)
;__Lib_Lcd.c,198 :: 		
0x017C	0x1283      	BCF        STATUS, 5
0x017D	0x1703      	BSF        STATUS, 6
0x017E	0x01A7      	CLRF       Lcd_Out_i_L0
;__Lib_Lcd.c,199 :: 		
L_Lcd_Out18:
0x017F	0x0827      	MOVF       Lcd_Out_i_L0, 0
0x0180	0x0726      	ADDWF      FARG_Lcd_Out_text, 0
0x0181	0x0084      	MOVWF      FSR
0x0182	0x0800      	MOVF       INDF, 0
0x0183	0x1903      	BTFSC      STATUS, 2
0x0184	0x298F      	GOTO       L_Lcd_Out19
;__Lib_Lcd.c,200 :: 		
0x0185	0x0827      	MOVF       Lcd_Out_i_L0, 0
0x0186	0x0726      	ADDWF      FARG_Lcd_Out_text, 0
0x0187	0x0084      	MOVWF      FSR
0x0188	0x0800      	MOVF       INDF, 0
0x0189	0x00A8      	MOVWF      FARG_Lcd_Chr_CP_out_char
0x018A	0x207C      	CALL       _Lcd_Chr_CP
0x018B	0x1283      	BCF        STATUS, 5
0x018C	0x1703      	BSF        STATUS, 6
0x018D	0x0AA7      	INCF       Lcd_Out_i_L0, 1
0x018E	0x297F      	GOTO       L_Lcd_Out18
L_Lcd_Out19:
;__Lib_Lcd.c,201 :: 		
0x018F	0x1683      	BSF        STATUS, 5
0x0190	0x1303      	BCF        STATUS, 6
0x0191	0x146F      	BSF        __Lib_Lcd_cmd_status, BitPos(__Lib_Lcd_cmd_status+0)
;__Lib_Lcd.c,202 :: 		
L_end_Lcd_Out:
0x0192	0x0008      	RETURN
; end of _Lcd_Out
___CC2DW:
;__Lib_System.c,134 :: 		
;__Lib_System.c,137 :: 		
_CC2D_Loop1:
;__Lib_System.c,139 :: 		
0x0193	0x20B2      	CALL       _____DoICP
0x0194	0x118A      	BCF        PCLATH, 3
0x0195	0x120A      	BCF        PCLATH, 4
;__Lib_System.c,141 :: 		
0x0196	0x0080      	MOVWF      INDF
;__Lib_System.c,142 :: 		
0x0197	0x0A84      	INCF       FSR, 1
;__Lib_System.c,143 :: 		
0x0198	0x0A9D      	INCF       ___DoICPAddr, 1
;__Lib_System.c,145 :: 		
0x0199	0x1903      	BTFSC      STATUS, 2
;__Lib_System.c,146 :: 		
0x019A	0x0A9E      	INCF       ___DoICPAddr+1, 1
;__Lib_System.c,147 :: 		
0x019B	0x03F0      	DECF       R0, 1
;__Lib_System.c,149 :: 		
0x019C	0x1D03      	BTFSS      STATUS, 2
;__Lib_System.c,150 :: 		
0x019D	0x2993      	GOTO       _CC2D_Loop1
;__Lib_System.c,152 :: 		
L_end___CC2DW:
0x019E	0x0008      	RETURN
; end of ___CC2DW
_Keypad_Key_Click:
;__Lib_Keypad4x4.c,77 :: 		
;__Lib_Keypad4x4.c,81 :: 		
0x019F	0x20C1      	CALL       _Keypad_Key_Press
0x01A0	0x0870      	MOVF       R0, 0
0x01A1	0x00A4      	MOVWF      Keypad_Key_Click_rslt_L0
;__Lib_Keypad4x4.c,83 :: 		
L_Keypad_Key_Click5:
0x01A2	0x300F      	MOVLW      15
0x01A3	0x1303      	BCF        STATUS, 6
0x01A4	0x0508      	ANDWF      keypadPort, 0
0x01A5	0x00F0      	MOVWF      R0
0x01A6	0x1903      	BTFSC      STATUS, 2
0x01A7	0x29AA      	GOTO       L_Keypad_Key_Click6
;__Lib_Keypad4x4.c,84 :: 		
0x01A8	0x20B9      	CALL       _Delay_10us
0x01A9	0x29A2      	GOTO       L_Keypad_Key_Click5
L_Keypad_Key_Click6:
;__Lib_Keypad4x4.c,86 :: 		
0x01AA	0x1703      	BSF        STATUS, 6
0x01AB	0x0824      	MOVF       Keypad_Key_Click_rslt_L0, 0
0x01AC	0x00F0      	MOVWF      R0
;__Lib_Keypad4x4.c,87 :: 		
L_end_Keypad_Key_Click:
0x01AD	0x0008      	RETURN
; end of _Keypad_Key_Click
_Keypad_Init:
;__Lib_Keypad4x4.c,34 :: 		
;__Lib_Keypad4x4.c,35 :: 		
0x01AE	0x3080      	MOVLW      128
0x01AF	0x1283      	BCF        STATUS, 5
0x01B0	0x1303      	BCF        STATUS, 6
0x01B1	0x00F0      	MOVWF      R0
0x01B2	0x0870      	MOVF       R0, 0
0x01B3	0x3E08      	ADDLW      keypadPort
0x01B4	0x0084      	MOVWF      FSR
0x01B5	0x30FF      	MOVLW      255
0x01B6	0x0080      	MOVWF      INDF
;__Lib_Keypad4x4.c,36 :: 		
L_end_Keypad_Init:
0x01B7	0x0008      	RETURN
; end of _Keypad_Init
_Lcd_Init:
;__Lib_Lcd.c,84 :: 		
;__Lib_Lcd.c,86 :: 		
0x01B8	0x1683      	BSF        STATUS, 5
0x01B9	0x1303      	BCF        STATUS, 6
0x01BA	0x1306      	BCF        LCD_EN_Direction, BitPos(LCD_EN_Direction+0)
;__Lib_Lcd.c,87 :: 		
0x01BB	0x1106      	BCF        LCD_RS_Direction, BitPos(LCD_RS_Direction+0)
;__Lib_Lcd.c,88 :: 		
0x01BC	0x1006      	BCF        LCD_D4_Direction, BitPos(LCD_D4_Direction+0)
;__Lib_Lcd.c,89 :: 		
0x01BD	0x1086      	BCF        LCD_D5_Direction, BitPos(LCD_D5_Direction+0)
;__Lib_Lcd.c,90 :: 		
0x01BE	0x1106      	BCF        LCD_D6_Direction, BitPos(LCD_D6_Direction+0)
;__Lib_Lcd.c,91 :: 		
0x01BF	0x1186      	BCF        LCD_D7_Direction, BitPos(LCD_D7_Direction+0)
;__Lib_Lcd.c,93 :: 		
0x01C0	0x1283      	BCF        STATUS, 5
0x01C1	0x1306      	BCF        LCD_En, BitPos(LCD_En+0)
;__Lib_Lcd.c,94 :: 		
0x01C2	0x1286      	BCF        LCD_RS, BitPos(LCD_RS+0)
;__Lib_Lcd.c,95 :: 		
0x01C3	0x1186      	BCF        LCD_D7, BitPos(LCD_D7+0)
;__Lib_Lcd.c,96 :: 		
0x01C4	0x1106      	BCF        LCD_D6, BitPos(LCD_D6+0)
;__Lib_Lcd.c,97 :: 		
0x01C5	0x1086      	BCF        LCD_D5, BitPos(LCD_D5+0)
;__Lib_Lcd.c,98 :: 		
0x01C6	0x1006      	BCF        LCD_D4, BitPos(LCD_D4+0)
;__Lib_Lcd.c,100 :: 		
0x01C7	0x201E      	CALL       _Delay_5500us
;__Lib_Lcd.c,101 :: 		
0x01C8	0x201E      	CALL       _Delay_5500us
;__Lib_Lcd.c,102 :: 		
0x01C9	0x201E      	CALL       _Delay_5500us
;__Lib_Lcd.c,105 :: 		
0x01CA	0x1486      	BSF        LCD_D5, BitPos(LCD_D5+0)
;__Lib_Lcd.c,106 :: 		
0x01CB	0x1406      	BSF        LCD_D4, BitPos(LCD_D4+0)
;__Lib_Lcd.c,107 :: 		
0x01CC	0x1706      	BSF        LCD_En, BitPos(LCD_En+0)
;__Lib_Lcd.c,108 :: 		
0x01CD	0x201B      	CALL       _Delay_1us
;__Lib_Lcd.c,109 :: 		
0x01CE	0x1306      	BCF        LCD_En, BitPos(LCD_En+0)
;__Lib_Lcd.c,110 :: 		
0x01CF	0x201E      	CALL       _Delay_5500us
;__Lib_Lcd.c,112 :: 		
0x01D0	0x1706      	BSF        LCD_En, BitPos(LCD_En+0)
;__Lib_Lcd.c,113 :: 		
0x01D1	0x201B      	CALL       _Delay_1us
;__Lib_Lcd.c,114 :: 		
0x01D2	0x1306      	BCF        LCD_En, BitPos(LCD_En+0)
;__Lib_Lcd.c,115 :: 		
0x01D3	0x201E      	CALL       _Delay_5500us
;__Lib_Lcd.c,117 :: 		
0x01D4	0x1706      	BSF        LCD_En, BitPos(LCD_En+0)
;__Lib_Lcd.c,118 :: 		
0x01D5	0x201B      	CALL       _Delay_1us
;__Lib_Lcd.c,119 :: 		
0x01D6	0x1306      	BCF        LCD_En, BitPos(LCD_En+0)
;__Lib_Lcd.c,120 :: 		
0x01D7	0x201E      	CALL       _Delay_5500us
;__Lib_Lcd.c,123 :: 		
0x01D8	0x1006      	BCF        LCD_D4, BitPos(LCD_D4+0)
;__Lib_Lcd.c,124 :: 		
0x01D9	0x1706      	BSF        LCD_En, BitPos(LCD_En+0)
;__Lib_Lcd.c,125 :: 		
0x01DA	0x201B      	CALL       _Delay_1us
;__Lib_Lcd.c,126 :: 		
0x01DB	0x1306      	BCF        LCD_En, BitPos(LCD_En+0)
;__Lib_Lcd.c,127 :: 		
0x01DC	0x201E      	CALL       _Delay_5500us
;__Lib_Lcd.c,130 :: 		
0x01DD	0x1706      	BSF        LCD_En, BitPos(LCD_En+0)
;__Lib_Lcd.c,131 :: 		
0x01DE	0x201B      	CALL       _Delay_1us
;__Lib_Lcd.c,132 :: 		
0x01DF	0x1306      	BCF        LCD_En, BitPos(LCD_En+0)
;__Lib_Lcd.c,134 :: 		
0x01E0	0x1086      	BCF        LCD_D5, BitPos(LCD_D5+0)
;__Lib_Lcd.c,135 :: 		
0x01E1	0x1586      	BSF        LCD_D7, BitPos(LCD_D7+0)
;__Lib_Lcd.c,136 :: 		
0x01E2	0x1706      	BSF        LCD_En, BitPos(LCD_En+0)
;__Lib_Lcd.c,137 :: 		
0x01E3	0x201B      	CALL       _Delay_1us
;__Lib_Lcd.c,138 :: 		
0x01E4	0x1306      	BCF        LCD_En, BitPos(LCD_En+0)
;__Lib_Lcd.c,139 :: 		
0x01E5	0x201E      	CALL       _Delay_5500us
;__Lib_Lcd.c,142 :: 		
0x01E6	0x1186      	BCF        LCD_D7, BitPos(LCD_D7+0)
;__Lib_Lcd.c,143 :: 		
0x01E7	0x1406      	BSF        LCD_D4, BitPos(LCD_D4+0)
;__Lib_Lcd.c,144 :: 		
0x01E8	0x1706      	BSF        LCD_En, BitPos(LCD_En+0)
;__Lib_Lcd.c,145 :: 		
0x01E9	0x201B      	CALL       _Delay_1us
;__Lib_Lcd.c,146 :: 		
0x01EA	0x1306      	BCF        LCD_En, BitPos(LCD_En+0)
;__Lib_Lcd.c,148 :: 		
0x01EB	0x1006      	BCF        LCD_D4, BitPos(LCD_D4+0)
;__Lib_Lcd.c,149 :: 		
0x01EC	0x1706      	BSF        LCD_En, BitPos(LCD_En+0)
;__Lib_Lcd.c,150 :: 		
0x01ED	0x201B      	CALL       _Delay_1us
;__Lib_Lcd.c,151 :: 		
0x01EE	0x1306      	BCF        LCD_En, BitPos(LCD_En+0)
;__Lib_Lcd.c,152 :: 		
0x01EF	0x201E      	CALL       _Delay_5500us
;__Lib_Lcd.c,155 :: 		
0x01F0	0x1706      	BSF        LCD_En, BitPos(LCD_En+0)
;__Lib_Lcd.c,156 :: 		
0x01F1	0x201B      	CALL       _Delay_1us
;__Lib_Lcd.c,157 :: 		
0x01F2	0x1306      	BCF        LCD_En, BitPos(LCD_En+0)
;__Lib_Lcd.c,159 :: 		
0x01F3	0x1406      	BSF        LCD_D4, BitPos(LCD_D4+0)
;__Lib_Lcd.c,160 :: 		
0x01F4	0x1706      	BSF        LCD_En, BitPos(LCD_En+0)
;__Lib_Lcd.c,161 :: 		
0x01F5	0x201B      	CALL       _Delay_1us
;__Lib_Lcd.c,162 :: 		
0x01F6	0x1306      	BCF        LCD_En, BitPos(LCD_En+0)
;__Lib_Lcd.c,163 :: 		
0x01F7	0x201E      	CALL       _Delay_5500us
;__Lib_Lcd.c,166 :: 		
0x01F8	0x1006      	BCF        LCD_D4, BitPos(LCD_D4+0)
;__Lib_Lcd.c,167 :: 		
0x01F9	0x1706      	BSF        LCD_En, BitPos(LCD_En+0)
;__Lib_Lcd.c,168 :: 		
0x01FA	0x201B      	CALL       _Delay_1us
;__Lib_Lcd.c,169 :: 		
0x01FB	0x1306      	BCF        LCD_En, BitPos(LCD_En+0)
;__Lib_Lcd.c,171 :: 		
0x01FC	0x1586      	BSF        LCD_D7, BitPos(LCD_D7+0)
;__Lib_Lcd.c,172 :: 		
0x01FD	0x1506      	BSF        LCD_D6, BitPos(LCD_D6+0)
;__Lib_Lcd.c,173 :: 		
0x01FE	0x1486      	BSF        LCD_D5, BitPos(LCD_D5+0)
;__Lib_Lcd.c,174 :: 		
0x01FF	0x1406      	BSF        LCD_D4, BitPos(LCD_D4+0)
;__Lib_Lcd.c,175 :: 		
0x0200	0x1706      	BSF        LCD_En, BitPos(LCD_En+0)
;__Lib_Lcd.c,176 :: 		
0x0201	0x201B      	CALL       _Delay_1us
;__Lib_Lcd.c,177 :: 		
0x0202	0x1306      	BCF        LCD_En, BitPos(LCD_En+0)
;__Lib_Lcd.c,179 :: 		
0x0203	0x201E      	CALL       _Delay_5500us
;__Lib_Lcd.c,181 :: 		
0x0204	0x1683      	BSF        STATUS, 5
0x0205	0x146F      	BSF        __Lib_Lcd_cmd_status, BitPos(__Lib_Lcd_cmd_status+0)
;__Lib_Lcd.c,182 :: 		
L_end_Lcd_Init:
0x0206	0x0008      	RETURN
; end of _Lcd_Init
_PWM1_Stop:
;__Lib_PWM_c21.c,56 :: 		
;__Lib_PWM_c21.c,57 :: 		
0x0207	0x1683      	BSF        STATUS, 5
0x0208	0x1303      	BCF        STATUS, 6
0x0209	0x1507      	BSF        TRISC2_bit, BitPos(TRISC2_bit+0)
;__Lib_PWM_c21.c,58 :: 		
0x020A	0x30F0      	MOVLW      240
0x020B	0x1283      	BCF        STATUS, 5
0x020C	0x0597      	ANDWF      CCP1CON, 1
;__Lib_PWM_c21.c,59 :: 		
L_end_PWM1_Stop:
0x020D	0x0008      	RETURN
; end of _PWM1_Stop
_main:
0x020E	0x2598      	CALL       1432
;Door_lock.c,56 :: 		void main() {
;Door_lock.c,58 :: 		TRISA1_bit = 1;            // Logic state from sensor as >> input
0x020F	0x1683      	BSF        STATUS, 5
0x0210	0x1303      	BCF        STATUS, 6
0x0211	0x1485      	BSF        TRISA1_bit, BitPos(TRISA1_bit+0)
;Door_lock.c,59 :: 		TRISA2_bit = 0;            // Red LED as >> output
0x0212	0x1105      	BCF        TRISA2_bit, BitPos(TRISA2_bit+0)
;Door_lock.c,60 :: 		TRISA3_bit = 0;            // Green LED as >> output
0x0213	0x1185      	BCF        TRISA3_bit, BitPos(TRISA3_bit+0)
;Door_lock.c,61 :: 		TRISB = 0;                 // All PORTB as >> output
0x0214	0x0186      	CLRF       TRISB
;Door_lock.c,62 :: 		TRISC = 0;                 // All PORTC as >> output
0x0215	0x0187      	CLRF       TRISC
;Door_lock.c,63 :: 		TRISD = 1;                 // All PORTD as >> input
0x0216	0x3001      	MOVLW      1
0x0217	0x0088      	MOVWF      TRISD
;Door_lock.c,65 :: 		PORTC = 0;                 // Initially PORTC not active
0x0218	0x1283      	BCF        STATUS, 5
0x0219	0x0187      	CLRF       PORTC
;Door_lock.c,67 :: 		lcd_init();                // LCD lib initialize
0x021A	0x21B8      	CALL       _Lcd_Init
;Door_lock.c,68 :: 		keypad_init();             // keypad (3x4) lib initialize
0x021B	0x21AE      	CALL       _Keypad_Init
;Door_lock.c,69 :: 		PWM1_init(1000);           // PWM lib initialize
0x021C	0x1412      	BSF        T2CON, 0
0x021D	0x1492      	BSF        T2CON, 1
0x021E	0x307C      	MOVLW      124
0x021F	0x1683      	BSF        STATUS, 5
0x0220	0x0092      	MOVWF      PR2
0x0221	0x2134      	CALL       _PWM1_Init
;Door_lock.c,71 :: 		Delay_ms(600);
0x0222	0x3007      	MOVLW      7
0x0223	0x00FB      	MOVWF      R11
0x0224	0x3017      	MOVLW      23
0x0225	0x00FC      	MOVWF      R12
0x0226	0x306A      	MOVLW      106
0x0227	0x00FD      	MOVWF      R13
L_main1:
0x0228	0x0BFD      	DECFSZ     R13, 1
0x0229	0x2A28      	GOTO       L_main1
0x022A	0x0BFC      	DECFSZ     R12, 1
0x022B	0x2A28      	GOTO       L_main1
0x022C	0x0BFB      	DECFSZ     R11, 1
0x022D	0x2A28      	GOTO       L_main1
0x022E	0x0000      	NOP
;Door_lock.c,72 :: 		lcd_cmd(_LCD_CURSOR_OFF);    // LCD cursor off
0x022F	0x300C      	MOVLW      12
0x0230	0x1703      	BSF        STATUS, 6
0x0231	0x00AD      	MOVWF      FARG_Lcd_Cmd_out_char
0x0232	0x2032      	CALL       _Lcd_Cmd
;Door_lock.c,73 :: 		lcd_cmd(_LCD_CLEAR);         // LCD clear
0x0233	0x3001      	MOVLW      1
0x0234	0x1703      	BSF        STATUS, 6
0x0235	0x00AD      	MOVWF      FARG_Lcd_Cmd_out_char
0x0236	0x2032      	CALL       _Lcd_Cmd
;Door_lock.c,74 :: 		lcd_out(1,6,"START");
0x0237	0x3001      	MOVLW      1
0x0238	0x1703      	BSF        STATUS, 6
0x0239	0x00A4      	MOVWF      FARG_Lcd_Out_row
0x023A	0x3006      	MOVLW      6
0x023B	0x00A5      	MOVWF      FARG_Lcd_Out_column
0x023C	0x3043      	MOVLW      ?lstr1_Door_lock
0x023D	0x00A6      	MOVWF      FARG_Lcd_Out_text
0x023E	0x214C      	CALL       _Lcd_Out
;Door_lock.c,75 :: 		lcd_out(2,3,"Observe motor");
0x023F	0x3002      	MOVLW      2
0x0240	0x1283      	BCF        STATUS, 5
0x0241	0x1703      	BSF        STATUS, 6
0x0242	0x00A4      	MOVWF      FARG_Lcd_Out_row
0x0243	0x3003      	MOVLW      3
0x0244	0x00A5      	MOVWF      FARG_Lcd_Out_column
0x0245	0x3035      	MOVLW      ?lstr2_Door_lock
0x0246	0x00A6      	MOVWF      FARG_Lcd_Out_text
0x0247	0x214C      	CALL       _Lcd_Out
;Door_lock.c,76 :: 		Delay_ms(2000);
0x0248	0x3015      	MOVLW      21
0x0249	0x00FB      	MOVWF      R11
0x024A	0x304B      	MOVLW      75
0x024B	0x00FC      	MOVWF      R12
0x024C	0x30BE      	MOVLW      190
0x024D	0x00FD      	MOVWF      R13
L_main2:
0x024E	0x0BFD      	DECFSZ     R13, 1
0x024F	0x2A4E      	GOTO       L_main2
0x0250	0x0BFC      	DECFSZ     R12, 1
0x0251	0x2A4E      	GOTO       L_main2
0x0252	0x0BFB      	DECFSZ     R11, 1
0x0253	0x2A4E      	GOTO       L_main2
0x0254	0x0000      	NOP
;Door_lock.c,77 :: 		PWM1_Start();                // PWM signal ON
0x0255	0x213A      	CALL       _PWM1_Start
;Door_lock.c,78 :: 		PORTC.B0 = 1;                // Motor ON, rotate right to lock
0x0256	0x1407      	BSF        PORTC, 0
;Door_lock.c,79 :: 		PWM1_Set_Duty(120);          // Rotation speed
0x0257	0x3078      	MOVLW      120
0x0258	0x1703      	BSF        STATUS, 6
0x0259	0x00A4      	MOVWF      FARG_PWM1_Set_Duty_new_duty
0x025A	0x20F9      	CALL       _PWM1_Set_Duty
;Door_lock.c,80 :: 		Delay_ms(500);               // Rotation time
0x025B	0x3006      	MOVLW      6
0x025C	0x00FB      	MOVWF      R11
0x025D	0x3013      	MOVLW      19
0x025E	0x00FC      	MOVWF      R12
0x025F	0x30AD      	MOVLW      173
0x0260	0x00FD      	MOVWF      R13
L_main3:
0x0261	0x0BFD      	DECFSZ     R13, 1
0x0262	0x2A61      	GOTO       L_main3
0x0263	0x0BFC      	DECFSZ     R12, 1
0x0264	0x2A61      	GOTO       L_main3
0x0265	0x0BFB      	DECFSZ     R11, 1
0x0266	0x2A61      	GOTO       L_main3
0x0267	0x0000      	NOP
0x0268	0x0000      	NOP
;Door_lock.c,81 :: 		PWM1_Stop();                 // PWM signal OFF
0x0269	0x2207      	CALL       _PWM1_Stop
;Door_lock.c,82 :: 		PORTC.B0 = 0;                // Motor OFF
0x026A	0x1007      	BCF        PORTC, 0
;Door_lock.c,83 :: 		lcd_cmd(_LCD_CLEAR);
0x026B	0x3001      	MOVLW      1
0x026C	0x1703      	BSF        STATUS, 6
0x026D	0x00AD      	MOVWF      FARG_Lcd_Cmd_out_char
0x026E	0x2032      	CALL       _Lcd_Cmd
;Door_lock.c,84 :: 		lcd_out(2,6,"LOCKED");
0x026F	0x3002      	MOVLW      2
0x0270	0x1703      	BSF        STATUS, 6
0x0271	0x00A4      	MOVWF      FARG_Lcd_Out_row
0x0272	0x3006      	MOVLW      6
0x0273	0x00A5      	MOVWF      FARG_Lcd_Out_column
0x0274	0x302E      	MOVLW      ?lstr3_Door_lock
0x0275	0x00A6      	MOVWF      FARG_Lcd_Out_text
0x0276	0x214C      	CALL       _Lcd_Out
;Door_lock.c,85 :: 		PORTA.B2 = 1;                // LED red ON
0x0277	0x1283      	BCF        STATUS, 5
0x0278	0x1505      	BSF        PORTA, 2
;Door_lock.c,86 :: 		PORTC.B6 = 1;                // Buzzer ON
0x0279	0x1707      	BSF        PORTC, 6
;Door_lock.c,87 :: 		Delay_ms(1000);
0x027A	0x300B      	MOVLW      11
0x027B	0x00FB      	MOVWF      R11
0x027C	0x3026      	MOVLW      38
0x027D	0x00FC      	MOVWF      R12
0x027E	0x305D      	MOVLW      93
0x027F	0x00FD      	MOVWF      R13
L_main4:
0x0280	0x0BFD      	DECFSZ     R13, 1
0x0281	0x2A80      	GOTO       L_main4
0x0282	0x0BFC      	DECFSZ     R12, 1
0x0283	0x2A80      	GOTO       L_main4
0x0284	0x0BFB      	DECFSZ     R11, 1
0x0285	0x2A80      	GOTO       L_main4
0x0286	0x0000      	NOP
0x0287	0x0000      	NOP
;Door_lock.c,88 :: 		PORTA.B2 = 0;                // LED red OFF
0x0288	0x1105      	BCF        PORTA, 2
;Door_lock.c,89 :: 		PORTC.B6 = 0;                // Buzzer OFF
0x0289	0x1307      	BCF        PORTC, 6
;Door_lock.c,90 :: 		lcd_cmd(_LCD_CLEAR);
0x028A	0x3001      	MOVLW      1
0x028B	0x1703      	BSF        STATUS, 6
0x028C	0x00AD      	MOVWF      FARG_Lcd_Cmd_out_char
0x028D	0x2032      	CALL       _Lcd_Cmd
;Door_lock.c,91 :: 		lcd_out(1,2,"SENSOR ACTIVE");
0x028E	0x3001      	MOVLW      1
0x028F	0x1703      	BSF        STATUS, 6
0x0290	0x00A4      	MOVWF      FARG_Lcd_Out_row
0x0291	0x3002      	MOVLW      2
0x0292	0x00A5      	MOVWF      FARG_Lcd_Out_column
0x0293	0x3020      	MOVLW      ?lstr4_Door_lock
0x0294	0x00A6      	MOVWF      FARG_Lcd_Out_text
0x0295	0x214C      	CALL       _Lcd_Out
;Door_lock.c,92 :: 		Delay_ms(2000);
0x0296	0x3015      	MOVLW      21
0x0297	0x00FB      	MOVWF      R11
0x0298	0x304B      	MOVLW      75
0x0299	0x00FC      	MOVWF      R12
0x029A	0x30BE      	MOVLW      190
0x029B	0x00FD      	MOVWF      R13
L_main5:
0x029C	0x0BFD      	DECFSZ     R13, 1
0x029D	0x2A9C      	GOTO       L_main5
0x029E	0x0BFC      	DECFSZ     R12, 1
0x029F	0x2A9C      	GOTO       L_main5
0x02A0	0x0BFB      	DECFSZ     R11, 1
0x02A1	0x2A9C      	GOTO       L_main5
0x02A2	0x0000      	NOP
;Door_lock.c,93 :: 		lcd_cmd(_LCD_CLEAR);
0x02A3	0x3001      	MOVLW      1
0x02A4	0x1283      	BCF        STATUS, 5
0x02A5	0x1703      	BSF        STATUS, 6
0x02A6	0x00AD      	MOVWF      FARG_Lcd_Cmd_out_char
0x02A7	0x2032      	CALL       _Lcd_Cmd
;Door_lock.c,95 :: 		point1:
___main_point1:
;Door_lock.c,97 :: 		t=0; a=0; b=0; q=0; x=0;
0x02A8	0x1683      	BSF        STATUS, 5
0x02A9	0x01ED      	CLRF       _t
0x02AA	0x01EE      	CLRF       _t+1
0x02AB	0x1283      	BCF        STATUS, 5
0x02AC	0x1703      	BSF        STATUS, 6
0x02AD	0x0195      	CLRF       _a
0x02AE	0x0196      	CLRF       _a+1
0x02AF	0x019B      	CLRF       _b
0x02B0	0x019C      	CLRF       _b+1
0x02B1	0x0199      	CLRF       _q
0x02B2	0x019A      	CLRF       _q+1
0x02B3	0x0197      	CLRF       _x
0x02B4	0x0198      	CLRF       _x+1
;Door_lock.c,98 :: 		ADCON1 = 0x0F;                 // Switch OFF ADC all ports
0x02B5	0x300F      	MOVLW      15
0x02B6	0x1683      	BSF        STATUS, 5
0x02B7	0x1303      	BCF        STATUS, 6
0x02B8	0x009F      	MOVWF      ADCON1
;Door_lock.c,99 :: 		if(PORTA.B1 == 0)            // Check sensor >> 1= person / 0= no person
0x02B9	0x1283      	BCF        STATUS, 5
0x02BA	0x1885      	BTFSC      PORTA, 1
0x02BB	0x2AE1      	GOTO       L_main6
;Door_lock.c,100 :: 		{ Delay_ms(700);          // RA1 pin reads sensor intput
0x02BC	0x3008      	MOVLW      8
0x02BD	0x00FB      	MOVWF      R11
0x02BE	0x301B      	MOVLW      27
0x02BF	0x00FC      	MOVWF      R12
0x02C0	0x3027      	MOVLW      39
0x02C1	0x00FD      	MOVWF      R13
L_main7:
0x02C2	0x0BFD      	DECFSZ     R13, 1
0x02C3	0x2AC2      	GOTO       L_main7
0x02C4	0x0BFC      	DECFSZ     R12, 1
0x02C5	0x2AC2      	GOTO       L_main7
0x02C6	0x0BFB      	DECFSZ     R11, 1
0x02C7	0x2AC2      	GOTO       L_main7
;Door_lock.c,101 :: 		lcd_out(2,5,"LCD OFF"); // Turn LCD off to save power
0x02C8	0x3002      	MOVLW      2
0x02C9	0x1703      	BSF        STATUS, 6
0x02CA	0x00A4      	MOVWF      FARG_Lcd_Out_row
0x02CB	0x3005      	MOVLW      5
0x02CC	0x00A5      	MOVWF      FARG_Lcd_Out_column
0x02CD	0x3049      	MOVLW      ?lstr5_Door_lock
0x02CE	0x00A6      	MOVWF      FARG_Lcd_Out_text
0x02CF	0x214C      	CALL       _Lcd_Out
;Door_lock.c,102 :: 		Delay_ms(1600);
0x02D0	0x3011      	MOVLW      17
0x02D1	0x00FB      	MOVWF      R11
0x02D2	0x303C      	MOVLW      60
0x02D3	0x00FC      	MOVWF      R12
0x02D4	0x30CB      	MOVLW      203
0x02D5	0x00FD      	MOVWF      R13
L_main8:
0x02D6	0x0BFD      	DECFSZ     R13, 1
0x02D7	0x2AD6      	GOTO       L_main8
0x02D8	0x0BFC      	DECFSZ     R12, 1
0x02D9	0x2AD6      	GOTO       L_main8
0x02DA	0x0BFB      	DECFSZ     R11, 1
0x02DB	0x2AD6      	GOTO       L_main8
;Door_lock.c,103 :: 		lcd_cmd(_LCD_CLEAR);
0x02DC	0x3001      	MOVLW      1
0x02DD	0x1283      	BCF        STATUS, 5
0x02DE	0x1703      	BSF        STATUS, 6
0x02DF	0x00AD      	MOVWF      FARG_Lcd_Cmd_out_char
0x02E0	0x2032      	CALL       _Lcd_Cmd
;Door_lock.c,104 :: 		}
L_main6:
;Door_lock.c,105 :: 		do
L_main9:
;Door_lock.c,107 :: 		if(PORTA.B1 == 1)
0x02E1	0x1C85      	BTFSS      PORTA, 1
0x02E2	0x2AE4      	GOTO       L_main12
;Door_lock.c,108 :: 		{  break;  }
0x02E3	0x2AE6      	GOTO       L_main10
L_main12:
;Door_lock.c,109 :: 		}while(!PORTA.B1);          // Loop until sensor detect person
0x02E4	0x1C85      	BTFSS      PORTA, 1
0x02E5	0x2AE1      	GOTO       L_main9
L_main10:
;Door_lock.c,111 :: 		lcd_cmd(_LCD_CLEAR);
0x02E6	0x3001      	MOVLW      1
0x02E7	0x1703      	BSF        STATUS, 6
0x02E8	0x00AD      	MOVWF      FARG_Lcd_Cmd_out_char
0x02E9	0x2032      	CALL       _Lcd_Cmd
;Door_lock.c,112 :: 		lcd_out(1,1,"Please Input key");
0x02EA	0x3001      	MOVLW      1
0x02EB	0x1703      	BSF        STATUS, 6
0x02EC	0x00A4      	MOVWF      FARG_Lcd_Out_row
0x02ED	0x3001      	MOVLW      1
0x02EE	0x00A5      	MOVWF      FARG_Lcd_Out_column
0x02EF	0x30C5      	MOVLW      ?lstr6_Door_lock
0x02F0	0x00A6      	MOVWF      FARG_Lcd_Out_text
0x02F1	0x214C      	CALL       _Lcd_Out
;Door_lock.c,113 :: 		lcd_out(2,7,"");
0x02F2	0x3002      	MOVLW      2
0x02F3	0x1283      	BCF        STATUS, 5
0x02F4	0x1703      	BSF        STATUS, 6
0x02F5	0x00A4      	MOVWF      FARG_Lcd_Out_row
0x02F6	0x3007      	MOVLW      7
0x02F7	0x00A5      	MOVWF      FARG_Lcd_Out_column
0x02F8	0x306E      	MOVLW      ?lstr7_Door_lock
0x02F9	0x00A6      	MOVWF      FARG_Lcd_Out_text
0x02FA	0x214C      	CALL       _Lcd_Out
;Door_lock.c,115 :: 		point_timer:
___main_point_timer:
;Door_lock.c,117 :: 		cnt = 0;             // set interrupts count to '0'
0x02FB	0x1283      	BCF        STATUS, 5
0x02FC	0x1703      	BSF        STATUS, 6
0x02FD	0x019F      	CLRF       _cnt
0x02FE	0x01A0      	CLRF       _cnt+1
;Door_lock.c,118 :: 		InitTimer0();        // Interrupt timer start
0x02FF	0x2142      	CALL       _InitTimer0
;Door_lock.c,120 :: 		while(1)
L_main13:
;Door_lock.c,122 :: 		do{
L_main15:
0x0300	0x1283      	BCF        STATUS, 5
;Door_lock.c,123 :: 		if (cnt >= 1500)    // 15s; after 1500 interrupts,(9.984ms x 1500)
0x0301	0x3005      	MOVLW      5
0x0302	0x1703      	BSF        STATUS, 6
0x0303	0x0220      	SUBWF      _cnt+1, 0
0x0304	0x1D03      	BTFSS      STATUS, 2
0x0305	0x2B08      	GOTO       L__main60
0x0306	0x30DC      	MOVLW      220
0x0307	0x021F      	SUBWF      _cnt, 0
L__main60:
0x0308	0x1C03      	BTFSS      STATUS, 0
0x0309	0x2B13      	GOTO       L_main18
;Door_lock.c,125 :: 		if(PORTA.B1==0)           // Sensor logic : '0'
0x030A	0x1303      	BCF        STATUS, 6
0x030B	0x1885      	BTFSC      PORTA, 1
0x030C	0x2B12      	GOTO       L_main19
;Door_lock.c,126 :: 		{ lcd_cmd(_LCD_CLEAR);
0x030D	0x3001      	MOVLW      1
0x030E	0x1703      	BSF        STATUS, 6
0x030F	0x00AD      	MOVWF      FARG_Lcd_Cmd_out_char
0x0310	0x2032      	CALL       _Lcd_Cmd
;Door_lock.c,127 :: 		goto point1; }        // wait until timer 15s; goto point1
0x0311	0x2AA8      	GOTO       ___main_point1
L_main19:
;Door_lock.c,129 :: 		{ goto point_timer; }   // Sensor logic 1, goto point_timer
0x0312	0x2AFB      	GOTO       ___main_point_timer
;Door_lock.c,130 :: 		}                          //    and loop timer
L_main18:
;Door_lock.c,131 :: 		kp = 0;
0x0313	0x1703      	BSF        STATUS, 6
0x0314	0x01A1      	CLRF       _kp
;Door_lock.c,132 :: 		kp = Keypad_Key_Click();     // store key code in kp variable
0x0315	0x219F      	CALL       _Keypad_Key_Click
0x0316	0x0870      	MOVF       R0, 0
0x0317	0x00A1      	MOVWF      _kp
;Door_lock.c,133 :: 		} while(!kp);                // loop until key click
0x0318	0x0870      	MOVF       R0, 0
0x0319	0x1903      	BTFSC      STATUS, 2
0x031A	0x2B00      	GOTO       L_main15
;Door_lock.c,135 :: 		switch(kp) // when key click assign value to kp
0x031B	0x2B6E      	GOTO       L_main21
;Door_lock.c,137 :: 		/* 3 */   case 1  : kp = 51; q+=b*3; break;   // q = 9
L_main23:
0x031C	0x3033      	MOVLW      51
0x031D	0x00A1      	MOVWF      _kp
0x031E	0x081B      	MOVF       _b, 0
0x031F	0x00F0      	MOVWF      R0
0x0320	0x081C      	MOVF       _b+1, 0
0x0321	0x00F1      	MOVWF      R0+1
0x0322	0x3003      	MOVLW      3
0x0323	0x00F4      	MOVWF      R4
0x0324	0x3000      	MOVLW      0
0x0325	0x00F5      	MOVWF      R4+1
0x0326	0x2087      	CALL       _Mul_16X16_U
0x0327	0x0870      	MOVF       R0, 0
0x0328	0x1703      	BSF        STATUS, 6
0x0329	0x0799      	ADDWF      _q, 1
0x032A	0x0871      	MOVF       R0+1, 0
0x032B	0x1803      	BTFSC      STATUS, 0
0x032C	0x3E01      	ADDLW      1
0x032D	0x079A      	ADDWF      _q+1, 1
0x032E	0x2B9E      	GOTO       L_main22
;Door_lock.c,138 :: 		/* 2 */   case 2  : kp = 50; b+=a+2; break;   // b = 3
L_main24:
0x032F	0x3032      	MOVLW      50
0x0330	0x00A1      	MOVWF      _kp
0x0331	0x3002      	MOVLW      2
0x0332	0x0715      	ADDWF      _a, 0
0x0333	0x00F0      	MOVWF      R0
0x0334	0x0816      	MOVF       _a+1, 0
0x0335	0x1803      	BTFSC      STATUS, 0
0x0336	0x3E01      	ADDLW      1
0x0337	0x00F1      	MOVWF      R0+1
0x0338	0x0870      	MOVF       R0, 0
0x0339	0x079B      	ADDWF      _b, 1
0x033A	0x0871      	MOVF       R0+1, 0
0x033B	0x1803      	BTFSC      STATUS, 0
0x033C	0x3E01      	ADDLW      1
0x033D	0x079C      	ADDWF      _b+1, 1
0x033E	0x2B9E      	GOTO       L_main22
;Door_lock.c,139 :: 		/* 1 */   case 3  : kp = 49; a+=1;   break;   // a = 1
L_main25:
0x033F	0x3031      	MOVLW      49
0x0340	0x00A1      	MOVWF      _kp
0x0341	0x0A95      	INCF       _a, 1
0x0342	0x1903      	BTFSC      STATUS, 2
0x0343	0x0A96      	INCF       _a+1, 1
0x0344	0x2B9E      	GOTO       L_main22
;Door_lock.c,140 :: 		/* 6 */   case 5  : kp = 54;         break;
L_main26:
0x0345	0x3036      	MOVLW      54
0x0346	0x00A1      	MOVWF      _kp
0x0347	0x2B9E      	GOTO       L_main22
;Door_lock.c,141 :: 		/* 4 */   case 7  : kp = 52; x+=q-4; break;   // x = 5
L_main27:
0x0348	0x3034      	MOVLW      52
0x0349	0x00A1      	MOVWF      _kp
0x034A	0x3004      	MOVLW      4
0x034B	0x0219      	SUBWF      _q, 0
0x034C	0x00F0      	MOVWF      R0
0x034D	0x3000      	MOVLW      0
0x034E	0x1C03      	BTFSS      STATUS, 0
0x034F	0x3E01      	ADDLW      1
0x0350	0x021A      	SUBWF      _q+1, 0
0x0351	0x00F1      	MOVWF      R0+1
0x0352	0x0870      	MOVF       R0, 0
0x0353	0x0797      	ADDWF      _x, 1
0x0354	0x0871      	MOVF       R0+1, 0
0x0355	0x1803      	BTFSC      STATUS, 0
0x0356	0x3E01      	ADDLW      1
0x0357	0x0798      	ADDWF      _x+1, 1
0x0358	0x2B9E      	GOTO       L_main22
;Door_lock.c,142 :: 		/* 5 */   case 6  : kp = 53;         break;
L_main28:
0x0359	0x3035      	MOVLW      53
0x035A	0x00A1      	MOVWF      _kp
0x035B	0x2B9E      	GOTO       L_main22
;Door_lock.c,143 :: 		/* 9 */   case 9  : kp = 57;         break;
L_main29:
0x035C	0x3039      	MOVLW      57
0x035D	0x00A1      	MOVWF      _kp
0x035E	0x2B9E      	GOTO       L_main22
;Door_lock.c,144 :: 		/* 8 */   case 10 : kp = 56;         break;
L_main30:
0x035F	0x3038      	MOVLW      56
0x0360	0x00A1      	MOVWF      _kp
0x0361	0x2B9E      	GOTO       L_main22
;Door_lock.c,145 :: 		/* 7 */   case 11 : kp = 55;         break;
L_main31:
0x0362	0x3037      	MOVLW      55
0x0363	0x00A1      	MOVWF      _kp
0x0364	0x2B9E      	GOTO       L_main22
;Door_lock.c,146 :: 		/* # */   case 13 : kp = 35;         break;
L_main32:
0x0365	0x3023      	MOVLW      35
0x0366	0x00A1      	MOVWF      _kp
0x0367	0x2B9E      	GOTO       L_main22
;Door_lock.c,147 :: 		/* 0 */   case 14 : kp = 48;         break;
L_main33:
0x0368	0x3030      	MOVLW      48
0x0369	0x00A1      	MOVWF      _kp
0x036A	0x2B9E      	GOTO       L_main22
;Door_lock.c,148 :: 		/* * */   case 15 : kp = 42;         break;
L_main34:
0x036B	0x302A      	MOVLW      42
0x036C	0x00A1      	MOVWF      _kp
0x036D	0x2B9E      	GOTO       L_main22
;Door_lock.c,149 :: 		}
L_main21:
0x036E	0x0821      	MOVF       _kp, 0
0x036F	0x3A01      	XORLW      1
0x0370	0x1903      	BTFSC      STATUS, 2
0x0371	0x2B1C      	GOTO       L_main23
0x0372	0x0821      	MOVF       _kp, 0
0x0373	0x3A02      	XORLW      2
0x0374	0x1903      	BTFSC      STATUS, 2
0x0375	0x2B2F      	GOTO       L_main24
0x0376	0x0821      	MOVF       _kp, 0
0x0377	0x3A03      	XORLW      3
0x0378	0x1903      	BTFSC      STATUS, 2
0x0379	0x2B3F      	GOTO       L_main25
0x037A	0x0821      	MOVF       _kp, 0
0x037B	0x3A05      	XORLW      5
0x037C	0x1903      	BTFSC      STATUS, 2
0x037D	0x2B45      	GOTO       L_main26
0x037E	0x0821      	MOVF       _kp, 0
0x037F	0x3A07      	XORLW      7
0x0380	0x1903      	BTFSC      STATUS, 2
0x0381	0x2B48      	GOTO       L_main27
0x0382	0x0821      	MOVF       _kp, 0
0x0383	0x3A06      	XORLW      6
0x0384	0x1903      	BTFSC      STATUS, 2
0x0385	0x2B59      	GOTO       L_main28
0x0386	0x0821      	MOVF       _kp, 0
0x0387	0x3A09      	XORLW      9
0x0388	0x1903      	BTFSC      STATUS, 2
0x0389	0x2B5C      	GOTO       L_main29
0x038A	0x0821      	MOVF       _kp, 0
0x038B	0x3A0A      	XORLW      10
0x038C	0x1903      	BTFSC      STATUS, 2
0x038D	0x2B5F      	GOTO       L_main30
0x038E	0x0821      	MOVF       _kp, 0
0x038F	0x3A0B      	XORLW      11
0x0390	0x1903      	BTFSC      STATUS, 2
0x0391	0x2B62      	GOTO       L_main31
0x0392	0x0821      	MOVF       _kp, 0
0x0393	0x3A0D      	XORLW      13
0x0394	0x1903      	BTFSC      STATUS, 2
0x0395	0x2B65      	GOTO       L_main32
0x0396	0x0821      	MOVF       _kp, 0
0x0397	0x3A0E      	XORLW      14
0x0398	0x1903      	BTFSC      STATUS, 2
0x0399	0x2B68      	GOTO       L_main33
0x039A	0x0821      	MOVF       _kp, 0
0x039B	0x3A0F      	XORLW      15
0x039C	0x1903      	BTFSC      STATUS, 2
0x039D	0x2B6B      	GOTO       L_main34
L_main22:
;Door_lock.c,150 :: 		Lcd_Chr_Cp(kp); //display key press at current cursor position
0x039E	0x0821      	MOVF       _kp, 0
0x039F	0x00A8      	MOVWF      FARG_Lcd_Chr_CP_out_char
0x03A0	0x207C      	CALL       _Lcd_Chr_CP
;Door_lock.c,151 :: 		t++;
0x03A1	0x0AED      	INCF       _t, 1
0x03A2	0x1903      	BTFSC      STATUS, 2
0x03A3	0x0AEE      	INCF       _t+1, 1
;Door_lock.c,152 :: 		if(t>=4)        // count until 4 pin input
0x03A4	0x3080      	MOVLW      128
0x03A5	0x066E      	XORWF      _t+1, 0
0x03A6	0x00F0      	MOVWF      R0
0x03A7	0x3080      	MOVLW      128
0x03A8	0x0270      	SUBWF      R0, 0
0x03A9	0x1D03      	BTFSS      STATUS, 2
0x03AA	0x2BAD      	GOTO       L__main61
0x03AB	0x3004      	MOVLW      4
0x03AC	0x026D      	SUBWF      _t, 0
L__main61:
0x03AD	0x1C03      	BTFSS      STATUS, 0
0x03AE	0x2C64      	GOTO       L_main35
;Door_lock.c,154 :: 		if(x==5)       // if pin matched do this part
0x03AF	0x3000      	MOVLW      0
0x03B0	0x1283      	BCF        STATUS, 5
0x03B1	0x1703      	BSF        STATUS, 6
0x03B2	0x0618      	XORWF      _x+1, 0
0x03B3	0x1D03      	BTFSS      STATUS, 2
0x03B4	0x2BB7      	GOTO       L__main62
0x03B5	0x3005      	MOVLW      5
0x03B6	0x0617      	XORWF      _x, 0
L__main62:
0x03B7	0x1D03      	BTFSS      STATUS, 2
0x03B8	0x2BF7      	GOTO       L_main36
;Door_lock.c,156 :: 		Delay_ms(500);
0x03B9	0x3006      	MOVLW      6
0x03BA	0x00FB      	MOVWF      R11
0x03BB	0x3013      	MOVLW      19
0x03BC	0x00FC      	MOVWF      R12
0x03BD	0x30AD      	MOVLW      173
0x03BE	0x00FD      	MOVWF      R13
L_main37:
0x03BF	0x0BFD      	DECFSZ     R13, 1
0x03C0	0x2BBF      	GOTO       L_main37
0x03C1	0x0BFC      	DECFSZ     R12, 1
0x03C2	0x2BBF      	GOTO       L_main37
0x03C3	0x0BFB      	DECFSZ     R11, 1
0x03C4	0x2BBF      	GOTO       L_main37
0x03C5	0x0000      	NOP
0x03C6	0x0000      	NOP
;Door_lock.c,157 :: 		lcd_cmd(_LCD_CLEAR);
0x03C7	0x3001      	MOVLW      1
0x03C8	0x00AD      	MOVWF      FARG_Lcd_Cmd_out_char
0x03C9	0x2032      	CALL       _Lcd_Cmd
;Door_lock.c,158 :: 		lcd_cmd(_LCD_CURSOR_OFF);
0x03CA	0x300C      	MOVLW      12
0x03CB	0x1703      	BSF        STATUS, 6
0x03CC	0x00AD      	MOVWF      FARG_Lcd_Cmd_out_char
0x03CD	0x2032      	CALL       _Lcd_Cmd
;Door_lock.c,159 :: 		Lcd_out(1,6,"DOOR");
0x03CE	0x3001      	MOVLW      1
0x03CF	0x1703      	BSF        STATUS, 6
0x03D0	0x00A4      	MOVWF      FARG_Lcd_Out_row
0x03D1	0x3006      	MOVLW      6
0x03D2	0x00A5      	MOVWF      FARG_Lcd_Out_column
0x03D3	0x3010      	MOVLW      ?lstr8_Door_lock
0x03D4	0x00A6      	MOVWF      FARG_Lcd_Out_text
0x03D5	0x214C      	CALL       _Lcd_Out
;Door_lock.c,160 :: 		PORTA.B3 = 1;
0x03D6	0x1283      	BCF        STATUS, 5
0x03D7	0x1585      	BSF        PORTA, 3
;Door_lock.c,161 :: 		Lcd_out(2,5,"UNLOCKED");
0x03D8	0x3002      	MOVLW      2
0x03D9	0x1703      	BSF        STATUS, 6
0x03DA	0x00A4      	MOVWF      FARG_Lcd_Out_row
0x03DB	0x3005      	MOVLW      5
0x03DC	0x00A5      	MOVWF      FARG_Lcd_Out_column
0x03DD	0x30E4      	MOVLW      ?lstr9_Door_lock
0x03DE	0x00A6      	MOVWF      FARG_Lcd_Out_text
0x03DF	0x214C      	CALL       _Lcd_Out
;Door_lock.c,163 :: 		PWM1_Start();            // Motor(Left - Unlock)
0x03E0	0x213A      	CALL       _PWM1_Start
;Door_lock.c,164 :: 		PORTC.B1 = 1;
0x03E1	0x1487      	BSF        PORTC, 1
;Door_lock.c,165 :: 		PWM1_Set_Duty(200);
0x03E2	0x30C8      	MOVLW      200
0x03E3	0x1703      	BSF        STATUS, 6
0x03E4	0x00A4      	MOVWF      FARG_PWM1_Set_Duty_new_duty
0x03E5	0x20F9      	CALL       _PWM1_Set_Duty
;Door_lock.c,166 :: 		Delay_ms(300);
0x03E6	0x3004      	MOVLW      4
0x03E7	0x00FB      	MOVWF      R11
0x03E8	0x300C      	MOVLW      12
0x03E9	0x00FC      	MOVWF      R12
0x03EA	0x3033      	MOVLW      51
0x03EB	0x00FD      	MOVWF      R13
L_main38:
0x03EC	0x0BFD      	DECFSZ     R13, 1
0x03ED	0x2BEC      	GOTO       L_main38
0x03EE	0x0BFC      	DECFSZ     R12, 1
0x03EF	0x2BEC      	GOTO       L_main38
0x03F0	0x0BFB      	DECFSZ     R11, 1
0x03F1	0x2BEC      	GOTO       L_main38
0x03F2	0x0000      	NOP
0x03F3	0x0000      	NOP
;Door_lock.c,167 :: 		PWM1_Stop();
0x03F4	0x2207      	CALL       _PWM1_Stop
;Door_lock.c,168 :: 		PORTC.B1 = 0;
0x03F5	0x1087      	BCF        PORTC, 1
;Door_lock.c,169 :: 		goto point2;
0x03F6	0x2C65      	GOTO       ___main_point2
;Door_lock.c,170 :: 		}
L_main36:
;Door_lock.c,173 :: 		Delay_ms(100);  PORTA.B2 = 1;   // Red LED blink
0x03F7	0x3002      	MOVLW      2
0x03F8	0x00FB      	MOVWF      R11
0x03F9	0x3004      	MOVLW      4
0x03FA	0x00FC      	MOVWF      R12
0x03FB	0x30BA      	MOVLW      186
0x03FC	0x00FD      	MOVWF      R13
L_main40:
0x03FD	0x1303      	BCF        STATUS, 6
0x03FE	0x0BFD      	DECFSZ     R13, 1
0x03FF	0x2BFD      	GOTO       L_main40
0x0400	0x0BFC      	DECFSZ     R12, 1
0x0401	0x2BFD      	GOTO       L_main40
0x0402	0x0BFB      	DECFSZ     R11, 1
0x0403	0x2BFD      	GOTO       L_main40
0x0404	0x0000      	NOP
0x0405	0x1505      	BSF        PORTA, 2
;Door_lock.c,174 :: 		Delay_ms(150);  PORTA.B2 = 0;
0x0406	0x3002      	MOVLW      2
0x0407	0x00FB      	MOVWF      R11
0x0408	0x3086      	MOVLW      134
0x0409	0x00FC      	MOVWF      R12
0x040A	0x3099      	MOVLW      153
0x040B	0x00FD      	MOVWF      R13
L_main41:
0x040C	0x0BFD      	DECFSZ     R13, 1
0x040D	0x2C0C      	GOTO       L_main41
0x040E	0x0BFC      	DECFSZ     R12, 1
0x040F	0x2C0C      	GOTO       L_main41
0x0410	0x0BFB      	DECFSZ     R11, 1
0x0411	0x2C0C      	GOTO       L_main41
0x0412	0x1105      	BCF        PORTA, 2
;Door_lock.c,175 :: 		Delay_ms(120);  PORTA.B2 = 1;
0x0413	0x3002      	MOVLW      2
0x0414	0x00FB      	MOVWF      R11
0x0415	0x3038      	MOVLW      56
0x0416	0x00FC      	MOVWF      R12
0x0417	0x30AD      	MOVLW      173
0x0418	0x00FD      	MOVWF      R13
L_main42:
0x0419	0x0BFD      	DECFSZ     R13, 1
0x041A	0x2C19      	GOTO       L_main42
0x041B	0x0BFC      	DECFSZ     R12, 1
0x041C	0x2C19      	GOTO       L_main42
0x041D	0x0BFB      	DECFSZ     R11, 1
0x041E	0x2C19      	GOTO       L_main42
0x041F	0x1505      	BSF        PORTA, 2
;Door_lock.c,176 :: 		Delay_ms(150);  PORTA.B2 = 0;
0x0420	0x3002      	MOVLW      2
0x0421	0x00FB      	MOVWF      R11
0x0422	0x3086      	MOVLW      134
0x0423	0x00FC      	MOVWF      R12
0x0424	0x3099      	MOVLW      153
0x0425	0x00FD      	MOVWF      R13
L_main43:
0x0426	0x0BFD      	DECFSZ     R13, 1
0x0427	0x2C26      	GOTO       L_main43
0x0428	0x0BFC      	DECFSZ     R12, 1
0x0429	0x2C26      	GOTO       L_main43
0x042A	0x0BFB      	DECFSZ     R11, 1
0x042B	0x2C26      	GOTO       L_main43
0x042C	0x1105      	BCF        PORTA, 2
;Door_lock.c,177 :: 		Delay_ms(120);  PORTA.B2 = 1;   // LED stay ON
0x042D	0x3002      	MOVLW      2
0x042E	0x00FB      	MOVWF      R11
0x042F	0x3038      	MOVLW      56
0x0430	0x00FC      	MOVWF      R12
0x0431	0x30AD      	MOVLW      173
0x0432	0x00FD      	MOVWF      R13
L_main44:
0x0433	0x0BFD      	DECFSZ     R13, 1
0x0434	0x2C33      	GOTO       L_main44
0x0435	0x0BFC      	DECFSZ     R12, 1
0x0436	0x2C33      	GOTO       L_main44
0x0437	0x0BFB      	DECFSZ     R11, 1
0x0438	0x2C33      	GOTO       L_main44
0x0439	0x1505      	BSF        PORTA, 2
;Door_lock.c,179 :: 		lcd_cmd(_LCD_CLEAR);
0x043A	0x3001      	MOVLW      1
0x043B	0x1703      	BSF        STATUS, 6
0x043C	0x00AD      	MOVWF      FARG_Lcd_Cmd_out_char
0x043D	0x2032      	CALL       _Lcd_Cmd
;Door_lock.c,180 :: 		Lcd_out(1,3,"Access denied");
0x043E	0x3001      	MOVLW      1
0x043F	0x1703      	BSF        STATUS, 6
0x0440	0x00A4      	MOVWF      FARG_Lcd_Out_row
0x0441	0x3003      	MOVLW      3
0x0442	0x00A5      	MOVWF      FARG_Lcd_Out_column
0x0443	0x30D6      	MOVLW      ?lstr10_Door_lock
0x0444	0x00A6      	MOVWF      FARG_Lcd_Out_text
0x0445	0x214C      	CALL       _Lcd_Out
;Door_lock.c,181 :: 		Lcd_out(2,3,"Try again..");
0x0446	0x3002      	MOVLW      2
0x0447	0x1283      	BCF        STATUS, 5
0x0448	0x1703      	BSF        STATUS, 6
0x0449	0x00A4      	MOVWF      FARG_Lcd_Out_row
0x044A	0x3003      	MOVLW      3
0x044B	0x00A5      	MOVWF      FARG_Lcd_Out_column
0x044C	0x3062      	MOVLW      ?lstr11_Door_lock
0x044D	0x00A6      	MOVWF      FARG_Lcd_Out_text
0x044E	0x214C      	CALL       _Lcd_Out
;Door_lock.c,182 :: 		Delay_ms(1000);
0x044F	0x300B      	MOVLW      11
0x0450	0x00FB      	MOVWF      R11
0x0451	0x3026      	MOVLW      38
0x0452	0x00FC      	MOVWF      R12
0x0453	0x305D      	MOVLW      93
0x0454	0x00FD      	MOVWF      R13
L_main45:
0x0455	0x0BFD      	DECFSZ     R13, 1
0x0456	0x2C55      	GOTO       L_main45
0x0457	0x0BFC      	DECFSZ     R12, 1
0x0458	0x2C55      	GOTO       L_main45
0x0459	0x0BFB      	DECFSZ     R11, 1
0x045A	0x2C55      	GOTO       L_main45
0x045B	0x0000      	NOP
0x045C	0x0000      	NOP
;Door_lock.c,183 :: 		lcd_cmd(_LCD_CLEAR);
0x045D	0x3001      	MOVLW      1
0x045E	0x1283      	BCF        STATUS, 5
0x045F	0x1703      	BSF        STATUS, 6
0x0460	0x00AD      	MOVWF      FARG_Lcd_Cmd_out_char
0x0461	0x2032      	CALL       _Lcd_Cmd
;Door_lock.c,184 :: 		PORTA.B2 = 0;                  // Red LED OFF
0x0462	0x1105      	BCF        PORTA, 2
;Door_lock.c,185 :: 		goto point1;
0x0463	0x2AA8      	GOTO       ___main_point1
;Door_lock.c,187 :: 		}
L_main35:
;Door_lock.c,188 :: 		}
0x0464	0x2B00      	GOTO       L_main13
;Door_lock.c,189 :: 		point2:
___main_point2:
;Door_lock.c,190 :: 		Delay_ms(3000);
0x0465	0x301F      	MOVLW      31
0x0466	0x00FB      	MOVWF      R11
0x0467	0x3071      	MOVLW      113
0x0468	0x00FC      	MOVWF      R12
0x0469	0x301E      	MOVLW      30
0x046A	0x00FD      	MOVWF      R13
L_main46:
0x046B	0x1283      	BCF        STATUS, 5
0x046C	0x0BFD      	DECFSZ     R13, 1
0x046D	0x2C6B      	GOTO       L_main46
0x046E	0x0BFC      	DECFSZ     R12, 1
0x046F	0x2C6B      	GOTO       L_main46
0x0470	0x0BFB      	DECFSZ     R11, 1
0x0471	0x2C6B      	GOTO       L_main46
0x0472	0x0000      	NOP
;Door_lock.c,191 :: 		dl=0;
0x0473	0x01EF      	CLRF       _dl
;Door_lock.c,192 :: 		point3:
___main_point3:
;Door_lock.c,193 :: 		lcd_cmd(_LCD_CLEAR);
0x0474	0x3001      	MOVLW      1
0x0475	0x1703      	BSF        STATUS, 6
0x0476	0x00AD      	MOVWF      FARG_Lcd_Cmd_out_char
0x0477	0x2032      	CALL       _Lcd_Cmd
;Door_lock.c,194 :: 		Lcd_out(1,1,"Door open. Lock?");
0x0478	0x3001      	MOVLW      1
0x0479	0x1703      	BSF        STATUS, 6
0x047A	0x00A4      	MOVWF      FARG_Lcd_Out_row
0x047B	0x3001      	MOVLW      1
0x047C	0x00A5      	MOVWF      FARG_Lcd_Out_column
0x047D	0x3051      	MOVLW      ?lstr12_Door_lock
0x047E	0x00A6      	MOVWF      FARG_Lcd_Out_text
0x047F	0x214C      	CALL       _Lcd_Out
;Door_lock.c,195 :: 		Lcd_out(2,1,"Press: #");
0x0480	0x3002      	MOVLW      2
0x0481	0x1283      	BCF        STATUS, 5
0x0482	0x1703      	BSF        STATUS, 6
0x0483	0x00A4      	MOVWF      FARG_Lcd_Out_row
0x0484	0x3001      	MOVLW      1
0x0485	0x00A5      	MOVWF      FARG_Lcd_Out_column
0x0486	0x30A0      	MOVLW      ?lstr13_Door_lock
0x0487	0x00A6      	MOVWF      FARG_Lcd_Out_text
0x0488	0x214C      	CALL       _Lcd_Out
;Door_lock.c,197 :: 		do{dl = Keypad_Key_Click();     // Accept # key to lock
L_main47:
0x0489	0x219F      	CALL       _Keypad_Key_Click
0x048A	0x0870      	MOVF       R0, 0
0x048B	0x1303      	BCF        STATUS, 6
0x048C	0x00EF      	MOVWF      _dl
;Door_lock.c,198 :: 		}while(!dl);
0x048D	0x0870      	MOVF       R0, 0
0x048E	0x1903      	BTFSC      STATUS, 2
0x048F	0x2C89      	GOTO       L_main47
;Door_lock.c,200 :: 		if(dl==13)    // dl = 13 is # symbol in ASCII
0x0490	0x086F      	MOVF       _dl, 0
0x0491	0x3A0D      	XORLW      13
0x0492	0x1D03      	BTFSS      STATUS, 2
0x0493	0x2CF0      	GOTO       L_main50
;Door_lock.c,202 :: 		Delay_ms(400);
0x0494	0x3005      	MOVLW      5
0x0495	0x00FB      	MOVWF      R11
0x0496	0x300F      	MOVLW      15
0x0497	0x00FC      	MOVWF      R12
0x0498	0x30F1      	MOVLW      241
0x0499	0x00FD      	MOVWF      R13
L_main51:
0x049A	0x0BFD      	DECFSZ     R13, 1
0x049B	0x2C9A      	GOTO       L_main51
0x049C	0x0BFC      	DECFSZ     R12, 1
0x049D	0x2C9A      	GOTO       L_main51
0x049E	0x0BFB      	DECFSZ     R11, 1
0x049F	0x2C9A      	GOTO       L_main51
;Door_lock.c,203 :: 		lcd_cmd(_LCD_CLEAR);
0x04A0	0x3001      	MOVLW      1
0x04A1	0x1703      	BSF        STATUS, 6
0x04A2	0x00AD      	MOVWF      FARG_Lcd_Cmd_out_char
0x04A3	0x2032      	CALL       _Lcd_Cmd
;Door_lock.c,204 :: 		Lcd_out(1,3,"DOOR LOCKED");
0x04A4	0x3001      	MOVLW      1
0x04A5	0x1703      	BSF        STATUS, 6
0x04A6	0x00A4      	MOVWF      FARG_Lcd_Out_row
0x04A7	0x3003      	MOVLW      3
0x04A8	0x00A5      	MOVWF      FARG_Lcd_Out_column
0x04A9	0x30B9      	MOVLW      ?lstr14_Door_lock
0x04AA	0x00A6      	MOVWF      FARG_Lcd_Out_text
0x04AB	0x214C      	CALL       _Lcd_Out
;Door_lock.c,205 :: 		PORTA.B3 = 0;
0x04AC	0x1283      	BCF        STATUS, 5
0x04AD	0x1185      	BCF        PORTA, 3
;Door_lock.c,206 :: 		Delay_ms(400);
0x04AE	0x3005      	MOVLW      5
0x04AF	0x00FB      	MOVWF      R11
0x04B0	0x300F      	MOVLW      15
0x04B1	0x00FC      	MOVWF      R12
0x04B2	0x30F1      	MOVLW      241
0x04B3	0x00FD      	MOVWF      R13
L_main52:
0x04B4	0x0BFD      	DECFSZ     R13, 1
0x04B5	0x2CB4      	GOTO       L_main52
0x04B6	0x0BFC      	DECFSZ     R12, 1
0x04B7	0x2CB4      	GOTO       L_main52
0x04B8	0x0BFB      	DECFSZ     R11, 1
0x04B9	0x2CB4      	GOTO       L_main52
;Door_lock.c,207 :: 		PWM1_Start();                // Motor (Right - Locked)
0x04BA	0x213A      	CALL       _PWM1_Start
;Door_lock.c,208 :: 		PORTC.B0 = 1;
0x04BB	0x1407      	BSF        PORTC, 0
;Door_lock.c,209 :: 		PWM1_Set_Duty(200);
0x04BC	0x30C8      	MOVLW      200
0x04BD	0x1703      	BSF        STATUS, 6
0x04BE	0x00A4      	MOVWF      FARG_PWM1_Set_Duty_new_duty
0x04BF	0x20F9      	CALL       _PWM1_Set_Duty
;Door_lock.c,210 :: 		Delay_ms(300);
0x04C0	0x3004      	MOVLW      4
0x04C1	0x00FB      	MOVWF      R11
0x04C2	0x300C      	MOVLW      12
0x04C3	0x00FC      	MOVWF      R12
0x04C4	0x3033      	MOVLW      51
0x04C5	0x00FD      	MOVWF      R13
L_main53:
0x04C6	0x0BFD      	DECFSZ     R13, 1
0x04C7	0x2CC6      	GOTO       L_main53
0x04C8	0x0BFC      	DECFSZ     R12, 1
0x04C9	0x2CC6      	GOTO       L_main53
0x04CA	0x0BFB      	DECFSZ     R11, 1
0x04CB	0x2CC6      	GOTO       L_main53
0x04CC	0x0000      	NOP
0x04CD	0x0000      	NOP
;Door_lock.c,211 :: 		PORTC.B0 = 0;
0x04CE	0x1007      	BCF        PORTC, 0
;Door_lock.c,212 :: 		PWM1_Stop();
0x04CF	0x2207      	CALL       _PWM1_Stop
;Door_lock.c,214 :: 		PORTC.B6 = 1;                   // Buzzer
0x04D0	0x1707      	BSF        PORTC, 6
;Door_lock.c,215 :: 		PORTA = 0x0C;                   // Both Red & Green LED ON
0x04D1	0x300C      	MOVLW      12
0x04D2	0x0085      	MOVWF      PORTA
;Door_lock.c,216 :: 		Lcd_out(2,1,"SECURITY ACTIVE");
0x04D3	0x3002      	MOVLW      2
0x04D4	0x1703      	BSF        STATUS, 6
0x04D5	0x00A4      	MOVWF      FARG_Lcd_Out_row
0x04D6	0x3001      	MOVLW      1
0x04D7	0x00A5      	MOVWF      FARG_Lcd_Out_column
0x04D8	0x30A9      	MOVLW      ?lstr15_Door_lock
0x04D9	0x00A6      	MOVWF      FARG_Lcd_Out_text
0x04DA	0x214C      	CALL       _Lcd_Out
;Door_lock.c,217 :: 		Delay_ms(1300);
0x04DB	0x300E      	MOVLW      14
0x04DC	0x00FB      	MOVWF      R11
0x04DD	0x3031      	MOVLW      49
0x04DE	0x00FC      	MOVWF      R12
0x04DF	0x3094      	MOVLW      148
0x04E0	0x00FD      	MOVWF      R13
L_main54:
0x04E1	0x0BFD      	DECFSZ     R13, 1
0x04E2	0x2CE1      	GOTO       L_main54
0x04E3	0x0BFC      	DECFSZ     R12, 1
0x04E4	0x2CE1      	GOTO       L_main54
0x04E5	0x0BFB      	DECFSZ     R11, 1
0x04E6	0x2CE1      	GOTO       L_main54
0x04E7	0x0000      	NOP
;Door_lock.c,218 :: 		PORTA = 0x00;                   // Both Red & Green LED OFF
0x04E8	0x1283      	BCF        STATUS, 5
0x04E9	0x0185      	CLRF       PORTA
;Door_lock.c,219 :: 		PORTC.B6 = 0;
0x04EA	0x1307      	BCF        PORTC, 6
;Door_lock.c,220 :: 		lcd_cmd(_LCD_CLEAR);
0x04EB	0x3001      	MOVLW      1
0x04EC	0x1703      	BSF        STATUS, 6
0x04ED	0x00AD      	MOVWF      FARG_Lcd_Cmd_out_char
0x04EE	0x2032      	CALL       _Lcd_Cmd
;Door_lock.c,222 :: 		goto point1;
0x04EF	0x2AA8      	GOTO       ___main_point1
;Door_lock.c,223 :: 		}
L_main50:
;Door_lock.c,224 :: 		else { goto point3; }
0x04F0	0x2C74      	GOTO       ___main_point3
;Door_lock.c,226 :: 		}
L_end_main:
0x04F1	0x2CF1      	GOTO       $+0
; end of _main
0x0598	0x3020      	MOVLW      32
0x0599	0x0084      	MOVWF      FSR
0x059A	0x304E      	MOVLW      78
0x059B	0x1283      	BCF        STATUS, 5
0x059C	0x1303      	BCF        STATUS, 6
0x059D	0x00F0      	MOVWF      R0
0x059E	0x30F7      	MOVLW      247
0x059F	0x1703      	BSF        STATUS, 6
0x05A0	0x009D      	MOVWF      ___DoICPAddr
0x05A1	0x3004      	MOVLW      4
0x05A2	0x009E      	MOVWF      286
0x05A3	0x2193      	CALL       403
0x05A4	0x30A0      	MOVLW      160
0x05A5	0x0084      	MOVWF      FSR
0x05A6	0x3025      	MOVLW      37
0x05A7	0x1283      	BCF        STATUS, 5
0x05A8	0x1303      	BCF        STATUS, 6
0x05A9	0x00F0      	MOVWF      R0
0x05AA	0x306D      	MOVLW      109
0x05AB	0x1703      	BSF        STATUS, 6
0x05AC	0x009D      	MOVWF      ___DoICPAddr
0x05AD	0x3005      	MOVLW      5
0x05AE	0x009E      	MOVWF      286
0x05AF	0x2193      	CALL       403
0x05B0	0x306E      	MOVLW      110
0x05B1	0x0084      	MOVWF      FSR
0x05B2	0x3001      	MOVLW      1
0x05B3	0x1283      	BCF        STATUS, 5
0x05B4	0x1303      	BCF        STATUS, 6
0x05B5	0x00F0      	MOVWF      R0
0x05B6	0x3003      	MOVLW      3
0x05B7	0x1703      	BSF        STATUS, 6
0x05B8	0x009D      	MOVWF      ___DoICPAddr
0x05B9	0x3000      	MOVLW      0
0x05BA	0x009E      	MOVWF      286
0x05BB	0x2193      	CALL       403
0x05BC	0x30C5      	MOVLW      197
0x05BD	0x0084      	MOVWF      FSR
0x05BE	0x3028      	MOVLW      40
0x05BF	0x1283      	BCF        STATUS, 5
0x05C0	0x1303      	BCF        STATUS, 6
0x05C1	0x00F0      	MOVWF      R0
0x05C2	0x3045      	MOVLW      69
0x05C3	0x1703      	BSF        STATUS, 6
0x05C4	0x009D      	MOVWF      ___DoICPAddr
0x05C5	0x3005      	MOVLW      5
0x05C6	0x009E      	MOVWF      286
0x05C7	0x2193      	CALL       403
0x05C8	0x3010      	MOVLW      272
0x05C9	0x1783      	BSF        STATUS, 7
0x05CA	0x0084      	MOVWF      FSR
0x05CB	0x3005      	MOVLW      5
0x05CC	0x1283      	BCF        STATUS, 5
0x05CD	0x1303      	BCF        STATUS, 6
0x05CE	0x00F0      	MOVWF      R0
0x05CF	0x3092      	MOVLW      146
0x05D0	0x1703      	BSF        STATUS, 6
0x05D1	0x009D      	MOVWF      ___DoICPAddr
0x05D2	0x3005      	MOVLW      5
0x05D3	0x009E      	MOVWF      286
0x05D4	0x2193      	CALL       403
0x05D5	0x1383      	BCF        STATUS, 7
0x05D6	0x0008      	RETURN
;Door_lock.c,0 :: ?ICS?lstr7_Door_lock
0x0003	0x3400 ;?ICS?lstr7_Door_lock+0
; end of ?ICS?lstr7_Door_lock
;Door_lock.c,0 :: ?ICS?lstr4_Door_lock
0x04F7	0x3453 ;?ICS?lstr4_Door_lock+0
0x04F8	0x3445 ;?ICS?lstr4_Door_lock+1
0x04F9	0x344E ;?ICS?lstr4_Door_lock+2
0x04FA	0x3453 ;?ICS?lstr4_Door_lock+3
0x04FB	0x344F ;?ICS?lstr4_Door_lock+4
0x04FC	0x3452 ;?ICS?lstr4_Door_lock+5
0x04FD	0x3420 ;?ICS?lstr4_Door_lock+6
0x04FE	0x3441 ;?ICS?lstr4_Door_lock+7
0x04FF	0x3443 ;?ICS?lstr4_Door_lock+8
0x0500	0x3454 ;?ICS?lstr4_Door_lock+9
0x0501	0x3449 ;?ICS?lstr4_Door_lock+10
0x0502	0x3456 ;?ICS?lstr4_Door_lock+11
0x0503	0x3445 ;?ICS?lstr4_Door_lock+12
0x0504	0x3400 ;?ICS?lstr4_Door_lock+13
; end of ?ICS?lstr4_Door_lock
;Door_lock.c,0 :: ?ICS?lstr3_Door_lock
0x0505	0x344C ;?ICS?lstr3_Door_lock+0
0x0506	0x344F ;?ICS?lstr3_Door_lock+1
0x0507	0x3443 ;?ICS?lstr3_Door_lock+2
0x0508	0x344B ;?ICS?lstr3_Door_lock+3
0x0509	0x3445 ;?ICS?lstr3_Door_lock+4
0x050A	0x3444 ;?ICS?lstr3_Door_lock+5
0x050B	0x3400 ;?ICS?lstr3_Door_lock+6
; end of ?ICS?lstr3_Door_lock
;Door_lock.c,0 :: ?ICS?lstr2_Door_lock
0x050C	0x344F ;?ICS?lstr2_Door_lock+0
0x050D	0x3462 ;?ICS?lstr2_Door_lock+1
0x050E	0x3473 ;?ICS?lstr2_Door_lock+2
0x050F	0x3465 ;?ICS?lstr2_Door_lock+3
0x0510	0x3472 ;?ICS?lstr2_Door_lock+4
0x0511	0x3476 ;?ICS?lstr2_Door_lock+5
0x0512	0x3465 ;?ICS?lstr2_Door_lock+6
0x0513	0x3420 ;?ICS?lstr2_Door_lock+7
0x0514	0x346D ;?ICS?lstr2_Door_lock+8
0x0515	0x346F ;?ICS?lstr2_Door_lock+9
0x0516	0x3474 ;?ICS?lstr2_Door_lock+10
0x0517	0x346F ;?ICS?lstr2_Door_lock+11
0x0518	0x3472 ;?ICS?lstr2_Door_lock+12
0x0519	0x3400 ;?ICS?lstr2_Door_lock+13
; end of ?ICS?lstr2_Door_lock
;Door_lock.c,0 :: ?ICS?lstr1_Door_lock
0x051A	0x3453 ;?ICS?lstr1_Door_lock+0
0x051B	0x3454 ;?ICS?lstr1_Door_lock+1
0x051C	0x3441 ;?ICS?lstr1_Door_lock+2
0x051D	0x3452 ;?ICS?lstr1_Door_lock+3
0x051E	0x3454 ;?ICS?lstr1_Door_lock+4
0x051F	0x3400 ;?ICS?lstr1_Door_lock+5
; end of ?ICS?lstr1_Door_lock
;Door_lock.c,0 :: ?ICS?lstr5_Door_lock
0x0520	0x344C ;?ICS?lstr5_Door_lock+0
0x0521	0x3443 ;?ICS?lstr5_Door_lock+1
0x0522	0x3444 ;?ICS?lstr5_Door_lock+2
0x0523	0x3420 ;?ICS?lstr5_Door_lock+3
0x0524	0x344F ;?ICS?lstr5_Door_lock+4
0x0525	0x3446 ;?ICS?lstr5_Door_lock+5
0x0526	0x3446 ;?ICS?lstr5_Door_lock+6
0x0527	0x3400 ;?ICS?lstr5_Door_lock+7
; end of ?ICS?lstr5_Door_lock
;Door_lock.c,0 :: ?ICS?lstr12_Door_lock
0x0528	0x3444 ;?ICS?lstr12_Door_lock+0
0x0529	0x346F ;?ICS?lstr12_Door_lock+1
0x052A	0x346F ;?ICS?lstr12_Door_lock+2
0x052B	0x3472 ;?ICS?lstr12_Door_lock+3
0x052C	0x3420 ;?ICS?lstr12_Door_lock+4
0x052D	0x346F ;?ICS?lstr12_Door_lock+5
0x052E	0x3470 ;?ICS?lstr12_Door_lock+6
0x052F	0x3465 ;?ICS?lstr12_Door_lock+7
0x0530	0x346E ;?ICS?lstr12_Door_lock+8
0x0531	0x342E ;?ICS?lstr12_Door_lock+9
0x0532	0x3420 ;?ICS?lstr12_Door_lock+10
0x0533	0x344C ;?ICS?lstr12_Door_lock+11
0x0534	0x346F ;?ICS?lstr12_Door_lock+12
0x0535	0x3463 ;?ICS?lstr12_Door_lock+13
0x0536	0x346B ;?ICS?lstr12_Door_lock+14
0x0537	0x343F ;?ICS?lstr12_Door_lock+15
0x0538	0x3400 ;?ICS?lstr12_Door_lock+16
; end of ?ICS?lstr12_Door_lock
;Door_lock.c,0 :: ?ICS?lstr11_Door_lock
0x0539	0x3454 ;?ICS?lstr11_Door_lock+0
0x053A	0x3472 ;?ICS?lstr11_Door_lock+1
0x053B	0x3479 ;?ICS?lstr11_Door_lock+2
0x053C	0x3420 ;?ICS?lstr11_Door_lock+3
0x053D	0x3461 ;?ICS?lstr11_Door_lock+4
0x053E	0x3467 ;?ICS?lstr11_Door_lock+5
0x053F	0x3461 ;?ICS?lstr11_Door_lock+6
0x0540	0x3469 ;?ICS?lstr11_Door_lock+7
0x0541	0x346E ;?ICS?lstr11_Door_lock+8
0x0542	0x342E ;?ICS?lstr11_Door_lock+9
0x0543	0x342E ;?ICS?lstr11_Door_lock+10
0x0544	0x3400 ;?ICS?lstr11_Door_lock+11
; end of ?ICS?lstr11_Door_lock
;Door_lock.c,0 :: ?ICS?lstr6_Door_lock
0x0545	0x3450 ;?ICS?lstr6_Door_lock+0
0x0546	0x346C ;?ICS?lstr6_Door_lock+1
0x0547	0x3465 ;?ICS?lstr6_Door_lock+2
0x0548	0x3461 ;?ICS?lstr6_Door_lock+3
0x0549	0x3473 ;?ICS?lstr6_Door_lock+4
0x054A	0x3465 ;?ICS?lstr6_Door_lock+5
0x054B	0x3420 ;?ICS?lstr6_Door_lock+6
0x054C	0x3449 ;?ICS?lstr6_Door_lock+7
0x054D	0x346E ;?ICS?lstr6_Door_lock+8
0x054E	0x3470 ;?ICS?lstr6_Door_lock+9
0x054F	0x3475 ;?ICS?lstr6_Door_lock+10
0x0550	0x3474 ;?ICS?lstr6_Door_lock+11
0x0551	0x3420 ;?ICS?lstr6_Door_lock+12
0x0552	0x346B ;?ICS?lstr6_Door_lock+13
0x0553	0x3465 ;?ICS?lstr6_Door_lock+14
0x0554	0x3479 ;?ICS?lstr6_Door_lock+15
0x0555	0x3400 ;?ICS?lstr6_Door_lock+16
; end of ?ICS?lstr6_Door_lock
;Door_lock.c,0 :: ?ICS?lstr10_Door_lock
0x0556	0x3441 ;?ICS?lstr10_Door_lock+0
0x0557	0x3463 ;?ICS?lstr10_Door_lock+1
0x0558	0x3463 ;?ICS?lstr10_Door_lock+2
0x0559	0x3465 ;?ICS?lstr10_Door_lock+3
0x055A	0x3473 ;?ICS?lstr10_Door_lock+4
0x055B	0x3473 ;?ICS?lstr10_Door_lock+5
0x055C	0x3420 ;?ICS?lstr10_Door_lock+6
0x055D	0x3464 ;?ICS?lstr10_Door_lock+7
0x055E	0x3465 ;?ICS?lstr10_Door_lock+8
0x055F	0x346E ;?ICS?lstr10_Door_lock+9
0x0560	0x3469 ;?ICS?lstr10_Door_lock+10
0x0561	0x3465 ;?ICS?lstr10_Door_lock+11
0x0562	0x3464 ;?ICS?lstr10_Door_lock+12
0x0563	0x3400 ;?ICS?lstr10_Door_lock+13
; end of ?ICS?lstr10_Door_lock
;Door_lock.c,0 :: ?ICS?lstr9_Door_lock
0x0564	0x3455 ;?ICS?lstr9_Door_lock+0
0x0565	0x344E ;?ICS?lstr9_Door_lock+1
0x0566	0x344C ;?ICS?lstr9_Door_lock+2
0x0567	0x344F ;?ICS?lstr9_Door_lock+3
0x0568	0x3443 ;?ICS?lstr9_Door_lock+4
0x0569	0x344B ;?ICS?lstr9_Door_lock+5
0x056A	0x3445 ;?ICS?lstr9_Door_lock+6
0x056B	0x3444 ;?ICS?lstr9_Door_lock+7
0x056C	0x3400 ;?ICS?lstr9_Door_lock+8
; end of ?ICS?lstr9_Door_lock
;Door_lock.c,0 :: ?ICS?lstr13_Door_lock
0x056D	0x3450 ;?ICS?lstr13_Door_lock+0
0x056E	0x3472 ;?ICS?lstr13_Door_lock+1
0x056F	0x3465 ;?ICS?lstr13_Door_lock+2
0x0570	0x3473 ;?ICS?lstr13_Door_lock+3
0x0571	0x3473 ;?ICS?lstr13_Door_lock+4
0x0572	0x343A ;?ICS?lstr13_Door_lock+5
0x0573	0x3420 ;?ICS?lstr13_Door_lock+6
0x0574	0x3423 ;?ICS?lstr13_Door_lock+7
0x0575	0x3400 ;?ICS?lstr13_Door_lock+8
; end of ?ICS?lstr13_Door_lock
;Door_lock.c,0 :: ?ICS?lstr15_Door_lock
0x0576	0x3453 ;?ICS?lstr15_Door_lock+0
0x0577	0x3445 ;?ICS?lstr15_Door_lock+1
0x0578	0x3443 ;?ICS?lstr15_Door_lock+2
0x0579	0x3455 ;?ICS?lstr15_Door_lock+3
0x057A	0x3452 ;?ICS?lstr15_Door_lock+4
0x057B	0x3449 ;?ICS?lstr15_Door_lock+5
0x057C	0x3454 ;?ICS?lstr15_Door_lock+6
0x057D	0x3459 ;?ICS?lstr15_Door_lock+7
0x057E	0x3420 ;?ICS?lstr15_Door_lock+8
0x057F	0x3441 ;?ICS?lstr15_Door_lock+9
0x0580	0x3443 ;?ICS?lstr15_Door_lock+10
0x0581	0x3454 ;?ICS?lstr15_Door_lock+11
0x0582	0x3449 ;?ICS?lstr15_Door_lock+12
0x0583	0x3456 ;?ICS?lstr15_Door_lock+13
0x0584	0x3445 ;?ICS?lstr15_Door_lock+14
0x0585	0x3400 ;?ICS?lstr15_Door_lock+15
; end of ?ICS?lstr15_Door_lock
;Door_lock.c,0 :: ?ICS?lstr14_Door_lock
0x0586	0x3444 ;?ICS?lstr14_Door_lock+0
0x0587	0x344F ;?ICS?lstr14_Door_lock+1
0x0588	0x344F ;?ICS?lstr14_Door_lock+2
0x0589	0x3452 ;?ICS?lstr14_Door_lock+3
0x058A	0x3420 ;?ICS?lstr14_Door_lock+4
0x058B	0x344C ;?ICS?lstr14_Door_lock+5
0x058C	0x344F ;?ICS?lstr14_Door_lock+6
0x058D	0x3443 ;?ICS?lstr14_Door_lock+7
0x058E	0x344B ;?ICS?lstr14_Door_lock+8
0x058F	0x3445 ;?ICS?lstr14_Door_lock+9
0x0590	0x3444 ;?ICS?lstr14_Door_lock+10
0x0591	0x3400 ;?ICS?lstr14_Door_lock+11
; end of ?ICS?lstr14_Door_lock
;Door_lock.c,0 :: ?ICS?lstr8_Door_lock
0x0592	0x3444 ;?ICS?lstr8_Door_lock+0
0x0593	0x344F ;?ICS?lstr8_Door_lock+1
0x0594	0x344F ;?ICS?lstr8_Door_lock+2
0x0595	0x3452 ;?ICS?lstr8_Door_lock+3
0x0596	0x3400 ;?ICS?lstr8_Door_lock+4
; end of ?ICS?lstr8_Door_lock
Symbol List:
//** Routines locations **
//ADDRESS    SIZE    PROCEDURE
//----------------------------------------------
0x0004      [23]    _Interrupt
0x001B       [3]    _Delay_1us
0x001E      [13]    _Delay_5500us
0x002B       [7]    _Delay_50us
0x0032      [74]    _Lcd_Cmd
0x007C      [11]    _Lcd_Chr_CP
0x0087      [43]    _Mul_16X16_U
0x00B2       [7]    _____DoICP
0x00B9       [8]    _Delay_10us
0x00C1      [56]    _Keypad_Key_Press
0x00F9      [59]    _PWM1_Set_Duty
0x0134       [6]    _PWM1_Init
0x013A       [8]    _PWM1_Start
0x0142      [10]    _InitTimer0
0x014C      [71]    _Lcd_Out
0x0193      [12]    ___CC2DW
0x019F      [15]    _Keypad_Key_Click
0x01AE      [10]    _Keypad_Init
0x01B8      [79]    _Lcd_Init
0x0207       [7]    _PWM1_Stop
0x020E     [739]    _main
//** Variables locations ** 
//ADDRESS    SIZE    VARIABLE
//----------------------------------------------
0x0000       [1]    INDF
0x0001       [1]    TMR0
0x0002       [1]    PCL
0x0003       [1]    STATUS
0x0004       [1]    FSR
0x0005       [1]    PORTA
0x0006       [0]    LCD_D6
0x0006       [0]    LCD_D5
0x0006       [0]    LCD_D4
0x0006       [0]    RB3_bit
0x0006       [0]    LCD_D7
0x0006       [0]    RB5_bit
0x0006       [0]    RB0_bit
0x0006       [0]    RB6_bit
0x0006       [0]    RB1_bit
0x0006       [0]    LCD_En
0x0006       [0]    LCD_RS
0x0006       [0]    RB2_bit
0x0007       [1]    PORTC
0x0008       [1]    keypadPort
0x0008       [1]    PORTD
0x000A       [1]    PCLATH
0x000B       [1]    INTCON
0x000B       [0]    TMR0IF_bit
0x0012       [1]    T2CON
0x0015       [1]    CCPR1L
0x0017       [1]    CCP1CON
0x0020      [14]    ?lstr4_Door_lock
0x002E       [7]    ?lstr3_Door_lock
0x0035      [14]    ?lstr2_Door_lock
0x0043       [6]    ?lstr1_Door_lock
0x0049       [8]    ?lstr5_Door_lock
0x0051      [17]    ?lstr12_Door_lock
0x0062      [12]    ?lstr11_Door_lock
0x006E       [1]    ?lstr7_Door_lock
0x006F       [1]    _dl
0x0070       [1]    R0
0x0071       [1]    R1
0x0072       [1]    R2
0x0073       [1]    R3
0x0074       [1]    R4
0x0075       [1]    R5
0x0076       [1]    R6
0x0077       [1]    R7
0x0078       [1]    R8
0x0079       [1]    R9
0x007A       [1]    R10
0x007B       [1]    R11
0x007C       [1]    R12
0x007D       [1]    R13
0x007E       [1]    R14
0x007F       [1]    R15
0x0081       [1]    OPTION_REG
0x0085       [0]    TRISA3_bit
0x0085       [0]    TRISA2_bit
0x0085       [0]    TRISA1_bit
0x0086       [0]    LCD_D6_Direction
0x0086       [1]    TRISB
0x0086       [0]    TRISB0_bit
0x0086       [0]    LCD_D5_Direction
0x0086       [0]    LCD_RS_Direction
0x0086       [0]    LCD_EN_Direction
0x0086       [0]    LCD_D4_Direction
0x0086       [0]    LCD_D7_Direction
0x0086       [0]    TRISB6_bit
0x0086       [0]    TRISB1_bit
0x0086       [0]    TRISB2_bit
0x0086       [0]    TRISB3_bit
0x0087       [0]    TRISC2_bit
0x0087       [1]    TRISC
0x0088       [1]    TRISD
0x0092       [1]    PR2
0x009F       [1]    ADCON1
0x00A0       [9]    ?lstr13_Door_lock
0x00A9      [16]    ?lstr15_Door_lock
0x00B9      [12]    ?lstr14_Door_lock
0x00C5      [17]    ?lstr6_Door_lock
0x00D6      [14]    ?lstr10_Door_lock
0x00E4       [9]    ?lstr9_Door_lock
0x00ED       [2]    _t
0x00EF       [0]    __Lib_Lcd_cmd_status
0x0110       [5]    ?lstr8_Door_lock
0x0115       [2]    _a
0x0117       [2]    _x
0x0119       [2]    _q
0x011B       [2]    _b
0x011D       [2]    ___DoICPAddr
0x011F       [2]    _cnt
0x0121       [1]    _kp
0x0122       [1]    ___savePCLATH
0x0123       [1]    ___saveSTATUS
0x0124       [4]    FARG_PWM1_Init_PWM_Freq
0x0124       [1]    FARG_Lcd_Out_row
0x0124       [1]    FARG_PWM1_Set_Duty_new_duty
0x0124       [1]    Keypad_Key_Click_rslt_L0
0x0125       [1]    FARG_Lcd_Out_column
0x0126       [1]    FARG_Lcd_Out_text
0x0127       [1]    Lcd_Out_i_L0
0x0128       [1]    FARG_Lcd_Chr_CP_out_char
0x0128       [1]    Keypad_Key_Press_rslt_L0
0x0129       [1]    Keypad_Key_Press_kdata_L0
0x012A       [1]    Keypad_Key_Press_loc_L0
0x012B       [1]    Keypad_Key_Press_rowcnt_L0
0x012C       [1]    Keypad_Key_Press_shifter_L0
0x012D       [1]    FARG_Lcd_Cmd_out_char
//** Constants locations ** 
//ADDRESS    SIZE    CONSTANT
//----------------------------------------------
0x0003       [1]    ?ICS?lstr7_Door_lock
0x04F7      [14]    ?ICS?lstr4_Door_lock
0x0505       [7]    ?ICS?lstr3_Door_lock
0x050C      [14]    ?ICS?lstr2_Door_lock
0x051A       [6]    ?ICS?lstr1_Door_lock
0x0520       [8]    ?ICS?lstr5_Door_lock
0x0528      [17]    ?ICS?lstr12_Door_lock
0x0539      [12]    ?ICS?lstr11_Door_lock
0x0545      [17]    ?ICS?lstr6_Door_lock
0x0556      [14]    ?ICS?lstr10_Door_lock
0x0564       [9]    ?ICS?lstr9_Door_lock
0x056D       [9]    ?ICS?lstr13_Door_lock
0x0576      [16]    ?ICS?lstr15_Door_lock
0x0586      [12]    ?ICS?lstr14_Door_lock
0x0592       [5]    ?ICS?lstr8_Door_lock
