;  LST file generated by mikroListExporter - v.2.0 
; Date/Time: 5/19/2023 9:50:40 PM
;----------------------------------------------

;Address Opcode 	ASM
0x0000	0x2A2A      	GOTO       554
_Interrupt:
0x0004	0x00FF      	MOVWF      R15
0x0005	0x0E03      	SWAPF      STATUS, 0
0x0006	0x0183      	CLRF       STATUS
0x0007	0x1703      	BSF        STATUS, 6
0x0008	0x00A8      	MOVWF      ___saveSTATUS
0x0009	0x080A      	MOVF       PCLATH, 0
0x000A	0x00A7      	MOVWF      ___savePCLATH
0x000B	0x018A      	CLRF       PCLATH
;door_lock2.c,40 :: 		void Interrupt(){
;door_lock2.c,41 :: 		if (TMR0IF_bit){
0x000C	0x1D0B      	BTFSS      TMR0IF_bit, BitPos(TMR0IF_bit+0)
0x000D	0x2814      	GOTO       L_Interrupt0
;door_lock2.c,42 :: 		cnt++;         // Increment counter
0x000E	0x0A9B      	INCF       _cnt, 1
0x000F	0x1903      	BTFSC      STATUS, 2
0x0010	0x0A9C      	INCF       _cnt+1, 1
;door_lock2.c,43 :: 		TMR0IF_bit = 0;
0x0011	0x110B      	BCF        TMR0IF_bit, BitPos(TMR0IF_bit+0)
;door_lock2.c,44 :: 		TMR0 = 100;
0x0012	0x3064      	MOVLW      100
0x0013	0x0081      	MOVWF      TMR0
;door_lock2.c,45 :: 		}
L_Interrupt0:
;door_lock2.c,46 :: 		}
L_end_Interrupt:
L__Interrupt59:
0x0014	0x0827      	MOVF       ___savePCLATH, 0
0x0015	0x008A      	MOVWF      PCLATH
0x0016	0x0E28      	SWAPF      ___saveSTATUS, 0
0x0017	0x0083      	MOVWF      STATUS
0x0018	0x0EFF      	SWAPF      R15, 1
0x0019	0x0E7F      	SWAPF      R15, 0
0x001A	0x0009      	RETFIE
; end of _Interrupt
_Delay_1us:
;__Lib_Delays.c,7 :: 		void Delay_1us() {
;__Lib_Delays.c,8 :: 		Delay_us(1);
0x001B	0x0000      	NOP
0x001C	0x0000      	NOP
;__Lib_Delays.c,9 :: 		}
L_end_Delay_1us:
0x001D	0x0008      	RETURN
; end of _Delay_1us
_Delay_5500us:
;__Lib_Delays.c,31 :: 		void Delay_5500us() {
;__Lib_Delays.c,32 :: 		Delay_us(5500);
0x001E	0x300F      	MOVLW      15
0x001F	0x1283      	BCF        STATUS, 5
0x0020	0x1303      	BCF        STATUS, 6
0x0021	0x00FC      	MOVWF      R12
0x0022	0x3047      	MOVLW      71
0x0023	0x00FD      	MOVWF      R13
L_Delay_5500us5:
0x0024	0x0BFD      	DECFSZ     R13, 1
0x0025	0x2824      	GOTO       L_Delay_5500us5
0x0026	0x0BFC      	DECFSZ     R12, 1
0x0027	0x2824      	GOTO       L_Delay_5500us5
0x0028	0x0000      	NOP
0x0029	0x0000      	NOP
;__Lib_Delays.c,33 :: 		}
L_end_Delay_5500us:
0x002A	0x0008      	RETURN
; end of _Delay_5500us
_Delay_50us:
;__Lib_Delays.c,19 :: 		void Delay_50us() {
;__Lib_Delays.c,20 :: 		Delay_us(50);
0x002B	0x3021      	MOVLW      33
0x002C	0x1283      	BCF        STATUS, 5
0x002D	0x1303      	BCF        STATUS, 6
0x002E	0x00FD      	MOVWF      R13
L_Delay_50us2:
0x002F	0x0BFD      	DECFSZ     R13, 1
0x0030	0x282F      	GOTO       L_Delay_50us2
;__Lib_Delays.c,21 :: 		}
L_end_Delay_50us:
0x0031	0x0008      	RETURN
; end of _Delay_50us
_Lcd_Cmd:
;__Lib_Lcd.c,18 :: 		
;__Lib_Lcd.c,20 :: 		
0x0032	0x1283      	BCF        STATUS, 5
0x0033	0x1703      	BSF        STATUS, 6
0x0034	0x1BB2      	BTFSC      FARG_Lcd_Cmd_out_char, 7
0x0035	0x2838      	GOTO       L__Lcd_Cmd21
0x0036	0x1186      	BCF        LCD_D7, BitPos(LCD_D7+0)
0x0037	0x2839      	GOTO       L__Lcd_Cmd22
L__Lcd_Cmd21:
0x0038	0x1586      	BSF        LCD_D7, BitPos(LCD_D7+0)
L__Lcd_Cmd22:
;__Lib_Lcd.c,21 :: 		
0x0039	0x1B32      	BTFSC      FARG_Lcd_Cmd_out_char, 6
0x003A	0x283D      	GOTO       L__Lcd_Cmd23
0x003B	0x1106      	BCF        LCD_D6, BitPos(LCD_D6+0)
0x003C	0x283E      	GOTO       L__Lcd_Cmd24
L__Lcd_Cmd23:
0x003D	0x1506      	BSF        LCD_D6, BitPos(LCD_D6+0)
L__Lcd_Cmd24:
;__Lib_Lcd.c,22 :: 		
0x003E	0x1AB2      	BTFSC      FARG_Lcd_Cmd_out_char, 5
0x003F	0x2842      	GOTO       L__Lcd_Cmd25
0x0040	0x1086      	BCF        LCD_D5, BitPos(LCD_D5+0)
0x0041	0x2843      	GOTO       L__Lcd_Cmd26
L__Lcd_Cmd25:
0x0042	0x1486      	BSF        LCD_D5, BitPos(LCD_D5+0)
L__Lcd_Cmd26:
;__Lib_Lcd.c,23 :: 		
0x0043	0x1A32      	BTFSC      FARG_Lcd_Cmd_out_char, 4
0x0044	0x2847      	GOTO       L__Lcd_Cmd27
0x0045	0x1006      	BCF        LCD_D4, BitPos(LCD_D4+0)
0x0046	0x2848      	GOTO       L__Lcd_Cmd28
L__Lcd_Cmd27:
0x0047	0x1406      	BSF        LCD_D4, BitPos(LCD_D4+0)
L__Lcd_Cmd28:
;__Lib_Lcd.c,25 :: 		
0x0048	0x1820      	BTFSC      __Lib_Lcd_cmd_status, BitPos(__Lib_Lcd_cmd_status+0)
0x0049	0x284C      	GOTO       L__Lcd_Cmd29
0x004A	0x1686      	BSF        LCD_RS, BitPos(LCD_RS+0)
0x004B	0x284D      	GOTO       L__Lcd_Cmd30
L__Lcd_Cmd29:
0x004C	0x1286      	BCF        LCD_RS, BitPos(LCD_RS+0)
L__Lcd_Cmd30:
;__Lib_Lcd.c,28 :: 		
0x004D	0x1706      	BSF        LCD_En, BitPos(LCD_En+0)
;__Lib_Lcd.c,29 :: 		
0x004E	0x201B      	CALL       _Delay_1us
;__Lib_Lcd.c,30 :: 		
0x004F	0x1306      	BCF        LCD_En, BitPos(LCD_En+0)
;__Lib_Lcd.c,33 :: 		
0x0050	0x19B2      	BTFSC      FARG_Lcd_Cmd_out_char, 3
0x0051	0x2854      	GOTO       L__Lcd_Cmd31
0x0052	0x1186      	BCF        LCD_D7, BitPos(LCD_D7+0)
0x0053	0x2855      	GOTO       L__Lcd_Cmd32
L__Lcd_Cmd31:
0x0054	0x1586      	BSF        LCD_D7, BitPos(LCD_D7+0)
L__Lcd_Cmd32:
;__Lib_Lcd.c,34 :: 		
0x0055	0x1932      	BTFSC      FARG_Lcd_Cmd_out_char, 2
0x0056	0x2859      	GOTO       L__Lcd_Cmd33
0x0057	0x1106      	BCF        LCD_D6, BitPos(LCD_D6+0)
0x0058	0x285A      	GOTO       L__Lcd_Cmd34
L__Lcd_Cmd33:
0x0059	0x1506      	BSF        LCD_D6, BitPos(LCD_D6+0)
L__Lcd_Cmd34:
;__Lib_Lcd.c,35 :: 		
0x005A	0x18B2      	BTFSC      FARG_Lcd_Cmd_out_char, 1
0x005B	0x285E      	GOTO       L__Lcd_Cmd35
0x005C	0x1086      	BCF        LCD_D5, BitPos(LCD_D5+0)
0x005D	0x285F      	GOTO       L__Lcd_Cmd36
L__Lcd_Cmd35:
0x005E	0x1486      	BSF        LCD_D5, BitPos(LCD_D5+0)
L__Lcd_Cmd36:
;__Lib_Lcd.c,36 :: 		
0x005F	0x1832      	BTFSC      FARG_Lcd_Cmd_out_char, 0
0x0060	0x2863      	GOTO       L__Lcd_Cmd37
0x0061	0x1006      	BCF        LCD_D4, BitPos(LCD_D4+0)
0x0062	0x2864      	GOTO       L__Lcd_Cmd38
L__Lcd_Cmd37:
0x0063	0x1406      	BSF        LCD_D4, BitPos(LCD_D4+0)
L__Lcd_Cmd38:
;__Lib_Lcd.c,38 :: 		
0x0064	0x1820      	BTFSC      __Lib_Lcd_cmd_status, BitPos(__Lib_Lcd_cmd_status+0)
0x0065	0x2868      	GOTO       L__Lcd_Cmd39
0x0066	0x1686      	BSF        LCD_RS, BitPos(LCD_RS+0)
0x0067	0x2869      	GOTO       L__Lcd_Cmd40
L__Lcd_Cmd39:
0x0068	0x1286      	BCF        LCD_RS, BitPos(LCD_RS+0)
L__Lcd_Cmd40:
;__Lib_Lcd.c,40 :: 		
0x0069	0x1706      	BSF        LCD_En, BitPos(LCD_En+0)
;__Lib_Lcd.c,41 :: 		
0x006A	0x201B      	CALL       _Delay_1us
;__Lib_Lcd.c,42 :: 		
0x006B	0x1306      	BCF        LCD_En, BitPos(LCD_En+0)
;__Lib_Lcd.c,44 :: 		
0x006C	0x1C20      	BTFSS      __Lib_Lcd_cmd_status, BitPos(__Lib_Lcd_cmd_status+0)
0x006D	0x2870      	GOTO       L_Lcd_Cmd0
;__Lib_Lcd.c,45 :: 		
0x006E	0x201E      	CALL       _Delay_5500us
0x006F	0x2871      	GOTO       L_Lcd_Cmd1
L_Lcd_Cmd0:
;__Lib_Lcd.c,47 :: 		
0x0070	0x202B      	CALL       _Delay_50us
L_Lcd_Cmd1:
;__Lib_Lcd.c,48 :: 		
L_end_Lcd_Cmd:
0x0071	0x0008      	RETURN
; end of _Lcd_Cmd
_Mul_16X16_U:
;__Lib_Math.c,136 :: 		
;__Lib_Math.c,143 :: 		
0x0072	0x1283      	BCF        STATUS, 5
;__Lib_Math.c,144 :: 		
0x0073	0x1303      	BCF        STATUS, 6
;__Lib_Math.c,145 :: 		
0x0074	0x01FB      	CLRF       R11
;__Lib_Math.c,146 :: 		
0x0075	0x01FA      	CLRF       R10
;__Lib_Math.c,147 :: 		
0x0076	0x01F9      	CLRF       R9
;__Lib_Math.c,148 :: 		
0x0077	0x3080      	MOVLW      128
;__Lib_Math.c,149 :: 		
0x0078	0x00F8      	MOVWF      R8
;__Lib_Math.c,150 :: 		
0x0079	0x0CF1      	RRF        R1, 1
;__Lib_Math.c,151 :: 		
0x007A	0x0CF0      	RRF        R0, 1
;__Lib_Math.c,152 :: 		
0x007B	0x1C03      	BTFSS      STATUS, 0
;__Lib_Math.c,153 :: 		
0x007C	0x2886      	GOTO       $+10
;__Lib_Math.c,154 :: 		
0x007D	0x0874      	MOVF       R4, 0
;__Lib_Math.c,155 :: 		
0x007E	0x07F9      	ADDWF      R9, 1
;__Lib_Math.c,156 :: 		
0x007F	0x0875      	MOVF       R5, 0
;__Lib_Math.c,157 :: 		
0x0080	0x1803      	BTFSC      STATUS, 0
;__Lib_Math.c,158 :: 		
0x0081	0x0F75      	INCFSZ     R5, 0
;__Lib_Math.c,159 :: 		
0x0082	0x07FA      	ADDWF      R10, 1
;__Lib_Math.c,160 :: 		
0x0083	0x1803      	BTFSC      STATUS, 0
;__Lib_Math.c,161 :: 		
0x0084	0x0AFB      	INCF       R11, 1
;__Lib_Math.c,162 :: 		
0x0085	0x1003      	BCF        STATUS, 0
;__Lib_Math.c,163 :: 		
0x0086	0x1FF0      	BTFSS      R0, 7
;__Lib_Math.c,164 :: 		
0x0087	0x288E      	GOTO       $+7
;__Lib_Math.c,165 :: 		
0x0088	0x0874      	MOVF       R4, 0
;__Lib_Math.c,166 :: 		
0x0089	0x07FA      	ADDWF      R10, 1
;__Lib_Math.c,167 :: 		
0x008A	0x0875      	MOVF       R5, 0
;__Lib_Math.c,168 :: 		
0x008B	0x1803      	BTFSC      STATUS, 0
;__Lib_Math.c,169 :: 		
0x008C	0x0F75      	INCFSZ     R5, 0
;__Lib_Math.c,170 :: 		
0x008D	0x07FB      	ADDWF      R11, 1
;__Lib_Math.c,171 :: 		
0x008E	0x0CFB      	RRF        R11, 1
;__Lib_Math.c,172 :: 		
0x008F	0x0CFA      	RRF        R10, 1
;__Lib_Math.c,173 :: 		
0x0090	0x0CF9      	RRF        R9, 1
;__Lib_Math.c,174 :: 		
0x0091	0x0CF8      	RRF        R8, 1
;__Lib_Math.c,175 :: 		
0x0092	0x1C03      	BTFSS      STATUS, 0
;__Lib_Math.c,176 :: 		
0x0093	0x2879      	GOTO       $-26
;__Lib_Math.c,177 :: 		
0x0094	0x087B      	MOVF       R11, 0
;__Lib_Math.c,178 :: 		
0x0095	0x00F3      	MOVWF      R3
;__Lib_Math.c,179 :: 		
0x0096	0x087A      	MOVF       R10, 0
;__Lib_Math.c,180 :: 		
0x0097	0x00F2      	MOVWF      R2
;__Lib_Math.c,181 :: 		
0x0098	0x0879      	MOVF       R9, 0
;__Lib_Math.c,182 :: 		
0x0099	0x00F1      	MOVWF      R1
;__Lib_Math.c,183 :: 		
0x009A	0x0878      	MOVF       R8, 0
;__Lib_Math.c,184 :: 		
0x009B	0x00F0      	MOVWF      R0
;__Lib_Math.c,187 :: 		
L_end_Mul_16X16_U:
0x009C	0x0008      	RETURN
; end of _Mul_16X16_U
_____DoICP:
;__Lib_System.c,6 :: 		
;__Lib_System.c,9 :: 		
0x009D	0x1283      	BCF        STATUS, 5
0x009E	0x1703      	BSF        STATUS, 6
0x009F	0x081E      	MOVF       ___DoICPAddr+1, 0
0x00A0	0x008A      	MOVWF      PCLATH
;__Lib_System.c,10 :: 		
0x00A1	0x081D      	MOVF       ___DoICPAddr, 0
0x00A2	0x0082      	MOVWF      PCL
;__Lib_System.c,12 :: 		
L_end_____DoICP:
0x00A3	0x0008      	RETURN
; end of _____DoICP
_Lcd_Chr_CP:
;__Lib_Lcd.c,50 :: 		
;__Lib_Lcd.c,52 :: 		
0x00A4	0x1283      	BCF        STATUS, 5
0x00A5	0x1703      	BSF        STATUS, 6
0x00A6	0x1020      	BCF        __Lib_Lcd_cmd_status, BitPos(__Lib_Lcd_cmd_status+0)
;__Lib_Lcd.c,53 :: 		
0x00A7	0x082D      	MOVF       FARG_Lcd_Chr_CP_out_char, 0
0x00A8	0x00B2      	MOVWF      FARG_Lcd_Cmd_out_char
0x00A9	0x2032      	CALL       _Lcd_Cmd
;__Lib_Lcd.c,54 :: 		
0x00AA	0x1703      	BSF        STATUS, 6
0x00AB	0x1420      	BSF        __Lib_Lcd_cmd_status, BitPos(__Lib_Lcd_cmd_status+0)
;__Lib_Lcd.c,55 :: 		
L_end_Lcd_Chr_CP:
0x00AC	0x0008      	RETURN
; end of _Lcd_Chr_CP
_Keypad_Key_Press:
;__Lib_Keypad4x4.c,39 :: 		
;__Lib_Keypad4x4.c,43 :: 		
0x00AD	0x1283      	BCF        STATUS, 5
0x00AE	0x1703      	BSF        STATUS, 6
0x00AF	0x01AD      	CLRF       Keypad_Key_Press_rslt_L0
;__Lib_Keypad4x4.c,44 :: 		
0x00B0	0x01AF      	CLRF       Keypad_Key_Press_loc_L0
;__Lib_Keypad4x4.c,45 :: 		
0x00B1	0x01B0      	CLRF       Keypad_Key_Press_rowcnt_L0
;__Lib_Keypad4x4.c,46 :: 		
0x00B2	0x3010      	MOVLW      16
0x00B3	0x00B1      	MOVWF      Keypad_Key_Press_shifter_L0
;__Lib_Keypad4x4.c,48 :: 		
L_Keypad_Key_Press0:
0x00B4	0x3004      	MOVLW      4
0x00B5	0x0230      	SUBWF      Keypad_Key_Press_rowcnt_L0, 0
0x00B6	0x1803      	BTFSC      STATUS, 0
0x00B7	0x28E2      	GOTO       L_Keypad_Key_Press1
;__Lib_Keypad4x4.c,50 :: 		
0x00B8	0x30F0      	MOVLW      240
0x00B9	0x1303      	BCF        STATUS, 6
0x00BA	0x0088      	MOVWF      keypadPort
;__Lib_Keypad4x4.c,51 :: 		
0x00BB	0x3080      	MOVLW      128
0x00BC	0x00F0      	MOVWF      R0
0x00BD	0x0870      	MOVF       R0, 0
0x00BE	0x3E08      	ADDLW      keypadPort
0x00BF	0x0084      	MOVWF      FSR
0x00C0	0x1703      	BSF        STATUS, 6
0x00C1	0x0931      	COMF       Keypad_Key_Press_shifter_L0, 0
0x00C2	0x00F0      	MOVWF      R0
0x00C3	0x0870      	MOVF       R0, 0
0x00C4	0x0080      	MOVWF      INDF
;__Lib_Keypad4x4.c,55 :: 		
0x00C5	0x201B      	CALL       _Delay_1us
;__Lib_Keypad4x4.c,56 :: 		
0x00C6	0x201B      	CALL       _Delay_1us
;__Lib_Keypad4x4.c,57 :: 		
0x00C7	0x300F      	MOVLW      15
0x00C8	0x1303      	BCF        STATUS, 6
0x00C9	0x0508      	ANDWF      keypadPort, 0
0x00CA	0x00F0      	MOVWF      R0
0x00CB	0x0870      	MOVF       R0, 0
0x00CC	0x1703      	BSF        STATUS, 6
0x00CD	0x00AE      	MOVWF      Keypad_Key_Press_kdata_L0
;__Lib_Keypad4x4.c,58 :: 		
0x00CE	0x0870      	MOVF       R0, 0
0x00CF	0x1903      	BTFSC      STATUS, 2
0x00D0	0x28DC      	GOTO       L_Keypad_Key_Press2
;__Lib_Keypad4x4.c,60 :: 		
0x00D1	0x082F      	MOVF       Keypad_Key_Press_loc_L0, 0
0x00D2	0x00AD      	MOVWF      Keypad_Key_Press_rslt_L0
;__Lib_Keypad4x4.c,61 :: 		
L_Keypad_Key_Press3:
0x00D3	0x082E      	MOVF       Keypad_Key_Press_kdata_L0, 0
0x00D4	0x1903      	BTFSC      STATUS, 2
0x00D5	0x28DA      	GOTO       L_Keypad_Key_Press4
;__Lib_Keypad4x4.c,62 :: 		
0x00D6	0x0CAE      	RRF        Keypad_Key_Press_kdata_L0, 1
0x00D7	0x13AE      	BCF        Keypad_Key_Press_kdata_L0, 7
;__Lib_Keypad4x4.c,63 :: 		
0x00D8	0x0AAD      	INCF       Keypad_Key_Press_rslt_L0, 1
;__Lib_Keypad4x4.c,64 :: 		
0x00D9	0x28D3      	GOTO       L_Keypad_Key_Press3
L_Keypad_Key_Press4:
;__Lib_Keypad4x4.c,66 :: 		
0x00DA	0x3004      	MOVLW      4
0x00DB	0x00B0      	MOVWF      Keypad_Key_Press_rowcnt_L0
;__Lib_Keypad4x4.c,67 :: 		
L_Keypad_Key_Press2:
;__Lib_Keypad4x4.c,68 :: 		
0x00DC	0x0DB1      	RLF        Keypad_Key_Press_shifter_L0, 1
0x00DD	0x1031      	BCF        Keypad_Key_Press_shifter_L0, 0
;__Lib_Keypad4x4.c,69 :: 		
0x00DE	0x3004      	MOVLW      4
0x00DF	0x07AF      	ADDWF      Keypad_Key_Press_loc_L0, 1
;__Lib_Keypad4x4.c,70 :: 		
0x00E0	0x0AB0      	INCF       Keypad_Key_Press_rowcnt_L0, 1
;__Lib_Keypad4x4.c,71 :: 		
0x00E1	0x28B4      	GOTO       L_Keypad_Key_Press0
L_Keypad_Key_Press1:
;__Lib_Keypad4x4.c,73 :: 		
0x00E2	0x082D      	MOVF       Keypad_Key_Press_rslt_L0, 0
0x00E3	0x00F0      	MOVWF      R0
;__Lib_Keypad4x4.c,74 :: 		
L_end_Keypad_Key_Press:
0x00E4	0x0008      	RETURN
; end of _Keypad_Key_Press
_Delay_10us:
;__Lib_Delays.c,11 :: 		void Delay_10us() {
;__Lib_Delays.c,12 :: 		Delay_us(10);
0x00E5	0x3006      	MOVLW      6
0x00E6	0x1283      	BCF        STATUS, 5
0x00E7	0x1303      	BCF        STATUS, 6
0x00E8	0x00FD      	MOVWF      R13
L_Delay_10us0:
0x00E9	0x0BFD      	DECFSZ     R13, 1
0x00EA	0x28E9      	GOTO       L_Delay_10us0
0x00EB	0x0000      	NOP
;__Lib_Delays.c,13 :: 		}
L_end_Delay_10us:
0x00EC	0x0008      	RETURN
; end of _Delay_10us
_PWM1_Start:
;__Lib_PWM_c21.c,50 :: 		
;__Lib_PWM_c21.c,51 :: 		
0x00ED	0x1683      	BSF        STATUS, 5
0x00EE	0x1303      	BCF        STATUS, 6
0x00EF	0x1107      	BCF        TRISC2_bit, BitPos(TRISC2_bit+0)
;__Lib_PWM_c21.c,52 :: 		
0x00F0	0x1283      	BCF        STATUS, 5
0x00F1	0x1512      	BSF        T2CON, 2
;__Lib_PWM_c21.c,53 :: 		
0x00F2	0x300C      	MOVLW      12
0x00F3	0x0497      	IORWF      CCP1CON, 1
;__Lib_PWM_c21.c,54 :: 		
L_end_PWM1_Start:
0x00F4	0x0008      	RETURN
; end of _PWM1_Start
___CC2DW:
;__Lib_System.c,134 :: 		
;__Lib_System.c,137 :: 		
_CC2D_Loop1:
;__Lib_System.c,139 :: 		
0x00F5	0x209D      	CALL       _____DoICP
0x00F6	0x118A      	BCF        PCLATH, 3
0x00F7	0x120A      	BCF        PCLATH, 4
;__Lib_System.c,141 :: 		
0x00F8	0x0080      	MOVWF      INDF
;__Lib_System.c,142 :: 		
0x00F9	0x0A84      	INCF       FSR, 1
;__Lib_System.c,143 :: 		
0x00FA	0x0A9D      	INCF       ___DoICPAddr, 1
;__Lib_System.c,145 :: 		
0x00FB	0x1903      	BTFSC      STATUS, 2
;__Lib_System.c,146 :: 		
0x00FC	0x0A9E      	INCF       ___DoICPAddr+1, 1
;__Lib_System.c,147 :: 		
0x00FD	0x03F0      	DECF       R0, 1
;__Lib_System.c,149 :: 		
0x00FE	0x1D03      	BTFSS      STATUS, 2
;__Lib_System.c,150 :: 		
0x00FF	0x28F5      	GOTO       _CC2D_Loop1
;__Lib_System.c,152 :: 		
L_end___CC2DW:
0x0100	0x0008      	RETURN
; end of ___CC2DW
_Keypad_Key_Click:
;__Lib_Keypad4x4.c,77 :: 		
;__Lib_Keypad4x4.c,81 :: 		
0x0101	0x20AD      	CALL       _Keypad_Key_Press
0x0102	0x0870      	MOVF       R0, 0
0x0103	0x00A9      	MOVWF      Keypad_Key_Click_rslt_L0
;__Lib_Keypad4x4.c,83 :: 		
L_Keypad_Key_Click5:
0x0104	0x300F      	MOVLW      15
0x0105	0x1303      	BCF        STATUS, 6
0x0106	0x0508      	ANDWF      keypadPort, 0
0x0107	0x00F0      	MOVWF      R0
0x0108	0x1903      	BTFSC      STATUS, 2
0x0109	0x290C      	GOTO       L_Keypad_Key_Click6
;__Lib_Keypad4x4.c,84 :: 		
0x010A	0x20E5      	CALL       _Delay_10us
0x010B	0x2904      	GOTO       L_Keypad_Key_Click5
L_Keypad_Key_Click6:
;__Lib_Keypad4x4.c,86 :: 		
0x010C	0x1703      	BSF        STATUS, 6
0x010D	0x0829      	MOVF       Keypad_Key_Click_rslt_L0, 0
0x010E	0x00F0      	MOVWF      R0
;__Lib_Keypad4x4.c,87 :: 		
L_end_Keypad_Key_Click:
0x010F	0x0008      	RETURN
; end of _Keypad_Key_Click
_memcmp:
;__Lib_CString.c,23 :: 		
;__Lib_CString.c,24 :: 		
L_memcmp4:
0x0110	0x1283      	BCF        STATUS, 5
0x0111	0x1703      	BSF        STATUS, 6
0x0112	0x082B      	MOVF       FARG_memcmp_n, 0
0x0113	0x00F1      	MOVWF      R1
0x0114	0x082C      	MOVF       FARG_memcmp_n+1, 0
0x0115	0x00F2      	MOVWF      R1+1
0x0116	0x3001      	MOVLW      1
0x0117	0x02AB      	SUBWF      FARG_memcmp_n, 1
0x0118	0x1C03      	BTFSS      STATUS, 0
0x0119	0x03AC      	DECF       FARG_memcmp_n+1, 1
0x011A	0x3000      	MOVLW      0
0x011B	0x0672      	XORWF      R1+1, 0
0x011C	0x1D03      	BTFSS      STATUS, 2
0x011D	0x2920      	GOTO       L__memcmp90
0x011E	0x3000      	MOVLW      0
0x011F	0x0671      	XORWF      R1, 0
L__memcmp90:
0x0120	0x1903      	BTFSC      STATUS, 2
0x0121	0x293B      	GOTO       L_memcmp5
;__Lib_CString.c,25 :: 		
0x0122	0x0829      	MOVF       FARG_memcmp_s1, 0
0x0123	0x0084      	MOVWF      FSR
0x0124	0x0800      	MOVF       INDF, 0
0x0125	0x00F1      	MOVWF      R1
0x0126	0x082A      	MOVF       FARG_memcmp_s2, 0
0x0127	0x0084      	MOVWF      FSR
0x0128	0x0871      	MOVF       R1, 0
0x0129	0x0600      	XORWF      INDF, 0
0x012A	0x1903      	BTFSC      STATUS, 2
0x012B	0x2938      	GOTO       L_memcmp6
;__Lib_CString.c,26 :: 		
0x012C	0x0829      	MOVF       FARG_memcmp_s1, 0
0x012D	0x0084      	MOVWF      FSR
0x012E	0x0800      	MOVF       INDF, 0
0x012F	0x00F0      	MOVWF      R0
0x0130	0x082A      	MOVF       FARG_memcmp_s2, 0
0x0131	0x0084      	MOVWF      FSR
0x0132	0x0800      	MOVF       INDF, 0
0x0133	0x02F0      	SUBWF      R0, 1
0x0134	0x01F1      	CLRF       R0+1
0x0135	0x1C03      	BTFSS      STATUS, 0
0x0136	0x03F1      	DECF       R0+1, 1
0x0137	0x293D      	GOTO       L_end_memcmp
L_memcmp6:
;__Lib_CString.c,30 :: 		
0x0138	0x0AA9      	INCF       FARG_memcmp_s1, 1
;__Lib_CString.c,31 :: 		
0x0139	0x0AAA      	INCF       FARG_memcmp_s2, 1
;__Lib_CString.c,32 :: 		
0x013A	0x2910      	GOTO       L_memcmp4
L_memcmp5:
;__Lib_CString.c,33 :: 		
0x013B	0x01F0      	CLRF       R0
0x013C	0x01F1      	CLRF       R0+1
;__Lib_CString.c,34 :: 		
L_end_memcmp:
0x013D	0x0008      	RETURN
; end of _memcmp
_PWM1_Set_Duty:
;__Lib_PWM_c21.c,39 :: 		
;__Lib_PWM_c21.c,43 :: 		
0x013E	0x1683      	BSF        STATUS, 5
0x013F	0x1303      	BCF        STATUS, 6
0x0140	0x0812      	MOVF       PR2, 0
0x0141	0x3E01      	ADDLW      1
0x0142	0x00F0      	MOVWF      R0
0x0143	0x01F1      	CLRF       R0+1
0x0144	0x1803      	BTFSC      STATUS, 0
0x0145	0x0AF1      	INCF       R0+1, 1
0x0146	0x1283      	BCF        STATUS, 5
0x0147	0x1703      	BSF        STATUS, 6
0x0148	0x0829      	MOVF       FARG_PWM1_Set_Duty_new_duty, 0
0x0149	0x00F4      	MOVWF      R4
0x014A	0x01F5      	CLRF       R4+1
0x014B	0x2072      	CALL       _Mul_16X16_U
0x014C	0x3006      	MOVLW      6
0x014D	0x00F2      	MOVWF      R2
0x014E	0x0870      	MOVF       R0, 0
0x014F	0x00F4      	MOVWF      R4
0x0150	0x0871      	MOVF       R0+1, 0
0x0151	0x00F5      	MOVWF      R4+1
0x0152	0x0872      	MOVF       R2, 0
L__PWM1_Set_Duty10:
0x0153	0x1903      	BTFSC      STATUS, 2
0x0154	0x295A      	GOTO       L__PWM1_Set_Duty11
0x0155	0x0CF5      	RRF        R4+1, 1
0x0156	0x0CF4      	RRF        R4, 1
0x0157	0x13F5      	BCF        R4+1, 7
0x0158	0x3EFF      	ADDLW      255
0x0159	0x2953      	GOTO       L__PWM1_Set_Duty10
L__PWM1_Set_Duty11:
;__Lib_PWM_c21.c,44 :: 		
0x015A	0x3004      	MOVLW      4
0x015B	0x00F1      	MOVWF      R1
0x015C	0x0874      	MOVF       R4, 0
0x015D	0x00F0      	MOVWF      R0
0x015E	0x0871      	MOVF       R1, 0
L__PWM1_Set_Duty12:
0x015F	0x1903      	BTFSC      STATUS, 2
0x0160	0x2965      	GOTO       L__PWM1_Set_Duty13
0x0161	0x0DF0      	RLF        R0, 1
0x0162	0x1070      	BCF        R0, 0
0x0163	0x3EFF      	ADDLW      255
0x0164	0x295F      	GOTO       L__PWM1_Set_Duty12
L__PWM1_Set_Duty13:
0x0165	0x3030      	MOVLW      48
0x0166	0x0570      	ANDWF      R0, 0
0x0167	0x00F3      	MOVWF      R3
;__Lib_PWM_c21.c,45 :: 		
0x0168	0x0874      	MOVF       R4, 0
0x0169	0x00F0      	MOVWF      R0
0x016A	0x0875      	MOVF       R4+1, 0
0x016B	0x00F1      	MOVWF      R0+1
0x016C	0x0CF1      	RRF        R0+1, 1
0x016D	0x0CF0      	RRF        R0, 1
0x016E	0x13F1      	BCF        R0+1, 7
0x016F	0x0CF1      	RRF        R0+1, 1
0x0170	0x0CF0      	RRF        R0, 1
0x0171	0x13F1      	BCF        R0+1, 7
0x0172	0x0870      	MOVF       R0, 0
0x0173	0x0095      	MOVWF      CCPR1L
;__Lib_PWM_c21.c,46 :: 		
0x0174	0x300F      	MOVLW      15
0x0175	0x0597      	ANDWF      CCP1CON, 1
;__Lib_PWM_c21.c,47 :: 		
0x0176	0x0873      	MOVF       R3, 0
0x0177	0x0497      	IORWF      CCP1CON, 1
;__Lib_PWM_c21.c,48 :: 		
L_end_PWM1_Set_Duty:
0x0178	0x0008      	RETURN
; end of _PWM1_Set_Duty
_Lcd_Init:
;__Lib_Lcd.c,84 :: 		
;__Lib_Lcd.c,86 :: 		
0x0179	0x1683      	BSF        STATUS, 5
0x017A	0x1303      	BCF        STATUS, 6
0x017B	0x1306      	BCF        LCD_EN_Direction, BitPos(LCD_EN_Direction+0)
;__Lib_Lcd.c,87 :: 		
0x017C	0x1106      	BCF        LCD_RS_Direction, BitPos(LCD_RS_Direction+0)
;__Lib_Lcd.c,88 :: 		
0x017D	0x1006      	BCF        LCD_D4_Direction, BitPos(LCD_D4_Direction+0)
;__Lib_Lcd.c,89 :: 		
0x017E	0x1086      	BCF        LCD_D5_Direction, BitPos(LCD_D5_Direction+0)
;__Lib_Lcd.c,90 :: 		
0x017F	0x1106      	BCF        LCD_D6_Direction, BitPos(LCD_D6_Direction+0)
;__Lib_Lcd.c,91 :: 		
0x0180	0x1186      	BCF        LCD_D7_Direction, BitPos(LCD_D7_Direction+0)
;__Lib_Lcd.c,93 :: 		
0x0181	0x1283      	BCF        STATUS, 5
0x0182	0x1306      	BCF        LCD_En, BitPos(LCD_En+0)
;__Lib_Lcd.c,94 :: 		
0x0183	0x1286      	BCF        LCD_RS, BitPos(LCD_RS+0)
;__Lib_Lcd.c,95 :: 		
0x0184	0x1186      	BCF        LCD_D7, BitPos(LCD_D7+0)
;__Lib_Lcd.c,96 :: 		
0x0185	0x1106      	BCF        LCD_D6, BitPos(LCD_D6+0)
;__Lib_Lcd.c,97 :: 		
0x0186	0x1086      	BCF        LCD_D5, BitPos(LCD_D5+0)
;__Lib_Lcd.c,98 :: 		
0x0187	0x1006      	BCF        LCD_D4, BitPos(LCD_D4+0)
;__Lib_Lcd.c,100 :: 		
0x0188	0x201E      	CALL       _Delay_5500us
;__Lib_Lcd.c,101 :: 		
0x0189	0x201E      	CALL       _Delay_5500us
;__Lib_Lcd.c,102 :: 		
0x018A	0x201E      	CALL       _Delay_5500us
;__Lib_Lcd.c,105 :: 		
0x018B	0x1486      	BSF        LCD_D5, BitPos(LCD_D5+0)
;__Lib_Lcd.c,106 :: 		
0x018C	0x1406      	BSF        LCD_D4, BitPos(LCD_D4+0)
;__Lib_Lcd.c,107 :: 		
0x018D	0x1706      	BSF        LCD_En, BitPos(LCD_En+0)
;__Lib_Lcd.c,108 :: 		
0x018E	0x201B      	CALL       _Delay_1us
;__Lib_Lcd.c,109 :: 		
0x018F	0x1306      	BCF        LCD_En, BitPos(LCD_En+0)
;__Lib_Lcd.c,110 :: 		
0x0190	0x201E      	CALL       _Delay_5500us
;__Lib_Lcd.c,112 :: 		
0x0191	0x1706      	BSF        LCD_En, BitPos(LCD_En+0)
;__Lib_Lcd.c,113 :: 		
0x0192	0x201B      	CALL       _Delay_1us
;__Lib_Lcd.c,114 :: 		
0x0193	0x1306      	BCF        LCD_En, BitPos(LCD_En+0)
;__Lib_Lcd.c,115 :: 		
0x0194	0x201E      	CALL       _Delay_5500us
;__Lib_Lcd.c,117 :: 		
0x0195	0x1706      	BSF        LCD_En, BitPos(LCD_En+0)
;__Lib_Lcd.c,118 :: 		
0x0196	0x201B      	CALL       _Delay_1us
;__Lib_Lcd.c,119 :: 		
0x0197	0x1306      	BCF        LCD_En, BitPos(LCD_En+0)
;__Lib_Lcd.c,120 :: 		
0x0198	0x201E      	CALL       _Delay_5500us
;__Lib_Lcd.c,123 :: 		
0x0199	0x1006      	BCF        LCD_D4, BitPos(LCD_D4+0)
;__Lib_Lcd.c,124 :: 		
0x019A	0x1706      	BSF        LCD_En, BitPos(LCD_En+0)
;__Lib_Lcd.c,125 :: 		
0x019B	0x201B      	CALL       _Delay_1us
;__Lib_Lcd.c,126 :: 		
0x019C	0x1306      	BCF        LCD_En, BitPos(LCD_En+0)
;__Lib_Lcd.c,127 :: 		
0x019D	0x201E      	CALL       _Delay_5500us
;__Lib_Lcd.c,130 :: 		
0x019E	0x1706      	BSF        LCD_En, BitPos(LCD_En+0)
;__Lib_Lcd.c,131 :: 		
0x019F	0x201B      	CALL       _Delay_1us
;__Lib_Lcd.c,132 :: 		
0x01A0	0x1306      	BCF        LCD_En, BitPos(LCD_En+0)
;__Lib_Lcd.c,134 :: 		
0x01A1	0x1086      	BCF        LCD_D5, BitPos(LCD_D5+0)
;__Lib_Lcd.c,135 :: 		
0x01A2	0x1586      	BSF        LCD_D7, BitPos(LCD_D7+0)
;__Lib_Lcd.c,136 :: 		
0x01A3	0x1706      	BSF        LCD_En, BitPos(LCD_En+0)
;__Lib_Lcd.c,137 :: 		
0x01A4	0x201B      	CALL       _Delay_1us
;__Lib_Lcd.c,138 :: 		
0x01A5	0x1306      	BCF        LCD_En, BitPos(LCD_En+0)
;__Lib_Lcd.c,139 :: 		
0x01A6	0x201E      	CALL       _Delay_5500us
;__Lib_Lcd.c,142 :: 		
0x01A7	0x1186      	BCF        LCD_D7, BitPos(LCD_D7+0)
;__Lib_Lcd.c,143 :: 		
0x01A8	0x1406      	BSF        LCD_D4, BitPos(LCD_D4+0)
;__Lib_Lcd.c,144 :: 		
0x01A9	0x1706      	BSF        LCD_En, BitPos(LCD_En+0)
;__Lib_Lcd.c,145 :: 		
0x01AA	0x201B      	CALL       _Delay_1us
;__Lib_Lcd.c,146 :: 		
0x01AB	0x1306      	BCF        LCD_En, BitPos(LCD_En+0)
;__Lib_Lcd.c,148 :: 		
0x01AC	0x1006      	BCF        LCD_D4, BitPos(LCD_D4+0)
;__Lib_Lcd.c,149 :: 		
0x01AD	0x1706      	BSF        LCD_En, BitPos(LCD_En+0)
;__Lib_Lcd.c,150 :: 		
0x01AE	0x201B      	CALL       _Delay_1us
;__Lib_Lcd.c,151 :: 		
0x01AF	0x1306      	BCF        LCD_En, BitPos(LCD_En+0)
;__Lib_Lcd.c,152 :: 		
0x01B0	0x201E      	CALL       _Delay_5500us
;__Lib_Lcd.c,155 :: 		
0x01B1	0x1706      	BSF        LCD_En, BitPos(LCD_En+0)
;__Lib_Lcd.c,156 :: 		
0x01B2	0x201B      	CALL       _Delay_1us
;__Lib_Lcd.c,157 :: 		
0x01B3	0x1306      	BCF        LCD_En, BitPos(LCD_En+0)
;__Lib_Lcd.c,159 :: 		
0x01B4	0x1406      	BSF        LCD_D4, BitPos(LCD_D4+0)
;__Lib_Lcd.c,160 :: 		
0x01B5	0x1706      	BSF        LCD_En, BitPos(LCD_En+0)
;__Lib_Lcd.c,161 :: 		
0x01B6	0x201B      	CALL       _Delay_1us
;__Lib_Lcd.c,162 :: 		
0x01B7	0x1306      	BCF        LCD_En, BitPos(LCD_En+0)
;__Lib_Lcd.c,163 :: 		
0x01B8	0x201E      	CALL       _Delay_5500us
;__Lib_Lcd.c,166 :: 		
0x01B9	0x1006      	BCF        LCD_D4, BitPos(LCD_D4+0)
;__Lib_Lcd.c,167 :: 		
0x01BA	0x1706      	BSF        LCD_En, BitPos(LCD_En+0)
;__Lib_Lcd.c,168 :: 		
0x01BB	0x201B      	CALL       _Delay_1us
;__Lib_Lcd.c,169 :: 		
0x01BC	0x1306      	BCF        LCD_En, BitPos(LCD_En+0)
;__Lib_Lcd.c,171 :: 		
0x01BD	0x1586      	BSF        LCD_D7, BitPos(LCD_D7+0)
;__Lib_Lcd.c,172 :: 		
0x01BE	0x1506      	BSF        LCD_D6, BitPos(LCD_D6+0)
;__Lib_Lcd.c,173 :: 		
0x01BF	0x1486      	BSF        LCD_D5, BitPos(LCD_D5+0)
;__Lib_Lcd.c,174 :: 		
0x01C0	0x1406      	BSF        LCD_D4, BitPos(LCD_D4+0)
;__Lib_Lcd.c,175 :: 		
0x01C1	0x1706      	BSF        LCD_En, BitPos(LCD_En+0)
;__Lib_Lcd.c,176 :: 		
0x01C2	0x201B      	CALL       _Delay_1us
;__Lib_Lcd.c,177 :: 		
0x01C3	0x1306      	BCF        LCD_En, BitPos(LCD_En+0)
;__Lib_Lcd.c,179 :: 		
0x01C4	0x201E      	CALL       _Delay_5500us
;__Lib_Lcd.c,181 :: 		
0x01C5	0x1703      	BSF        STATUS, 6
0x01C6	0x1420      	BSF        __Lib_Lcd_cmd_status, BitPos(__Lib_Lcd_cmd_status+0)
;__Lib_Lcd.c,182 :: 		
L_end_Lcd_Init:
0x01C7	0x0008      	RETURN
; end of _Lcd_Init
_PWM1_Stop:
;__Lib_PWM_c21.c,56 :: 		
;__Lib_PWM_c21.c,57 :: 		
0x01C8	0x1683      	BSF        STATUS, 5
0x01C9	0x1303      	BCF        STATUS, 6
0x01CA	0x1507      	BSF        TRISC2_bit, BitPos(TRISC2_bit+0)
;__Lib_PWM_c21.c,58 :: 		
0x01CB	0x30F0      	MOVLW      240
0x01CC	0x1283      	BCF        STATUS, 5
0x01CD	0x0597      	ANDWF      CCP1CON, 1
;__Lib_PWM_c21.c,59 :: 		
L_end_PWM1_Stop:
0x01CE	0x0008      	RETURN
; end of _PWM1_Stop
_InitTimer0:
;door_lock2.c,34 :: 		void InitTimer0(){
;door_lock2.c,35 :: 		OPTION_REG  = 0x86;
0x01CF	0x3086      	MOVLW      134
0x01D0	0x1683      	BSF        STATUS, 5
0x01D1	0x1303      	BCF        STATUS, 6
0x01D2	0x0081      	MOVWF      OPTION_REG
;door_lock2.c,36 :: 		TMR0  = 100;
0x01D3	0x3064      	MOVLW      100
0x01D4	0x1283      	BCF        STATUS, 5
0x01D5	0x0081      	MOVWF      TMR0
;door_lock2.c,37 :: 		INTCON  = 0xA0;
0x01D6	0x30A0      	MOVLW      160
0x01D7	0x008B      	MOVWF      INTCON
;door_lock2.c,38 :: 		}
L_end_InitTimer0:
0x01D8	0x0008      	RETURN
; end of _InitTimer0
_PWM1_Init:
;__Lib_PWM_c21.c,32 :: 		
;__Lib_PWM_c21.c,33 :: 		
;__Lib_PWM_c21.c,34 :: 		
0x01D9	0x1283      	BCF        STATUS, 5
0x01DA	0x1303      	BCF        STATUS, 6
0x01DB	0x0195      	CLRF       CCPR1L
;__Lib_PWM_c21.c,35 :: 		
0x01DC	0x1217      	BCF        CCP1CON, 4
;__Lib_PWM_c21.c,36 :: 		
0x01DD	0x1297      	BCF        CCP1CON, 5
;__Lib_PWM_c21.c,37 :: 		
L_end_PWM1_Init:
0x01DE	0x0008      	RETURN
; end of _PWM1_Init
_Keypad_Init:
;__Lib_Keypad4x4.c,34 :: 		
;__Lib_Keypad4x4.c,35 :: 		
0x01DF	0x3080      	MOVLW      128
0x01E0	0x1283      	BCF        STATUS, 5
0x01E1	0x1303      	BCF        STATUS, 6
0x01E2	0x00F0      	MOVWF      R0
0x01E3	0x0870      	MOVF       R0, 0
0x01E4	0x3E08      	ADDLW      keypadPort
0x01E5	0x0084      	MOVWF      FSR
0x01E6	0x30FF      	MOVLW      255
0x01E7	0x0080      	MOVWF      INDF
;__Lib_Keypad4x4.c,36 :: 		
L_end_Keypad_Init:
0x01E8	0x0008      	RETURN
; end of _Keypad_Init
_Lcd_Out:
;__Lib_Lcd.c,184 :: 		
;__Lib_Lcd.c,187 :: 		
0x01E9	0x29FB      	GOTO       L_Lcd_Out11
;__Lib_Lcd.c,188 :: 		
L_Lcd_Out13:
0x01EA	0x3080      	MOVLW      128
0x01EB	0x1283      	BCF        STATUS, 5
0x01EC	0x1703      	BSF        STATUS, 6
0x01ED	0x00A9      	MOVWF      FARG_Lcd_Out_row
0x01EE	0x2A0E      	GOTO       L_Lcd_Out12
;__Lib_Lcd.c,189 :: 		
L_Lcd_Out14:
0x01EF	0x30C0      	MOVLW      192
0x01F0	0x00A9      	MOVWF      FARG_Lcd_Out_row
0x01F1	0x2A0E      	GOTO       L_Lcd_Out12
;__Lib_Lcd.c,190 :: 		
L_Lcd_Out15:
0x01F2	0x3094      	MOVLW      148
0x01F3	0x00A9      	MOVWF      FARG_Lcd_Out_row
0x01F4	0x2A0E      	GOTO       L_Lcd_Out12
;__Lib_Lcd.c,191 :: 		
L_Lcd_Out16:
0x01F5	0x30D4      	MOVLW      212
0x01F6	0x00A9      	MOVWF      FARG_Lcd_Out_row
0x01F7	0x2A0E      	GOTO       L_Lcd_Out12
;__Lib_Lcd.c,192 :: 		
L_Lcd_Out17:
0x01F8	0x3080      	MOVLW      128
0x01F9	0x00A9      	MOVWF      FARG_Lcd_Out_row
;__Lib_Lcd.c,193 :: 		
0x01FA	0x2A0E      	GOTO       L_Lcd_Out12
L_Lcd_Out11:
0x01FB	0x1283      	BCF        STATUS, 5
0x01FC	0x1703      	BSF        STATUS, 6
0x01FD	0x0829      	MOVF       FARG_Lcd_Out_row, 0
0x01FE	0x3A01      	XORLW      1
0x01FF	0x1903      	BTFSC      STATUS, 2
0x0200	0x29EA      	GOTO       L_Lcd_Out13
0x0201	0x0829      	MOVF       FARG_Lcd_Out_row, 0
0x0202	0x3A02      	XORLW      2
0x0203	0x1903      	BTFSC      STATUS, 2
0x0204	0x29EF      	GOTO       L_Lcd_Out14
0x0205	0x0829      	MOVF       FARG_Lcd_Out_row, 0
0x0206	0x3A03      	XORLW      3
0x0207	0x1903      	BTFSC      STATUS, 2
0x0208	0x29F2      	GOTO       L_Lcd_Out15
0x0209	0x0829      	MOVF       FARG_Lcd_Out_row, 0
0x020A	0x3A04      	XORLW      4
0x020B	0x1903      	BTFSC      STATUS, 2
0x020C	0x29F5      	GOTO       L_Lcd_Out16
0x020D	0x29F8      	GOTO       L_Lcd_Out17
L_Lcd_Out12:
;__Lib_Lcd.c,194 :: 		
0x020E	0x032A      	DECF       FARG_Lcd_Out_column, 0
0x020F	0x00F0      	MOVWF      R0
0x0210	0x0829      	MOVF       FARG_Lcd_Out_row, 0
0x0211	0x07F0      	ADDWF      R0, 1
0x0212	0x0870      	MOVF       R0, 0
0x0213	0x00A9      	MOVWF      FARG_Lcd_Out_row
;__Lib_Lcd.c,196 :: 		
0x0214	0x0870      	MOVF       R0, 0
0x0215	0x00B2      	MOVWF      FARG_Lcd_Cmd_out_char
0x0216	0x2032      	CALL       _Lcd_Cmd
;__Lib_Lcd.c,197 :: 		
0x0217	0x1703      	BSF        STATUS, 6
0x0218	0x1020      	BCF        __Lib_Lcd_cmd_status, BitPos(__Lib_Lcd_cmd_status+0)
;__Lib_Lcd.c,198 :: 		
0x0219	0x01AC      	CLRF       Lcd_Out_i_L0
;__Lib_Lcd.c,199 :: 		
L_Lcd_Out18:
0x021A	0x082C      	MOVF       Lcd_Out_i_L0, 0
0x021B	0x072B      	ADDWF      FARG_Lcd_Out_text, 0
0x021C	0x0084      	MOVWF      FSR
0x021D	0x0800      	MOVF       INDF, 0
0x021E	0x1903      	BTFSC      STATUS, 2
0x021F	0x2A28      	GOTO       L_Lcd_Out19
;__Lib_Lcd.c,200 :: 		
0x0220	0x082C      	MOVF       Lcd_Out_i_L0, 0
0x0221	0x072B      	ADDWF      FARG_Lcd_Out_text, 0
0x0222	0x0084      	MOVWF      FSR
0x0223	0x0800      	MOVF       INDF, 0
0x0224	0x00AD      	MOVWF      FARG_Lcd_Chr_CP_out_char
0x0225	0x20A4      	CALL       _Lcd_Chr_CP
0x0226	0x0AAC      	INCF       Lcd_Out_i_L0, 1
0x0227	0x2A1A      	GOTO       L_Lcd_Out18
L_Lcd_Out19:
;__Lib_Lcd.c,201 :: 		
0x0228	0x1420      	BSF        __Lib_Lcd_cmd_status, BitPos(__Lib_Lcd_cmd_status+0)
;__Lib_Lcd.c,202 :: 		
L_end_Lcd_Out:
0x0229	0x0008      	RETURN
; end of _Lcd_Out
_main:
0x022A	0x25D8      	CALL       1496
;door_lock2.c,61 :: 		void main() {
;door_lock2.c,63 :: 		TRISA1_bit = 1;            // Logic state from sensor as >> input
0x022B	0x1683      	BSF        STATUS, 5
0x022C	0x1303      	BCF        STATUS, 6
0x022D	0x1485      	BSF        TRISA1_bit, BitPos(TRISA1_bit+0)
;door_lock2.c,64 :: 		TRISA2_bit = 0;            // Red LED as >> output
0x022E	0x1105      	BCF        TRISA2_bit, BitPos(TRISA2_bit+0)
;door_lock2.c,65 :: 		TRISA3_bit = 0;            // Green LED as >> output
0x022F	0x1185      	BCF        TRISA3_bit, BitPos(TRISA3_bit+0)
;door_lock2.c,66 :: 		TRISB = 0;                 // All PORTB as >> output
0x0230	0x0186      	CLRF       TRISB
;door_lock2.c,67 :: 		TRISC = 0;                 // All PORTC as >> output
0x0231	0x0187      	CLRF       TRISC
;door_lock2.c,68 :: 		TRISD = 1;                 // All PORTD as >> input
0x0232	0x3001      	MOVLW      1
0x0233	0x0088      	MOVWF      TRISD
;door_lock2.c,70 :: 		PORTC = 0;                 // Initially PORTC not active
0x0234	0x1283      	BCF        STATUS, 5
0x0235	0x0187      	CLRF       PORTC
;door_lock2.c,72 :: 		lcd_init();                // LCD lib initialize
0x0236	0x2179      	CALL       _Lcd_Init
;door_lock2.c,73 :: 		keypad_init();             // keypad (3x4) lib initialize
0x0237	0x21DF      	CALL       _Keypad_Init
;door_lock2.c,74 :: 		PWM1_init(1000);           // PWM lib initialize
0x0238	0x1412      	BSF        T2CON, 0
0x0239	0x1492      	BSF        T2CON, 1
0x023A	0x307C      	MOVLW      124
0x023B	0x1683      	BSF        STATUS, 5
0x023C	0x0092      	MOVWF      PR2
0x023D	0x21D9      	CALL       _PWM1_Init
;door_lock2.c,76 :: 		Delay_ms(600);
0x023E	0x3007      	MOVLW      7
0x023F	0x00FB      	MOVWF      R11
0x0240	0x3017      	MOVLW      23
0x0241	0x00FC      	MOVWF      R12
0x0242	0x306A      	MOVLW      106
0x0243	0x00FD      	MOVWF      R13
L_main1:
0x0244	0x0BFD      	DECFSZ     R13, 1
0x0245	0x2A44      	GOTO       L_main1
0x0246	0x0BFC      	DECFSZ     R12, 1
0x0247	0x2A44      	GOTO       L_main1
0x0248	0x0BFB      	DECFSZ     R11, 1
0x0249	0x2A44      	GOTO       L_main1
0x024A	0x0000      	NOP
;door_lock2.c,77 :: 		lcd_cmd(_LCD_CURSOR_OFF);    // LCD cursor off
0x024B	0x300C      	MOVLW      12
0x024C	0x1703      	BSF        STATUS, 6
0x024D	0x00B2      	MOVWF      FARG_Lcd_Cmd_out_char
0x024E	0x2032      	CALL       _Lcd_Cmd
;door_lock2.c,78 :: 		lcd_cmd(_LCD_CLEAR);         // LCD clear
0x024F	0x3001      	MOVLW      1
0x0250	0x1703      	BSF        STATUS, 6
0x0251	0x00B2      	MOVWF      FARG_Lcd_Cmd_out_char
0x0252	0x2032      	CALL       _Lcd_Cmd
;door_lock2.c,79 :: 		lcd_out(1,6,"START");
0x0253	0x3001      	MOVLW      1
0x0254	0x1703      	BSF        STATUS, 6
0x0255	0x00A9      	MOVWF      FARG_Lcd_Out_row
0x0256	0x3006      	MOVLW      6
0x0257	0x00AA      	MOVWF      FARG_Lcd_Out_column
0x0258	0x305D      	MOVLW      ?lstr1_door_lock2
0x0259	0x00AB      	MOVWF      FARG_Lcd_Out_text
0x025A	0x21E9      	CALL       _Lcd_Out
;door_lock2.c,80 :: 		lcd_out(2,3,"Observe motor");
0x025B	0x3002      	MOVLW      2
0x025C	0x00A9      	MOVWF      FARG_Lcd_Out_row
0x025D	0x3003      	MOVLW      3
0x025E	0x00AA      	MOVWF      FARG_Lcd_Out_column
0x025F	0x304F      	MOVLW      ?lstr2_door_lock2
0x0260	0x00AB      	MOVWF      FARG_Lcd_Out_text
0x0261	0x21E9      	CALL       _Lcd_Out
;door_lock2.c,81 :: 		Delay_ms(2000);
0x0262	0x3015      	MOVLW      21
0x0263	0x00FB      	MOVWF      R11
0x0264	0x304B      	MOVLW      75
0x0265	0x00FC      	MOVWF      R12
0x0266	0x30BE      	MOVLW      190
0x0267	0x00FD      	MOVWF      R13
L_main2:
0x0268	0x0BFD      	DECFSZ     R13, 1
0x0269	0x2A68      	GOTO       L_main2
0x026A	0x0BFC      	DECFSZ     R12, 1
0x026B	0x2A68      	GOTO       L_main2
0x026C	0x0BFB      	DECFSZ     R11, 1
0x026D	0x2A68      	GOTO       L_main2
0x026E	0x0000      	NOP
;door_lock2.c,82 :: 		PWM1_Start();                // PWM signal ON
0x026F	0x20ED      	CALL       _PWM1_Start
;door_lock2.c,83 :: 		PORTC.B0 = 1;                // Motor ON, rotate right to lock
0x0270	0x1407      	BSF        PORTC, 0
;door_lock2.c,84 :: 		PWM1_Set_Duty(120);          // Rotation speed
0x0271	0x3078      	MOVLW      120
0x0272	0x1703      	BSF        STATUS, 6
0x0273	0x00A9      	MOVWF      FARG_PWM1_Set_Duty_new_duty
0x0274	0x213E      	CALL       _PWM1_Set_Duty
;door_lock2.c,85 :: 		Delay_ms(500);               // Rotation time
0x0275	0x3006      	MOVLW      6
0x0276	0x00FB      	MOVWF      R11
0x0277	0x3013      	MOVLW      19
0x0278	0x00FC      	MOVWF      R12
0x0279	0x30AD      	MOVLW      173
0x027A	0x00FD      	MOVWF      R13
L_main3:
0x027B	0x0BFD      	DECFSZ     R13, 1
0x027C	0x2A7B      	GOTO       L_main3
0x027D	0x0BFC      	DECFSZ     R12, 1
0x027E	0x2A7B      	GOTO       L_main3
0x027F	0x0BFB      	DECFSZ     R11, 1
0x0280	0x2A7B      	GOTO       L_main3
0x0281	0x0000      	NOP
0x0282	0x0000      	NOP
;door_lock2.c,86 :: 		PWM1_Stop();                 // PWM signal OFF
0x0283	0x21C8      	CALL       _PWM1_Stop
;door_lock2.c,87 :: 		PORTC.B0 = 0;                // Motor OFF
0x0284	0x1007      	BCF        PORTC, 0
;door_lock2.c,88 :: 		lcd_cmd(_LCD_CLEAR);
0x0285	0x3001      	MOVLW      1
0x0286	0x1703      	BSF        STATUS, 6
0x0287	0x00B2      	MOVWF      FARG_Lcd_Cmd_out_char
0x0288	0x2032      	CALL       _Lcd_Cmd
;door_lock2.c,89 :: 		lcd_out(2,6,"LOCKED");
0x0289	0x3002      	MOVLW      2
0x028A	0x1703      	BSF        STATUS, 6
0x028B	0x00A9      	MOVWF      FARG_Lcd_Out_row
0x028C	0x3006      	MOVLW      6
0x028D	0x00AA      	MOVWF      FARG_Lcd_Out_column
0x028E	0x302E      	MOVLW      ?lstr3_door_lock2
0x028F	0x00AB      	MOVWF      FARG_Lcd_Out_text
0x0290	0x21E9      	CALL       _Lcd_Out
;door_lock2.c,90 :: 		PORTA.B2 = 1;                // LED red ON
0x0291	0x1303      	BCF        STATUS, 6
0x0292	0x1505      	BSF        PORTA, 2
;door_lock2.c,91 :: 		PORTC.B6 = 1;                // Buzzer ON
0x0293	0x1707      	BSF        PORTC, 6
;door_lock2.c,92 :: 		Delay_ms(1000);
0x0294	0x300B      	MOVLW      11
0x0295	0x00FB      	MOVWF      R11
0x0296	0x3026      	MOVLW      38
0x0297	0x00FC      	MOVWF      R12
0x0298	0x305D      	MOVLW      93
0x0299	0x00FD      	MOVWF      R13
L_main4:
0x029A	0x0BFD      	DECFSZ     R13, 1
0x029B	0x2A9A      	GOTO       L_main4
0x029C	0x0BFC      	DECFSZ     R12, 1
0x029D	0x2A9A      	GOTO       L_main4
0x029E	0x0BFB      	DECFSZ     R11, 1
0x029F	0x2A9A      	GOTO       L_main4
0x02A0	0x0000      	NOP
0x02A1	0x0000      	NOP
;door_lock2.c,93 :: 		PORTA.B2 = 0;                // LED red OFF
0x02A2	0x1105      	BCF        PORTA, 2
;door_lock2.c,94 :: 		PORTC.B6 = 0;                // Buzzer OFF
0x02A3	0x1307      	BCF        PORTC, 6
;door_lock2.c,95 :: 		lcd_cmd(_LCD_CLEAR);
0x02A4	0x3001      	MOVLW      1
0x02A5	0x1703      	BSF        STATUS, 6
0x02A6	0x00B2      	MOVWF      FARG_Lcd_Cmd_out_char
0x02A7	0x2032      	CALL       _Lcd_Cmd
;door_lock2.c,96 :: 		lcd_out(1,2,"SENSOR ACTIVE");
0x02A8	0x3001      	MOVLW      1
0x02A9	0x1703      	BSF        STATUS, 6
0x02AA	0x00A9      	MOVWF      FARG_Lcd_Out_row
0x02AB	0x3002      	MOVLW      2
0x02AC	0x00AA      	MOVWF      FARG_Lcd_Out_column
0x02AD	0x3020      	MOVLW      ?lstr4_door_lock2
0x02AE	0x00AB      	MOVWF      FARG_Lcd_Out_text
0x02AF	0x21E9      	CALL       _Lcd_Out
;door_lock2.c,97 :: 		Delay_ms(2000);
0x02B0	0x3015      	MOVLW      21
0x02B1	0x00FB      	MOVWF      R11
0x02B2	0x304B      	MOVLW      75
0x02B3	0x00FC      	MOVWF      R12
0x02B4	0x30BE      	MOVLW      190
0x02B5	0x00FD      	MOVWF      R13
L_main5:
0x02B6	0x0BFD      	DECFSZ     R13, 1
0x02B7	0x2AB6      	GOTO       L_main5
0x02B8	0x0BFC      	DECFSZ     R12, 1
0x02B9	0x2AB6      	GOTO       L_main5
0x02BA	0x0BFB      	DECFSZ     R11, 1
0x02BB	0x2AB6      	GOTO       L_main5
0x02BC	0x0000      	NOP
;door_lock2.c,98 :: 		lcd_cmd(_LCD_CLEAR);
0x02BD	0x3001      	MOVLW      1
0x02BE	0x00B2      	MOVWF      FARG_Lcd_Cmd_out_char
0x02BF	0x2032      	CALL       _Lcd_Cmd
;door_lock2.c,100 :: 		array=0;  // clears previous charactor data, otherwise it can replace some of "LCD OFF" charators
0x02C0	0x1703      	BSF        STATUS, 6
0x02C1	0x0199      	CLRF       _array
0x02C2	0x019A      	CLRF       _array+1
;door_lock2.c,101 :: 		point1:
___main_point1:
;door_lock2.c,103 :: 		ADCON1 = 0x0F;                 // Switch OFF ADC all ports
0x02C3	0x300F      	MOVLW      15
0x02C4	0x1683      	BSF        STATUS, 5
0x02C5	0x1303      	BCF        STATUS, 6
0x02C6	0x009F      	MOVWF      ADCON1
;door_lock2.c,104 :: 		if(PORTA.B1 == 0)            // Check sensor >> 1= person / 0= no person
0x02C7	0x1283      	BCF        STATUS, 5
0x02C8	0x1885      	BTFSC      PORTA, 1
0x02C9	0x2AED      	GOTO       L_main6
;door_lock2.c,106 :: 		Delay_ms(700);          // RA1 pin reads sensor intput
0x02CA	0x3008      	MOVLW      8
0x02CB	0x00FB      	MOVWF      R11
0x02CC	0x301B      	MOVLW      27
0x02CD	0x00FC      	MOVWF      R12
0x02CE	0x3027      	MOVLW      39
0x02CF	0x00FD      	MOVWF      R13
L_main7:
0x02D0	0x0BFD      	DECFSZ     R13, 1
0x02D1	0x2AD0      	GOTO       L_main7
0x02D2	0x0BFC      	DECFSZ     R12, 1
0x02D3	0x2AD0      	GOTO       L_main7
0x02D4	0x0BFB      	DECFSZ     R11, 1
0x02D5	0x2AD0      	GOTO       L_main7
;door_lock2.c,107 :: 		lcd_out(2,5,"LCD OFF"); // Turn LCD off to save power
0x02D6	0x3002      	MOVLW      2
0x02D7	0x1703      	BSF        STATUS, 6
0x02D8	0x00A9      	MOVWF      FARG_Lcd_Out_row
0x02D9	0x3005      	MOVLW      5
0x02DA	0x00AA      	MOVWF      FARG_Lcd_Out_column
0x02DB	0x3035      	MOVLW      ?lstr5_door_lock2
0x02DC	0x00AB      	MOVWF      FARG_Lcd_Out_text
0x02DD	0x21E9      	CALL       _Lcd_Out
;door_lock2.c,108 :: 		Delay_ms(1600);
0x02DE	0x3011      	MOVLW      17
0x02DF	0x00FB      	MOVWF      R11
0x02E0	0x303C      	MOVLW      60
0x02E1	0x00FC      	MOVWF      R12
0x02E2	0x30CB      	MOVLW      203
0x02E3	0x00FD      	MOVWF      R13
L_main8:
0x02E4	0x0BFD      	DECFSZ     R13, 1
0x02E5	0x2AE4      	GOTO       L_main8
0x02E6	0x0BFC      	DECFSZ     R12, 1
0x02E7	0x2AE4      	GOTO       L_main8
0x02E8	0x0BFB      	DECFSZ     R11, 1
0x02E9	0x2AE4      	GOTO       L_main8
;door_lock2.c,109 :: 		lcd_cmd(_LCD_CLEAR);
0x02EA	0x3001      	MOVLW      1
0x02EB	0x00B2      	MOVWF      FARG_Lcd_Cmd_out_char
0x02EC	0x2032      	CALL       _Lcd_Cmd
;door_lock2.c,110 :: 		}
L_main6:
;door_lock2.c,111 :: 		do
L_main9:
;door_lock2.c,113 :: 		if(PORTA.B1 == 1)
0x02ED	0x1C85      	BTFSS      PORTA, 1
0x02EE	0x2AF0      	GOTO       L_main12
;door_lock2.c,114 :: 		{  break;  }
0x02EF	0x2AF2      	GOTO       L_main10
L_main12:
;door_lock2.c,115 :: 		}while(!PORTA.B1);          // Loop until sensor detect person
0x02F0	0x1C85      	BTFSS      PORTA, 1
0x02F1	0x2AED      	GOTO       L_main9
L_main10:
;door_lock2.c,118 :: 		lcd_cmd(_LCD_CLEAR);
0x02F2	0x3001      	MOVLW      1
0x02F3	0x1703      	BSF        STATUS, 6
0x02F4	0x00B2      	MOVWF      FARG_Lcd_Cmd_out_char
0x02F5	0x2032      	CALL       _Lcd_Cmd
;door_lock2.c,119 :: 		lcd_out(1,1,"Please Input key");
0x02F6	0x3001      	MOVLW      1
0x02F7	0x1703      	BSF        STATUS, 6
0x02F8	0x00A9      	MOVWF      FARG_Lcd_Out_row
0x02F9	0x3001      	MOVLW      1
0x02FA	0x00AA      	MOVWF      FARG_Lcd_Out_column
0x02FB	0x303E      	MOVLW      ?lstr6_door_lock2
0x02FC	0x00AB      	MOVWF      FARG_Lcd_Out_text
0x02FD	0x21E9      	CALL       _Lcd_Out
;door_lock2.c,120 :: 		lcd_out(2,7,"");
0x02FE	0x3002      	MOVLW      2
0x02FF	0x00A9      	MOVWF      FARG_Lcd_Out_row
0x0300	0x3007      	MOVLW      7
0x0301	0x00AA      	MOVWF      FARG_Lcd_Out_column
0x0302	0x303D      	MOVLW      ?lstr7_door_lock2
0x0303	0x00AB      	MOVWF      FARG_Lcd_Out_text
0x0304	0x21E9      	CALL       _Lcd_Out
;door_lock2.c,122 :: 		point_timer:
___main_point_timer:
0x0305	0x1703      	BSF        STATUS, 6
;door_lock2.c,124 :: 		cnt = 0;             // set interrupts count to '0'
0x0306	0x019B      	CLRF       _cnt
0x0307	0x019C      	CLRF       _cnt+1
;door_lock2.c,125 :: 		InitTimer0();        // Interrupt timer start
0x0308	0x21CF      	CALL       _InitTimer0
;door_lock2.c,127 :: 		array=0;  // reset array
0x0309	0x1703      	BSF        STATUS, 6
0x030A	0x0199      	CLRF       _array
0x030B	0x019A      	CLRF       _array+1
;door_lock2.c,129 :: 		while(1)
L_main13:
;door_lock2.c,131 :: 		do{
L_main15:
0x030C	0x1703      	BSF        STATUS, 6
;door_lock2.c,132 :: 		if (cnt >= 1500)    // 15s; after 1500 interrupts,(9.984ms x 1500)
0x030D	0x3005      	MOVLW      5
0x030E	0x021C      	SUBWF      _cnt+1, 0
0x030F	0x1D03      	BTFSS      STATUS, 2
0x0310	0x2B13      	GOTO       L__main61
0x0311	0x30DC      	MOVLW      220
0x0312	0x021B      	SUBWF      _cnt, 0
L__main61:
0x0313	0x1C03      	BTFSS      STATUS, 0
0x0314	0x2B1E      	GOTO       L_main18
;door_lock2.c,134 :: 		if(PORTA.B1==0)           // Sensor logic : '0'
0x0315	0x1303      	BCF        STATUS, 6
0x0316	0x1885      	BTFSC      PORTA, 1
0x0317	0x2B1D      	GOTO       L_main19
;door_lock2.c,135 :: 		{ lcd_cmd(_LCD_CLEAR);
0x0318	0x3001      	MOVLW      1
0x0319	0x1703      	BSF        STATUS, 6
0x031A	0x00B2      	MOVWF      FARG_Lcd_Cmd_out_char
0x031B	0x2032      	CALL       _Lcd_Cmd
;door_lock2.c,136 :: 		goto point1; }        // wait until timer 15s; goto point1
0x031C	0x2AC3      	GOTO       ___main_point1
L_main19:
;door_lock2.c,138 :: 		{ goto point_timer; }   // Sensor logic 1, goto point_timer
0x031D	0x2B05      	GOTO       ___main_point_timer
;door_lock2.c,139 :: 		}                          //    and loop timer
L_main18:
0x031E	0x1303      	BCF        STATUS, 6
;door_lock2.c,140 :: 		kp = 0;
0x031F	0x01EF      	CLRF       _kp
;door_lock2.c,141 :: 		kp = Keypad_Key_Click();     // store key code in kp variable
0x0320	0x2101      	CALL       _Keypad_Key_Click
0x0321	0x0870      	MOVF       R0, 0
0x0322	0x1303      	BCF        STATUS, 6
0x0323	0x00EF      	MOVWF      _kp
;door_lock2.c,142 :: 		} while(!kp);                // loop until key click
0x0324	0x0870      	MOVF       R0, 0
0x0325	0x1903      	BTFSC      STATUS, 2
0x0326	0x2B0C      	GOTO       L_main15
;door_lock2.c,144 :: 		switch(kp) // when key click assign value to kp
0x0327	0x2B94      	GOTO       L_main21
;door_lock2.c,146 :: 		/* 3 */   case 1 : x = '3'; enter_pswd[array] = x;  break;
L_main23:
0x0328	0x3033      	MOVLW      51
0x0329	0x1703      	BSF        STATUS, 6
0x032A	0x00A6      	MOVWF      _x
0x032B	0x0819      	MOVF       _array, 0
0x032C	0x3E23      	ADDLW      _enter_pswd
0x032D	0x0084      	MOVWF      FSR
0x032E	0x3033      	MOVLW      51
0x032F	0x0080      	MOVWF      INDF
0x0330	0x2BC5      	GOTO       L_main22
;door_lock2.c,147 :: 		/* 2 */   case 2 : x = '2'; enter_pswd[array] = x;  break;
L_main24:
0x0331	0x1703      	BSF        STATUS, 6
0x0332	0x3032      	MOVLW      50
0x0333	0x00A6      	MOVWF      _x
0x0334	0x0819      	MOVF       _array, 0
0x0335	0x3E23      	ADDLW      _enter_pswd
0x0336	0x0084      	MOVWF      FSR
0x0337	0x3032      	MOVLW      50
0x0338	0x0080      	MOVWF      INDF
0x0339	0x2BC5      	GOTO       L_main22
;door_lock2.c,148 :: 		/* 1 */   case 3 : x = '1'; enter_pswd[array] = x;  break;
L_main25:
0x033A	0x1703      	BSF        STATUS, 6
0x033B	0x3031      	MOVLW      49
0x033C	0x00A6      	MOVWF      _x
0x033D	0x0819      	MOVF       _array, 0
0x033E	0x3E23      	ADDLW      _enter_pswd
0x033F	0x0084      	MOVWF      FSR
0x0340	0x3031      	MOVLW      49
0x0341	0x0080      	MOVWF      INDF
0x0342	0x2BC5      	GOTO       L_main22
;door_lock2.c,149 :: 		/* 6 */   case 5 : x = '6'; enter_pswd[array] = x;  break;
L_main26:
0x0343	0x1703      	BSF        STATUS, 6
0x0344	0x3036      	MOVLW      54
0x0345	0x00A6      	MOVWF      _x
0x0346	0x0819      	MOVF       _array, 0
0x0347	0x3E23      	ADDLW      _enter_pswd
0x0348	0x0084      	MOVWF      FSR
0x0349	0x3036      	MOVLW      54
0x034A	0x0080      	MOVWF      INDF
0x034B	0x2BC5      	GOTO       L_main22
;door_lock2.c,150 :: 		/* 4 */   case 7 : x = '4'; enter_pswd[array] = x;  break;
L_main27:
0x034C	0x1703      	BSF        STATUS, 6
0x034D	0x3034      	MOVLW      52
0x034E	0x00A6      	MOVWF      _x
0x034F	0x0819      	MOVF       _array, 0
0x0350	0x3E23      	ADDLW      _enter_pswd
0x0351	0x0084      	MOVWF      FSR
0x0352	0x3034      	MOVLW      52
0x0353	0x0080      	MOVWF      INDF
0x0354	0x2BC5      	GOTO       L_main22
;door_lock2.c,151 :: 		/* 5 */   case 6 : x = '5'; enter_pswd[array] = x;  break;
L_main28:
0x0355	0x1703      	BSF        STATUS, 6
0x0356	0x3035      	MOVLW      53
0x0357	0x00A6      	MOVWF      _x
0x0358	0x0819      	MOVF       _array, 0
0x0359	0x3E23      	ADDLW      _enter_pswd
0x035A	0x0084      	MOVWF      FSR
0x035B	0x3035      	MOVLW      53
0x035C	0x0080      	MOVWF      INDF
0x035D	0x2BC5      	GOTO       L_main22
;door_lock2.c,152 :: 		/* 9 */   case 9 : x = '9'; enter_pswd[array] = x;  break;
L_main29:
0x035E	0x1703      	BSF        STATUS, 6
0x035F	0x3039      	MOVLW      57
0x0360	0x00A6      	MOVWF      _x
0x0361	0x0819      	MOVF       _array, 0
0x0362	0x3E23      	ADDLW      _enter_pswd
0x0363	0x0084      	MOVWF      FSR
0x0364	0x3039      	MOVLW      57
0x0365	0x0080      	MOVWF      INDF
0x0366	0x2BC5      	GOTO       L_main22
;door_lock2.c,153 :: 		/* 8 */   case 10: x = '8'; enter_pswd[array] = x;  break;
L_main30:
0x0367	0x1703      	BSF        STATUS, 6
0x0368	0x3038      	MOVLW      56
0x0369	0x00A6      	MOVWF      _x
0x036A	0x0819      	MOVF       _array, 0
0x036B	0x3E23      	ADDLW      _enter_pswd
0x036C	0x0084      	MOVWF      FSR
0x036D	0x3038      	MOVLW      56
0x036E	0x0080      	MOVWF      INDF
0x036F	0x2BC5      	GOTO       L_main22
;door_lock2.c,154 :: 		/* 7 */   case 11: x = '7'; enter_pswd[array] = x;  break;
L_main31:
0x0370	0x1703      	BSF        STATUS, 6
0x0371	0x3037      	MOVLW      55
0x0372	0x00A6      	MOVWF      _x
0x0373	0x0819      	MOVF       _array, 0
0x0374	0x3E23      	ADDLW      _enter_pswd
0x0375	0x0084      	MOVWF      FSR
0x0376	0x3037      	MOVLW      55
0x0377	0x0080      	MOVWF      INDF
0x0378	0x2BC5      	GOTO       L_main22
;door_lock2.c,155 :: 		/* # */   case 13: x = '#'; enter_pswd[array] = x;  break;
L_main32:
0x0379	0x1703      	BSF        STATUS, 6
0x037A	0x3023      	MOVLW      35
0x037B	0x00A6      	MOVWF      _x
0x037C	0x0819      	MOVF       _array, 0
0x037D	0x3E23      	ADDLW      _enter_pswd
0x037E	0x0084      	MOVWF      FSR
0x037F	0x3023      	MOVLW      35
0x0380	0x0080      	MOVWF      INDF
0x0381	0x2BC5      	GOTO       L_main22
;door_lock2.c,156 :: 		/* 0 */   case 14: x = '0'; enter_pswd[array] = x;  break;
L_main33:
0x0382	0x1703      	BSF        STATUS, 6
0x0383	0x3030      	MOVLW      48
0x0384	0x00A6      	MOVWF      _x
0x0385	0x0819      	MOVF       _array, 0
0x0386	0x3E23      	ADDLW      _enter_pswd
0x0387	0x0084      	MOVWF      FSR
0x0388	0x3030      	MOVLW      48
0x0389	0x0080      	MOVWF      INDF
0x038A	0x2BC5      	GOTO       L_main22
;door_lock2.c,157 :: 		/* * */   case 15: x = '*'; enter_pswd[array] = x;  break;
L_main34:
0x038B	0x1703      	BSF        STATUS, 6
0x038C	0x302A      	MOVLW      42
0x038D	0x00A6      	MOVWF      _x
0x038E	0x0819      	MOVF       _array, 0
0x038F	0x3E23      	ADDLW      _enter_pswd
0x0390	0x0084      	MOVWF      FSR
0x0391	0x302A      	MOVLW      42
0x0392	0x0080      	MOVWF      INDF
0x0393	0x2BC5      	GOTO       L_main22
;door_lock2.c,158 :: 		}
L_main21:
0x0394	0x1303      	BCF        STATUS, 6
0x0395	0x086F      	MOVF       _kp, 0
0x0396	0x3A01      	XORLW      1
0x0397	0x1903      	BTFSC      STATUS, 2
0x0398	0x2B28      	GOTO       L_main23
0x0399	0x086F      	MOVF       _kp, 0
0x039A	0x3A02      	XORLW      2
0x039B	0x1903      	BTFSC      STATUS, 2
0x039C	0x2B31      	GOTO       L_main24
0x039D	0x086F      	MOVF       _kp, 0
0x039E	0x3A03      	XORLW      3
0x039F	0x1903      	BTFSC      STATUS, 2
0x03A0	0x2B3A      	GOTO       L_main25
0x03A1	0x086F      	MOVF       _kp, 0
0x03A2	0x3A05      	XORLW      5
0x03A3	0x1903      	BTFSC      STATUS, 2
0x03A4	0x2B43      	GOTO       L_main26
0x03A5	0x086F      	MOVF       _kp, 0
0x03A6	0x3A07      	XORLW      7
0x03A7	0x1903      	BTFSC      STATUS, 2
0x03A8	0x2B4C      	GOTO       L_main27
0x03A9	0x086F      	MOVF       _kp, 0
0x03AA	0x3A06      	XORLW      6
0x03AB	0x1903      	BTFSC      STATUS, 2
0x03AC	0x2B55      	GOTO       L_main28
0x03AD	0x086F      	MOVF       _kp, 0
0x03AE	0x3A09      	XORLW      9
0x03AF	0x1903      	BTFSC      STATUS, 2
0x03B0	0x2B5E      	GOTO       L_main29
0x03B1	0x086F      	MOVF       _kp, 0
0x03B2	0x3A0A      	XORLW      10
0x03B3	0x1903      	BTFSC      STATUS, 2
0x03B4	0x2B67      	GOTO       L_main30
0x03B5	0x086F      	MOVF       _kp, 0
0x03B6	0x3A0B      	XORLW      11
0x03B7	0x1903      	BTFSC      STATUS, 2
0x03B8	0x2B70      	GOTO       L_main31
0x03B9	0x086F      	MOVF       _kp, 0
0x03BA	0x3A0D      	XORLW      13
0x03BB	0x1903      	BTFSC      STATUS, 2
0x03BC	0x2B79      	GOTO       L_main32
0x03BD	0x086F      	MOVF       _kp, 0
0x03BE	0x3A0E      	XORLW      14
0x03BF	0x1903      	BTFSC      STATUS, 2
0x03C0	0x2B82      	GOTO       L_main33
0x03C1	0x086F      	MOVF       _kp, 0
0x03C2	0x3A0F      	XORLW      15
0x03C3	0x1903      	BTFSC      STATUS, 2
0x03C4	0x2B8B      	GOTO       L_main34
L_main22:
;door_lock2.c,159 :: 		Lcd_Chr_Cp(x);  // display key press at current cursor position
0x03C5	0x1703      	BSF        STATUS, 6
0x03C6	0x0826      	MOVF       _x, 0
0x03C7	0x00AD      	MOVWF      FARG_Lcd_Chr_CP_out_char
0x03C8	0x20A4      	CALL       _Lcd_Chr_CP
;door_lock2.c,160 :: 		array++;        // add 1 to current array count
0x03C9	0x0A99      	INCF       _array, 1
0x03CA	0x1903      	BTFSC      STATUS, 2
0x03CB	0x0A9A      	INCF       _array+1, 1
;door_lock2.c,162 :: 		if(array>=4)
0x03CC	0x3080      	MOVLW      128
0x03CD	0x061A      	XORWF      _array+1, 0
0x03CE	0x00F0      	MOVWF      R0
0x03CF	0x3080      	MOVLW      128
0x03D0	0x0270      	SUBWF      R0, 0
0x03D1	0x1D03      	BTFSS      STATUS, 2
0x03D2	0x2BD5      	GOTO       L__main62
0x03D3	0x3004      	MOVLW      4
0x03D4	0x0219      	SUBWF      _array, 0
L__main62:
0x03D5	0x1C03      	BTFSS      STATUS, 0
0x03D6	0x2CA0      	GOTO       L_main35
;door_lock2.c,164 :: 		Delay_ms(500);
0x03D7	0x3006      	MOVLW      6
0x03D8	0x00FB      	MOVWF      R11
0x03D9	0x3013      	MOVLW      19
0x03DA	0x00FC      	MOVWF      R12
0x03DB	0x30AD      	MOVLW      173
0x03DC	0x00FD      	MOVWF      R13
L_main36:
0x03DD	0x0BFD      	DECFSZ     R13, 1
0x03DE	0x2BDD      	GOTO       L_main36
0x03DF	0x0BFC      	DECFSZ     R12, 1
0x03E0	0x2BDD      	GOTO       L_main36
0x03E1	0x0BFB      	DECFSZ     R11, 1
0x03E2	0x2BDD      	GOTO       L_main36
0x03E3	0x0000      	NOP
0x03E4	0x0000      	NOP
;door_lock2.c,165 :: 		i = memcmp(unit_password, enter_pswd, 4);
0x03E5	0x30D6      	MOVLW      _unit_password
0x03E6	0x00A9      	MOVWF      FARG_memcmp_s1
0x03E7	0x3023      	MOVLW      _enter_pswd
0x03E8	0x00AA      	MOVWF      FARG_memcmp_s2
0x03E9	0x3004      	MOVLW      4
0x03EA	0x00AB      	MOVWF      FARG_memcmp_n
0x03EB	0x3000      	MOVLW      0
0x03EC	0x00AC      	MOVWF      FARG_memcmp_n+1
0x03ED	0x2110      	CALL       _memcmp
0x03EE	0x0870      	MOVF       R0, 0
0x03EF	0x00A1      	MOVWF      _i
0x03F0	0x0871      	MOVF       R0+1, 0
0x03F1	0x00A2      	MOVWF      _i+1
;door_lock2.c,169 :: 		if(i==0)       // if pin matched do this part
0x03F2	0x3000      	MOVLW      0
0x03F3	0x0671      	XORWF      R0+1, 0
0x03F4	0x1D03      	BTFSS      STATUS, 2
0x03F5	0x2BF8      	GOTO       L__main63
0x03F6	0x3000      	MOVLW      0
0x03F7	0x0670      	XORWF      R0, 0
L__main63:
0x03F8	0x1D03      	BTFSS      STATUS, 2
0x03F9	0x2C37      	GOTO       L_main37
;door_lock2.c,171 :: 		Delay_ms(500);
0x03FA	0x3006      	MOVLW      6
0x03FB	0x00FB      	MOVWF      R11
0x03FC	0x3013      	MOVLW      19
0x03FD	0x00FC      	MOVWF      R12
0x03FE	0x30AD      	MOVLW      173
0x03FF	0x00FD      	MOVWF      R13
L_main38:
0x0400	0x0BFD      	DECFSZ     R13, 1
0x0401	0x2C00      	GOTO       L_main38
0x0402	0x0BFC      	DECFSZ     R12, 1
0x0403	0x2C00      	GOTO       L_main38
0x0404	0x0BFB      	DECFSZ     R11, 1
0x0405	0x2C00      	GOTO       L_main38
0x0406	0x0000      	NOP
0x0407	0x0000      	NOP
;door_lock2.c,172 :: 		lcd_cmd(_LCD_CLEAR);
0x0408	0x3001      	MOVLW      1
0x0409	0x00B2      	MOVWF      FARG_Lcd_Cmd_out_char
0x040A	0x2032      	CALL       _Lcd_Cmd
;door_lock2.c,173 :: 		lcd_cmd(_LCD_CURSOR_OFF);
0x040B	0x300C      	MOVLW      12
0x040C	0x1703      	BSF        STATUS, 6
0x040D	0x00B2      	MOVWF      FARG_Lcd_Cmd_out_char
0x040E	0x2032      	CALL       _Lcd_Cmd
;door_lock2.c,174 :: 		Lcd_out(1,6,"UNLOCK");
0x040F	0x3001      	MOVLW      1
0x0410	0x1703      	BSF        STATUS, 6
0x0411	0x00A9      	MOVWF      FARG_Lcd_Out_row
0x0412	0x3006      	MOVLW      6
0x0413	0x00AA      	MOVWF      FARG_Lcd_Out_column
0x0414	0x30E9      	MOVLW      ?lstr8_door_lock2
0x0415	0x00AB      	MOVWF      FARG_Lcd_Out_text
0x0416	0x21E9      	CALL       _Lcd_Out
;door_lock2.c,175 :: 		Lcd_out(1,3,"        ");  // without this there is an error with LCD charactor placement
0x0417	0x3001      	MOVLW      1
0x0418	0x00A9      	MOVWF      FARG_Lcd_Out_row
0x0419	0x3003      	MOVLW      3
0x041A	0x00AA      	MOVWF      FARG_Lcd_Out_column
0x041B	0x3010      	MOVLW      ?lstr9_door_lock2
0x041C	0x00AB      	MOVWF      FARG_Lcd_Out_text
0x041D	0x21E9      	CALL       _Lcd_Out
;door_lock2.c,176 :: 		PORTA.B3 = 1;
0x041E	0x1303      	BCF        STATUS, 6
0x041F	0x1585      	BSF        PORTA, 3
;door_lock2.c,179 :: 		PWM1_Start();            // Motor(Left - Unlock)
0x0420	0x20ED      	CALL       _PWM1_Start
;door_lock2.c,180 :: 		PORTC.B1 = 1;
0x0421	0x1487      	BSF        PORTC, 1
;door_lock2.c,181 :: 		PWM1_Set_Duty(200);
0x0422	0x30C8      	MOVLW      200
0x0423	0x1703      	BSF        STATUS, 6
0x0424	0x00A9      	MOVWF      FARG_PWM1_Set_Duty_new_duty
0x0425	0x213E      	CALL       _PWM1_Set_Duty
;door_lock2.c,182 :: 		Delay_ms(300);
0x0426	0x3004      	MOVLW      4
0x0427	0x00FB      	MOVWF      R11
0x0428	0x300C      	MOVLW      12
0x0429	0x00FC      	MOVWF      R12
0x042A	0x3033      	MOVLW      51
0x042B	0x00FD      	MOVWF      R13
L_main39:
0x042C	0x0BFD      	DECFSZ     R13, 1
0x042D	0x2C2C      	GOTO       L_main39
0x042E	0x0BFC      	DECFSZ     R12, 1
0x042F	0x2C2C      	GOTO       L_main39
0x0430	0x0BFB      	DECFSZ     R11, 1
0x0431	0x2C2C      	GOTO       L_main39
0x0432	0x0000      	NOP
0x0433	0x0000      	NOP
;door_lock2.c,183 :: 		PWM1_Stop();
0x0434	0x21C8      	CALL       _PWM1_Stop
;door_lock2.c,184 :: 		PORTC.B1 = 0;
0x0435	0x1087      	BCF        PORTC, 1
;door_lock2.c,185 :: 		goto point2;
0x0436	0x2CA1      	GOTO       ___main_point2
;door_lock2.c,186 :: 		}
L_main37:
;door_lock2.c,189 :: 		Delay_ms(100);  PORTA.B2 = 1;   // Red LED blink
0x0437	0x3002      	MOVLW      2
0x0438	0x00FB      	MOVWF      R11
0x0439	0x3004      	MOVLW      4
0x043A	0x00FC      	MOVWF      R12
0x043B	0x30BA      	MOVLW      186
0x043C	0x00FD      	MOVWF      R13
L_main41:
0x043D	0x1303      	BCF        STATUS, 6
0x043E	0x0BFD      	DECFSZ     R13, 1
0x043F	0x2C3D      	GOTO       L_main41
0x0440	0x0BFC      	DECFSZ     R12, 1
0x0441	0x2C3D      	GOTO       L_main41
0x0442	0x0BFB      	DECFSZ     R11, 1
0x0443	0x2C3D      	GOTO       L_main41
0x0444	0x0000      	NOP
0x0445	0x1505      	BSF        PORTA, 2
;door_lock2.c,190 :: 		Delay_ms(150);  PORTA.B2 = 0;
0x0446	0x3002      	MOVLW      2
0x0447	0x00FB      	MOVWF      R11
0x0448	0x3086      	MOVLW      134
0x0449	0x00FC      	MOVWF      R12
0x044A	0x3099      	MOVLW      153
0x044B	0x00FD      	MOVWF      R13
L_main42:
0x044C	0x0BFD      	DECFSZ     R13, 1
0x044D	0x2C4C      	GOTO       L_main42
0x044E	0x0BFC      	DECFSZ     R12, 1
0x044F	0x2C4C      	GOTO       L_main42
0x0450	0x0BFB      	DECFSZ     R11, 1
0x0451	0x2C4C      	GOTO       L_main42
0x0452	0x1105      	BCF        PORTA, 2
;door_lock2.c,191 :: 		Delay_ms(120);  PORTA.B2 = 1;
0x0453	0x3002      	MOVLW      2
0x0454	0x00FB      	MOVWF      R11
0x0455	0x3038      	MOVLW      56
0x0456	0x00FC      	MOVWF      R12
0x0457	0x30AD      	MOVLW      173
0x0458	0x00FD      	MOVWF      R13
L_main43:
0x0459	0x0BFD      	DECFSZ     R13, 1
0x045A	0x2C59      	GOTO       L_main43
0x045B	0x0BFC      	DECFSZ     R12, 1
0x045C	0x2C59      	GOTO       L_main43
0x045D	0x0BFB      	DECFSZ     R11, 1
0x045E	0x2C59      	GOTO       L_main43
0x045F	0x1505      	BSF        PORTA, 2
;door_lock2.c,192 :: 		Delay_ms(150);  PORTA.B2 = 0;
0x0460	0x3002      	MOVLW      2
0x0461	0x00FB      	MOVWF      R11
0x0462	0x3086      	MOVLW      134
0x0463	0x00FC      	MOVWF      R12
0x0464	0x3099      	MOVLW      153
0x0465	0x00FD      	MOVWF      R13
L_main44:
0x0466	0x0BFD      	DECFSZ     R13, 1
0x0467	0x2C66      	GOTO       L_main44
0x0468	0x0BFC      	DECFSZ     R12, 1
0x0469	0x2C66      	GOTO       L_main44
0x046A	0x0BFB      	DECFSZ     R11, 1
0x046B	0x2C66      	GOTO       L_main44
0x046C	0x1105      	BCF        PORTA, 2
;door_lock2.c,193 :: 		Delay_ms(120);  PORTA.B2 = 1;   // LED stay ON
0x046D	0x3002      	MOVLW      2
0x046E	0x00FB      	MOVWF      R11
0x046F	0x3038      	MOVLW      56
0x0470	0x00FC      	MOVWF      R12
0x0471	0x30AD      	MOVLW      173
0x0472	0x00FD      	MOVWF      R13
L_main45:
0x0473	0x0BFD      	DECFSZ     R13, 1
0x0474	0x2C73      	GOTO       L_main45
0x0475	0x0BFC      	DECFSZ     R12, 1
0x0476	0x2C73      	GOTO       L_main45
0x0477	0x0BFB      	DECFSZ     R11, 1
0x0478	0x2C73      	GOTO       L_main45
0x0479	0x1505      	BSF        PORTA, 2
;door_lock2.c,195 :: 		lcd_cmd(_LCD_CLEAR);
0x047A	0x3001      	MOVLW      1
0x047B	0x1703      	BSF        STATUS, 6
0x047C	0x00B2      	MOVWF      FARG_Lcd_Cmd_out_char
0x047D	0x2032      	CALL       _Lcd_Cmd
;door_lock2.c,196 :: 		Lcd_out(1,3,"Access denied");
0x047E	0x3001      	MOVLW      1
0x047F	0x1703      	BSF        STATUS, 6
0x0480	0x00A9      	MOVWF      FARG_Lcd_Out_row
0x0481	0x3003      	MOVLW      3
0x0482	0x00AA      	MOVWF      FARG_Lcd_Out_column
0x0483	0x30DB      	MOVLW      ?lstr10_door_lock2
0x0484	0x00AB      	MOVWF      FARG_Lcd_Out_text
0x0485	0x21E9      	CALL       _Lcd_Out
;door_lock2.c,197 :: 		Lcd_out(2,3,"Try again..");
0x0486	0x3002      	MOVLW      2
0x0487	0x00A9      	MOVWF      FARG_Lcd_Out_row
0x0488	0x3003      	MOVLW      3
0x0489	0x00AA      	MOVWF      FARG_Lcd_Out_column
0x048A	0x3063      	MOVLW      ?lstr11_door_lock2
0x048B	0x00AB      	MOVWF      FARG_Lcd_Out_text
0x048C	0x21E9      	CALL       _Lcd_Out
;door_lock2.c,198 :: 		Delay_ms(1000);
0x048D	0x300B      	MOVLW      11
0x048E	0x00FB      	MOVWF      R11
0x048F	0x3026      	MOVLW      38
0x0490	0x00FC      	MOVWF      R12
0x0491	0x305D      	MOVLW      93
0x0492	0x00FD      	MOVWF      R13
L_main46:
0x0493	0x0BFD      	DECFSZ     R13, 1
0x0494	0x2C93      	GOTO       L_main46
0x0495	0x0BFC      	DECFSZ     R12, 1
0x0496	0x2C93      	GOTO       L_main46
0x0497	0x0BFB      	DECFSZ     R11, 1
0x0498	0x2C93      	GOTO       L_main46
0x0499	0x0000      	NOP
0x049A	0x0000      	NOP
;door_lock2.c,199 :: 		lcd_cmd(_LCD_CLEAR);
0x049B	0x3001      	MOVLW      1
0x049C	0x00B2      	MOVWF      FARG_Lcd_Cmd_out_char
0x049D	0x2032      	CALL       _Lcd_Cmd
;door_lock2.c,200 :: 		PORTA.B2 = 0;                  // Red LED OFF
0x049E	0x1105      	BCF        PORTA, 2
;door_lock2.c,201 :: 		goto point1;
0x049F	0x2AC3      	GOTO       ___main_point1
;door_lock2.c,203 :: 		}
L_main35:
;door_lock2.c,204 :: 		}
0x04A0	0x2B0C      	GOTO       L_main13
;door_lock2.c,205 :: 		point2:
___main_point2:
;door_lock2.c,206 :: 		Delay_ms(3000);
0x04A1	0x301F      	MOVLW      31
0x04A2	0x00FB      	MOVWF      R11
0x04A3	0x3071      	MOVLW      113
0x04A4	0x00FC      	MOVWF      R12
0x04A5	0x301E      	MOVLW      30
0x04A6	0x00FD      	MOVWF      R13
L_main47:
0x04A7	0x0BFD      	DECFSZ     R13, 1
0x04A8	0x2CA7      	GOTO       L_main47
0x04A9	0x0BFC      	DECFSZ     R12, 1
0x04AA	0x2CA7      	GOTO       L_main47
0x04AB	0x0BFB      	DECFSZ     R11, 1
0x04AC	0x2CA7      	GOTO       L_main47
0x04AD	0x0000      	NOP
;door_lock2.c,207 :: 		dl=0;
0x04AE	0x1703      	BSF        STATUS, 6
0x04AF	0x019F      	CLRF       _dl
;door_lock2.c,208 :: 		point3:
___main_point3:
0x04B0	0x1703      	BSF        STATUS, 6
;door_lock2.c,209 :: 		lcd_cmd(_LCD_CLEAR);
0x04B1	0x3001      	MOVLW      1
0x04B2	0x00B2      	MOVWF      FARG_Lcd_Cmd_out_char
0x04B3	0x2032      	CALL       _Lcd_Cmd
;door_lock2.c,210 :: 		Lcd_out(1,1,"Door open. Lock?");
0x04B4	0x3001      	MOVLW      1
0x04B5	0x1703      	BSF        STATUS, 6
0x04B6	0x00A9      	MOVWF      FARG_Lcd_Out_row
0x04B7	0x3001      	MOVLW      1
0x04B8	0x00AA      	MOVWF      FARG_Lcd_Out_column
0x04B9	0x30A0      	MOVLW      ?lstr12_door_lock2
0x04BA	0x00AB      	MOVWF      FARG_Lcd_Out_text
0x04BB	0x21E9      	CALL       _Lcd_Out
;door_lock2.c,211 :: 		Lcd_out(2,1,"Press: #");
0x04BC	0x3002      	MOVLW      2
0x04BD	0x00A9      	MOVWF      FARG_Lcd_Out_row
0x04BE	0x3001      	MOVLW      1
0x04BF	0x00AA      	MOVWF      FARG_Lcd_Out_column
0x04C0	0x30B1      	MOVLW      ?lstr13_door_lock2
0x04C1	0x00AB      	MOVWF      FARG_Lcd_Out_text
0x04C2	0x21E9      	CALL       _Lcd_Out
;door_lock2.c,213 :: 		do{dl = Keypad_Key_Click();     // Accept # key to lock
L_main48:
0x04C3	0x2101      	CALL       _Keypad_Key_Click
0x04C4	0x0870      	MOVF       R0, 0
0x04C5	0x009F      	MOVWF      _dl
;door_lock2.c,214 :: 		}while(!dl);
0x04C6	0x0870      	MOVF       R0, 0
0x04C7	0x1903      	BTFSC      STATUS, 2
0x04C8	0x2CC3      	GOTO       L_main48
;door_lock2.c,216 :: 		if(dl==13)    // dl = 13 is # symbol in ASCII
0x04C9	0x081F      	MOVF       _dl, 0
0x04CA	0x3A0D      	XORLW      13
0x04CB	0x1D03      	BTFSS      STATUS, 2
0x04CC	0x2D28      	GOTO       L_main51
;door_lock2.c,218 :: 		Delay_ms(400);
0x04CD	0x3005      	MOVLW      5
0x04CE	0x00FB      	MOVWF      R11
0x04CF	0x300F      	MOVLW      15
0x04D0	0x00FC      	MOVWF      R12
0x04D1	0x30F1      	MOVLW      241
0x04D2	0x00FD      	MOVWF      R13
L_main52:
0x04D3	0x0BFD      	DECFSZ     R13, 1
0x04D4	0x2CD3      	GOTO       L_main52
0x04D5	0x0BFC      	DECFSZ     R12, 1
0x04D6	0x2CD3      	GOTO       L_main52
0x04D7	0x0BFB      	DECFSZ     R11, 1
0x04D8	0x2CD3      	GOTO       L_main52
;door_lock2.c,219 :: 		lcd_cmd(_LCD_CLEAR);
0x04D9	0x3001      	MOVLW      1
0x04DA	0x00B2      	MOVWF      FARG_Lcd_Cmd_out_char
0x04DB	0x2032      	CALL       _Lcd_Cmd
;door_lock2.c,220 :: 		Lcd_out(1,3,"DOOR LOCKED");
0x04DC	0x3001      	MOVLW      1
0x04DD	0x1703      	BSF        STATUS, 6
0x04DE	0x00A9      	MOVWF      FARG_Lcd_Out_row
0x04DF	0x3003      	MOVLW      3
0x04E0	0x00AA      	MOVWF      FARG_Lcd_Out_column
0x04E1	0x30CA      	MOVLW      ?lstr14_door_lock2
0x04E2	0x00AB      	MOVWF      FARG_Lcd_Out_text
0x04E3	0x21E9      	CALL       _Lcd_Out
;door_lock2.c,221 :: 		PORTA.B3 = 0;
0x04E4	0x1303      	BCF        STATUS, 6
0x04E5	0x1185      	BCF        PORTA, 3
;door_lock2.c,222 :: 		Delay_ms(400);
0x04E6	0x3005      	MOVLW      5
0x04E7	0x00FB      	MOVWF      R11
0x04E8	0x300F      	MOVLW      15
0x04E9	0x00FC      	MOVWF      R12
0x04EA	0x30F1      	MOVLW      241
0x04EB	0x00FD      	MOVWF      R13
L_main53:
0x04EC	0x0BFD      	DECFSZ     R13, 1
0x04ED	0x2CEC      	GOTO       L_main53
0x04EE	0x0BFC      	DECFSZ     R12, 1
0x04EF	0x2CEC      	GOTO       L_main53
0x04F0	0x0BFB      	DECFSZ     R11, 1
0x04F1	0x2CEC      	GOTO       L_main53
;door_lock2.c,223 :: 		PWM1_Start();                // Motor (Right - Locked)
0x04F2	0x20ED      	CALL       _PWM1_Start
;door_lock2.c,224 :: 		PORTC.B0 = 1;
0x04F3	0x1407      	BSF        PORTC, 0
;door_lock2.c,225 :: 		PWM1_Set_Duty(200);
0x04F4	0x30C8      	MOVLW      200
0x04F5	0x1703      	BSF        STATUS, 6
0x04F6	0x00A9      	MOVWF      FARG_PWM1_Set_Duty_new_duty
0x04F7	0x213E      	CALL       _PWM1_Set_Duty
;door_lock2.c,226 :: 		Delay_ms(300);
0x04F8	0x3004      	MOVLW      4
0x04F9	0x00FB      	MOVWF      R11
0x04FA	0x300C      	MOVLW      12
0x04FB	0x00FC      	MOVWF      R12
0x04FC	0x3033      	MOVLW      51
0x04FD	0x00FD      	MOVWF      R13
L_main54:
0x04FE	0x0BFD      	DECFSZ     R13, 1
0x04FF	0x2CFE      	GOTO       L_main54
0x0500	0x0BFC      	DECFSZ     R12, 1
0x0501	0x2CFE      	GOTO       L_main54
0x0502	0x0BFB      	DECFSZ     R11, 1
0x0503	0x2CFE      	GOTO       L_main54
0x0504	0x0000      	NOP
0x0505	0x0000      	NOP
;door_lock2.c,227 :: 		PORTC.B0 = 0;
0x0506	0x1007      	BCF        PORTC, 0
;door_lock2.c,228 :: 		PWM1_Stop();
0x0507	0x21C8      	CALL       _PWM1_Stop
;door_lock2.c,230 :: 		PORTC.B6 = 1;                   // Buzzer
0x0508	0x1707      	BSF        PORTC, 6
;door_lock2.c,231 :: 		PORTA = 0x0C;                   // Both Red & Green LED ON
0x0509	0x300C      	MOVLW      12
0x050A	0x0085      	MOVWF      PORTA
;door_lock2.c,232 :: 		Lcd_out(2,1,"SECURITY ACTIVE");
0x050B	0x3002      	MOVLW      2
0x050C	0x1703      	BSF        STATUS, 6
0x050D	0x00A9      	MOVWF      FARG_Lcd_Out_row
0x050E	0x3001      	MOVLW      1
0x050F	0x00AA      	MOVWF      FARG_Lcd_Out_column
0x0510	0x30BA      	MOVLW      ?lstr15_door_lock2
0x0511	0x00AB      	MOVWF      FARG_Lcd_Out_text
0x0512	0x21E9      	CALL       _Lcd_Out
;door_lock2.c,233 :: 		Delay_ms(1300);
0x0513	0x300E      	MOVLW      14
0x0514	0x00FB      	MOVWF      R11
0x0515	0x3031      	MOVLW      49
0x0516	0x00FC      	MOVWF      R12
0x0517	0x3094      	MOVLW      148
0x0518	0x00FD      	MOVWF      R13
L_main55:
0x0519	0x0BFD      	DECFSZ     R13, 1
0x051A	0x2D19      	GOTO       L_main55
0x051B	0x0BFC      	DECFSZ     R12, 1
0x051C	0x2D19      	GOTO       L_main55
0x051D	0x0BFB      	DECFSZ     R11, 1
0x051E	0x2D19      	GOTO       L_main55
0x051F	0x0000      	NOP
;door_lock2.c,234 :: 		PORTA = 0x00;                   // Both Red & Green LED OFF
0x0520	0x1303      	BCF        STATUS, 6
0x0521	0x0185      	CLRF       PORTA
;door_lock2.c,235 :: 		PORTC.B6 = 0;
0x0522	0x1307      	BCF        PORTC, 6
;door_lock2.c,236 :: 		lcd_cmd(_LCD_CLEAR);
0x0523	0x3001      	MOVLW      1
0x0524	0x1703      	BSF        STATUS, 6
0x0525	0x00B2      	MOVWF      FARG_Lcd_Cmd_out_char
0x0526	0x2032      	CALL       _Lcd_Cmd
;door_lock2.c,238 :: 		goto point1;
0x0527	0x2AC3      	GOTO       ___main_point1
;door_lock2.c,239 :: 		}
L_main51:
;door_lock2.c,240 :: 		else { goto point3; }
0x0528	0x2CB0      	GOTO       ___main_point3
;door_lock2.c,242 :: 		}
L_end_main:
0x0529	0x2D29      	GOTO       $+0
; end of _main
0x05D8	0x3020      	MOVLW      32
0x05D9	0x0084      	MOVWF      FSR
0x05DA	0x3043      	MOVLW      67
0x05DB	0x1283      	BCF        STATUS, 5
0x05DC	0x1303      	BCF        STATUS, 6
0x05DD	0x00F0      	MOVWF      R0
0x05DE	0x302F      	MOVLW      47
0x05DF	0x1703      	BSF        STATUS, 6
0x05E0	0x009D      	MOVWF      ___DoICPAddr
0x05E1	0x3005      	MOVLW      5
0x05E2	0x009E      	MOVWF      286
0x05E3	0x20F5      	CALL       245
0x05E4	0x30A0      	MOVLW      160
0x05E5	0x0084      	MOVWF      FSR
0x05E6	0x3011      	MOVLW      17
0x05E7	0x1283      	BCF        STATUS, 5
0x05E8	0x00F0      	MOVWF      R0
0x05E9	0x30AA      	MOVLW      170
0x05EA	0x1703      	BSF        STATUS, 6
0x05EB	0x009D      	MOVWF      ___DoICPAddr
0x05EC	0x3005      	MOVLW      5
0x05ED	0x009E      	MOVWF      286
0x05EE	0x20F5      	CALL       245
0x05EF	0x3063      	MOVLW      99
0x05F0	0x0084      	MOVWF      FSR
0x05F1	0x300C      	MOVLW      12
0x05F2	0x1283      	BCF        STATUS, 5
0x05F3	0x00F0      	MOVWF      R0
0x05F4	0x30BB      	MOVLW      187
0x05F5	0x1703      	BSF        STATUS, 6
0x05F6	0x009D      	MOVWF      ___DoICPAddr
0x05F7	0x3005      	MOVLW      5
0x05F8	0x009E      	MOVWF      286
0x05F9	0x20F5      	CALL       245
0x05FA	0x30B1      	MOVLW      177
0x05FB	0x0084      	MOVWF      FSR
0x05FC	0x3038      	MOVLW      56
0x05FD	0x1283      	BCF        STATUS, 5
0x05FE	0x00F0      	MOVWF      R0
0x05FF	0x3072      	MOVLW      114
0x0600	0x1703      	BSF        STATUS, 6
0x0601	0x009D      	MOVWF      ___DoICPAddr
0x0602	0x3005      	MOVLW      5
0x0603	0x009E      	MOVWF      286
0x0604	0x20F5      	CALL       245
0x0605	0x3010      	MOVLW      272
0x0606	0x1783      	BSF        STATUS, 7
0x0607	0x0084      	MOVWF      FSR
0x0608	0x3009      	MOVLW      9
0x0609	0x1283      	BCF        STATUS, 5
0x060A	0x00F0      	MOVWF      R0
0x060B	0x30C7      	MOVLW      199
0x060C	0x1703      	BSF        STATUS, 6
0x060D	0x009D      	MOVWF      ___DoICPAddr
0x060E	0x3005      	MOVLW      5
0x060F	0x009E      	MOVWF      286
0x0610	0x20F5      	CALL       245
0x0611	0x1383      	BCF        STATUS, 7
0x0612	0x30E9      	MOVLW      233
0x0613	0x0084      	MOVWF      FSR
0x0614	0x3007      	MOVLW      7
0x0615	0x1283      	BCF        STATUS, 5
0x0616	0x00F0      	MOVWF      R0
0x0617	0x30D0      	MOVLW      208
0x0618	0x1703      	BSF        STATUS, 6
0x0619	0x009D      	MOVWF      ___DoICPAddr
0x061A	0x3005      	MOVLW      5
0x061B	0x009E      	MOVWF      286
0x061C	0x20F5      	CALL       245
0x061D	0x0008      	RETURN
;door_lock2.c,0 :: ?ICS?lstr4_door_lock2
0x052F	0x3453 ;?ICS?lstr4_door_lock2+0
0x0530	0x3445 ;?ICS?lstr4_door_lock2+1
0x0531	0x344E ;?ICS?lstr4_door_lock2+2
0x0532	0x3453 ;?ICS?lstr4_door_lock2+3
0x0533	0x344F ;?ICS?lstr4_door_lock2+4
0x0534	0x3452 ;?ICS?lstr4_door_lock2+5
0x0535	0x3420 ;?ICS?lstr4_door_lock2+6
0x0536	0x3441 ;?ICS?lstr4_door_lock2+7
0x0537	0x3443 ;?ICS?lstr4_door_lock2+8
0x0538	0x3454 ;?ICS?lstr4_door_lock2+9
0x0539	0x3449 ;?ICS?lstr4_door_lock2+10
0x053A	0x3456 ;?ICS?lstr4_door_lock2+11
0x053B	0x3445 ;?ICS?lstr4_door_lock2+12
0x053C	0x3400 ;?ICS?lstr4_door_lock2+13
; end of ?ICS?lstr4_door_lock2
;door_lock2.c,0 :: ?ICS?lstr3_door_lock2
0x053D	0x344C ;?ICS?lstr3_door_lock2+0
0x053E	0x344F ;?ICS?lstr3_door_lock2+1
0x053F	0x3443 ;?ICS?lstr3_door_lock2+2
0x0540	0x344B ;?ICS?lstr3_door_lock2+3
0x0541	0x3445 ;?ICS?lstr3_door_lock2+4
0x0542	0x3444 ;?ICS?lstr3_door_lock2+5
0x0543	0x3400 ;?ICS?lstr3_door_lock2+6
; end of ?ICS?lstr3_door_lock2
;door_lock2.c,0 :: ?ICS?lstr5_door_lock2
0x0544	0x344C ;?ICS?lstr5_door_lock2+0
0x0545	0x3443 ;?ICS?lstr5_door_lock2+1
0x0546	0x3444 ;?ICS?lstr5_door_lock2+2
0x0547	0x3420 ;?ICS?lstr5_door_lock2+3
0x0548	0x344F ;?ICS?lstr5_door_lock2+4
0x0549	0x3446 ;?ICS?lstr5_door_lock2+5
0x054A	0x3446 ;?ICS?lstr5_door_lock2+6
0x054B	0x3400 ;?ICS?lstr5_door_lock2+7
; end of ?ICS?lstr5_door_lock2
;door_lock2.c,0 :: ?ICS?lstr7_door_lock2
0x054C	0x3400 ;?ICS?lstr7_door_lock2+0
; end of ?ICS?lstr7_door_lock2
;door_lock2.c,0 :: ?ICS?lstr6_door_lock2
0x054D	0x3450 ;?ICS?lstr6_door_lock2+0
0x054E	0x346C ;?ICS?lstr6_door_lock2+1
0x054F	0x3465 ;?ICS?lstr6_door_lock2+2
0x0550	0x3461 ;?ICS?lstr6_door_lock2+3
0x0551	0x3473 ;?ICS?lstr6_door_lock2+4
0x0552	0x3465 ;?ICS?lstr6_door_lock2+5
0x0553	0x3420 ;?ICS?lstr6_door_lock2+6
0x0554	0x3449 ;?ICS?lstr6_door_lock2+7
0x0555	0x346E ;?ICS?lstr6_door_lock2+8
0x0556	0x3470 ;?ICS?lstr6_door_lock2+9
0x0557	0x3475 ;?ICS?lstr6_door_lock2+10
0x0558	0x3474 ;?ICS?lstr6_door_lock2+11
0x0559	0x3420 ;?ICS?lstr6_door_lock2+12
0x055A	0x346B ;?ICS?lstr6_door_lock2+13
0x055B	0x3465 ;?ICS?lstr6_door_lock2+14
0x055C	0x3479 ;?ICS?lstr6_door_lock2+15
0x055D	0x3400 ;?ICS?lstr6_door_lock2+16
; end of ?ICS?lstr6_door_lock2
;door_lock2.c,0 :: ?ICS?lstr2_door_lock2
0x055E	0x344F ;?ICS?lstr2_door_lock2+0
0x055F	0x3462 ;?ICS?lstr2_door_lock2+1
0x0560	0x3473 ;?ICS?lstr2_door_lock2+2
0x0561	0x3465 ;?ICS?lstr2_door_lock2+3
0x0562	0x3472 ;?ICS?lstr2_door_lock2+4
0x0563	0x3476 ;?ICS?lstr2_door_lock2+5
0x0564	0x3465 ;?ICS?lstr2_door_lock2+6
0x0565	0x3420 ;?ICS?lstr2_door_lock2+7
0x0566	0x346D ;?ICS?lstr2_door_lock2+8
0x0567	0x346F ;?ICS?lstr2_door_lock2+9
0x0568	0x3474 ;?ICS?lstr2_door_lock2+10
0x0569	0x346F ;?ICS?lstr2_door_lock2+11
0x056A	0x3472 ;?ICS?lstr2_door_lock2+12
0x056B	0x3400 ;?ICS?lstr2_door_lock2+13
; end of ?ICS?lstr2_door_lock2
;door_lock2.c,0 :: ?ICS?lstr1_door_lock2
0x056C	0x3453 ;?ICS?lstr1_door_lock2+0
0x056D	0x3454 ;?ICS?lstr1_door_lock2+1
0x056E	0x3441 ;?ICS?lstr1_door_lock2+2
0x056F	0x3452 ;?ICS?lstr1_door_lock2+3
0x0570	0x3454 ;?ICS?lstr1_door_lock2+4
0x0571	0x3400 ;?ICS?lstr1_door_lock2+5
; end of ?ICS?lstr1_door_lock2
;door_lock2.c,0 :: ?ICS?lstr13_door_lock2
0x0572	0x3450 ;?ICS?lstr13_door_lock2+0
0x0573	0x3472 ;?ICS?lstr13_door_lock2+1
0x0574	0x3465 ;?ICS?lstr13_door_lock2+2
0x0575	0x3473 ;?ICS?lstr13_door_lock2+3
0x0576	0x3473 ;?ICS?lstr13_door_lock2+4
0x0577	0x343A ;?ICS?lstr13_door_lock2+5
0x0578	0x3420 ;?ICS?lstr13_door_lock2+6
0x0579	0x3423 ;?ICS?lstr13_door_lock2+7
0x057A	0x3400 ;?ICS?lstr13_door_lock2+8
; end of ?ICS?lstr13_door_lock2
;door_lock2.c,0 :: ?ICS?lstr15_door_lock2
0x057B	0x3453 ;?ICS?lstr15_door_lock2+0
0x057C	0x3445 ;?ICS?lstr15_door_lock2+1
0x057D	0x3443 ;?ICS?lstr15_door_lock2+2
0x057E	0x3455 ;?ICS?lstr15_door_lock2+3
0x057F	0x3452 ;?ICS?lstr15_door_lock2+4
0x0580	0x3449 ;?ICS?lstr15_door_lock2+5
0x0581	0x3454 ;?ICS?lstr15_door_lock2+6
0x0582	0x3459 ;?ICS?lstr15_door_lock2+7
0x0583	0x3420 ;?ICS?lstr15_door_lock2+8
0x0584	0x3441 ;?ICS?lstr15_door_lock2+9
0x0585	0x3443 ;?ICS?lstr15_door_lock2+10
0x0586	0x3454 ;?ICS?lstr15_door_lock2+11
0x0587	0x3449 ;?ICS?lstr15_door_lock2+12
0x0588	0x3456 ;?ICS?lstr15_door_lock2+13
0x0589	0x3445 ;?ICS?lstr15_door_lock2+14
0x058A	0x3400 ;?ICS?lstr15_door_lock2+15
; end of ?ICS?lstr15_door_lock2
;door_lock2.c,0 :: ?ICS?lstr14_door_lock2
0x058B	0x3444 ;?ICS?lstr14_door_lock2+0
0x058C	0x344F ;?ICS?lstr14_door_lock2+1
0x058D	0x344F ;?ICS?lstr14_door_lock2+2
0x058E	0x3452 ;?ICS?lstr14_door_lock2+3
0x058F	0x3420 ;?ICS?lstr14_door_lock2+4
0x0590	0x344C ;?ICS?lstr14_door_lock2+5
0x0591	0x344F ;?ICS?lstr14_door_lock2+6
0x0592	0x3443 ;?ICS?lstr14_door_lock2+7
0x0593	0x344B ;?ICS?lstr14_door_lock2+8
0x0594	0x3445 ;?ICS?lstr14_door_lock2+9
0x0595	0x3444 ;?ICS?lstr14_door_lock2+10
0x0596	0x3400 ;?ICS?lstr14_door_lock2+11
; end of ?ICS?lstr14_door_lock2
;door_lock2.c,0 :: ?ICS_unit_password
0x0597	0x3431 ;?ICS_unit_password+0
0x0598	0x3432 ;?ICS_unit_password+1
0x0599	0x3433 ;?ICS_unit_password+2
0x059A	0x3434 ;?ICS_unit_password+3
0x059B	0x3400 ;?ICS_unit_password+4
; end of ?ICS_unit_password
;door_lock2.c,0 :: ?ICS?lstr10_door_lock2
0x059C	0x3441 ;?ICS?lstr10_door_lock2+0
0x059D	0x3463 ;?ICS?lstr10_door_lock2+1
0x059E	0x3463 ;?ICS?lstr10_door_lock2+2
0x059F	0x3465 ;?ICS?lstr10_door_lock2+3
0x05A0	0x3473 ;?ICS?lstr10_door_lock2+4
0x05A1	0x3473 ;?ICS?lstr10_door_lock2+5
0x05A2	0x3420 ;?ICS?lstr10_door_lock2+6
0x05A3	0x3464 ;?ICS?lstr10_door_lock2+7
0x05A4	0x3465 ;?ICS?lstr10_door_lock2+8
0x05A5	0x346E ;?ICS?lstr10_door_lock2+9
0x05A6	0x3469 ;?ICS?lstr10_door_lock2+10
0x05A7	0x3465 ;?ICS?lstr10_door_lock2+11
0x05A8	0x3464 ;?ICS?lstr10_door_lock2+12
0x05A9	0x3400 ;?ICS?lstr10_door_lock2+13
; end of ?ICS?lstr10_door_lock2
;door_lock2.c,0 :: ?ICS?lstr12_door_lock2
0x05AA	0x3444 ;?ICS?lstr12_door_lock2+0
0x05AB	0x346F ;?ICS?lstr12_door_lock2+1
0x05AC	0x346F ;?ICS?lstr12_door_lock2+2
0x05AD	0x3472 ;?ICS?lstr12_door_lock2+3
0x05AE	0x3420 ;?ICS?lstr12_door_lock2+4
0x05AF	0x346F ;?ICS?lstr12_door_lock2+5
0x05B0	0x3470 ;?ICS?lstr12_door_lock2+6
0x05B1	0x3465 ;?ICS?lstr12_door_lock2+7
0x05B2	0x346E ;?ICS?lstr12_door_lock2+8
0x05B3	0x342E ;?ICS?lstr12_door_lock2+9
0x05B4	0x3420 ;?ICS?lstr12_door_lock2+10
0x05B5	0x344C ;?ICS?lstr12_door_lock2+11
0x05B6	0x346F ;?ICS?lstr12_door_lock2+12
0x05B7	0x3463 ;?ICS?lstr12_door_lock2+13
0x05B8	0x346B ;?ICS?lstr12_door_lock2+14
0x05B9	0x343F ;?ICS?lstr12_door_lock2+15
0x05BA	0x3400 ;?ICS?lstr12_door_lock2+16
; end of ?ICS?lstr12_door_lock2
;door_lock2.c,0 :: ?ICS?lstr11_door_lock2
0x05BB	0x3454 ;?ICS?lstr11_door_lock2+0
0x05BC	0x3472 ;?ICS?lstr11_door_lock2+1
0x05BD	0x3479 ;?ICS?lstr11_door_lock2+2
0x05BE	0x3420 ;?ICS?lstr11_door_lock2+3
0x05BF	0x3461 ;?ICS?lstr11_door_lock2+4
0x05C0	0x3467 ;?ICS?lstr11_door_lock2+5
0x05C1	0x3461 ;?ICS?lstr11_door_lock2+6
0x05C2	0x3469 ;?ICS?lstr11_door_lock2+7
0x05C3	0x346E ;?ICS?lstr11_door_lock2+8
0x05C4	0x342E ;?ICS?lstr11_door_lock2+9
0x05C5	0x342E ;?ICS?lstr11_door_lock2+10
0x05C6	0x3400 ;?ICS?lstr11_door_lock2+11
; end of ?ICS?lstr11_door_lock2
;door_lock2.c,0 :: ?ICS?lstr9_door_lock2
0x05C7	0x3420 ;?ICS?lstr9_door_lock2+0
0x05C8	0x3420 ;?ICS?lstr9_door_lock2+1
0x05C9	0x3420 ;?ICS?lstr9_door_lock2+2
0x05CA	0x3420 ;?ICS?lstr9_door_lock2+3
0x05CB	0x3420 ;?ICS?lstr9_door_lock2+4
0x05CC	0x3420 ;?ICS?lstr9_door_lock2+5
0x05CD	0x3420 ;?ICS?lstr9_door_lock2+6
0x05CE	0x3420 ;?ICS?lstr9_door_lock2+7
0x05CF	0x3400 ;?ICS?lstr9_door_lock2+8
; end of ?ICS?lstr9_door_lock2
;door_lock2.c,0 :: ?ICS?lstr8_door_lock2
0x05D0	0x3455 ;?ICS?lstr8_door_lock2+0
0x05D1	0x344E ;?ICS?lstr8_door_lock2+1
0x05D2	0x344C ;?ICS?lstr8_door_lock2+2
0x05D3	0x344F ;?ICS?lstr8_door_lock2+3
0x05D4	0x3443 ;?ICS?lstr8_door_lock2+4
0x05D5	0x344B ;?ICS?lstr8_door_lock2+5
0x05D6	0x3400 ;?ICS?lstr8_door_lock2+6
; end of ?ICS?lstr8_door_lock2
Symbol List:
//** Routines locations **
//ADDRESS    SIZE    PROCEDURE
//----------------------------------------------
0x0004      [23]    _Interrupt
0x001B       [3]    _Delay_1us
0x001E      [13]    _Delay_5500us
0x002B       [7]    _Delay_50us
0x0032      [64]    _Lcd_Cmd
0x0072      [43]    _Mul_16X16_U
0x009D       [7]    _____DoICP
0x00A4       [9]    _Lcd_Chr_CP
0x00AD      [56]    _Keypad_Key_Press
0x00E5       [8]    _Delay_10us
0x00ED       [8]    _PWM1_Start
0x00F5      [12]    ___CC2DW
0x0101      [15]    _Keypad_Key_Click
0x0110      [46]    _memcmp
0x013E      [59]    _PWM1_Set_Duty
0x0179      [79]    _Lcd_Init
0x01C8       [7]    _PWM1_Stop
0x01CF      [10]    _InitTimer0
0x01D9       [6]    _PWM1_Init
0x01DF      [10]    _Keypad_Init
0x01E9      [65]    _Lcd_Out
0x022A     [767]    _main
//** Variables locations ** 
//ADDRESS    SIZE    VARIABLE
//----------------------------------------------
0x0000       [1]    INDF
0x0001       [1]    TMR0
0x0002       [1]    PCL
0x0003       [1]    STATUS
0x0004       [1]    FSR
0x0005       [1]    PORTA
0x0006       [0]    RB6_bit
0x0006       [0]    RB3_bit
0x0006       [0]    RB2_bit
0x0006       [0]    RB5_bit
0x0006       [0]    LCD_D7
0x0006       [0]    LCD_D6
0x0006       [0]    RB1_bit
0x0006       [0]    LCD_D5
0x0006       [0]    LCD_RS
0x0006       [0]    LCD_En
0x0006       [0]    RB0_bit
0x0006       [0]    LCD_D4
0x0007       [1]    PORTC
0x0008       [1]    PORTD
0x0008       [1]    keypadPort
0x000A       [1]    PCLATH
0x000B       [1]    INTCON
0x000B       [0]    TMR0IF_bit
0x0012       [1]    T2CON
0x0015       [1]    CCPR1L
0x0017       [1]    CCP1CON
0x0020      [14]    ?lstr4_door_lock2
0x002E       [7]    ?lstr3_door_lock2
0x0035       [8]    ?lstr5_door_lock2
0x003D       [1]    ?lstr7_door_lock2
0x003E      [17]    ?lstr6_door_lock2
0x004F      [14]    ?lstr2_door_lock2
0x005D       [6]    ?lstr1_door_lock2
0x0063      [12]    ?lstr11_door_lock2
0x006F       [1]    _kp
0x0070       [1]    R0
0x0071       [1]    R1
0x0072       [1]    R2
0x0073       [1]    R3
0x0074       [1]    R4
0x0075       [1]    R5
0x0076       [1]    R6
0x0077       [1]    R7
0x0078       [1]    R8
0x0079       [1]    R9
0x007A       [1]    R10
0x007B       [1]    R11
0x007C       [1]    R12
0x007D       [1]    R13
0x007E       [1]    R14
0x007F       [1]    R15
0x0081       [1]    OPTION_REG
0x0085       [0]    TRISA2_bit
0x0085       [0]    TRISA3_bit
0x0085       [0]    TRISA1_bit
0x0086       [0]    LCD_D7_Direction
0x0086       [0]    LCD_EN_Direction
0x0086       [0]    LCD_RS_Direction
0x0086       [0]    LCD_D4_Direction
0x0086       [0]    LCD_D5_Direction
0x0086       [0]    LCD_D6_Direction
0x0086       [0]    TRISB3_bit
0x0086       [0]    TRISB2_bit
0x0086       [0]    TRISB6_bit
0x0086       [1]    TRISB
0x0086       [0]    TRISB0_bit
0x0086       [0]    TRISB1_bit
0x0087       [0]    TRISC2_bit
0x0087       [1]    TRISC
0x0088       [1]    TRISD
0x0092       [1]    PR2
0x009F       [1]    ADCON1
0x00A0      [17]    ?lstr12_door_lock2
0x00B1       [9]    ?lstr13_door_lock2
0x00BA      [16]    ?lstr15_door_lock2
0x00CA      [12]    ?lstr14_door_lock2
0x00D6       [5]    _unit_password
0x00DB      [14]    ?lstr10_door_lock2
0x00E9       [7]    ?lstr8_door_lock2
0x0110       [9]    ?lstr9_door_lock2
0x0119       [2]    _array
0x011B       [2]    _cnt
0x011D       [2]    ___DoICPAddr
0x011F       [1]    _dl
0x0120       [0]    __Lib_Lcd_cmd_status
0x0121       [2]    _i
0x0123       [3]    _enter_pswd
0x0126       [1]    _x
0x0127       [1]    ___savePCLATH
0x0128       [1]    ___saveSTATUS
0x0129       [1]    FARG_memcmp_s1
0x0129       [4]    FARG_PWM1_Init_PWM_Freq
0x0129       [1]    FARG_PWM1_Set_Duty_new_duty
0x0129       [1]    FARG_Lcd_Out_row
0x0129       [1]    Keypad_Key_Click_rslt_L0
0x012A       [1]    FARG_memcmp_s2
0x012A       [1]    FARG_Lcd_Out_column
0x012B       [2]    FARG_memcmp_n
0x012B       [1]    FARG_Lcd_Out_text
0x012C       [1]    Lcd_Out_i_L0
0x012D       [1]    Keypad_Key_Press_rslt_L0
0x012D       [1]    FARG_Lcd_Chr_CP_out_char
0x012E       [1]    Keypad_Key_Press_kdata_L0
0x012F       [1]    Keypad_Key_Press_loc_L0
0x0130       [1]    Keypad_Key_Press_rowcnt_L0
0x0131       [1]    Keypad_Key_Press_shifter_L0
0x0132       [1]    FARG_Lcd_Cmd_out_char
//** Constants locations ** 
//ADDRESS    SIZE    CONSTANT
//----------------------------------------------
0x052F      [14]    ?ICS?lstr4_door_lock2
0x053D       [7]    ?ICS?lstr3_door_lock2
0x0544       [8]    ?ICS?lstr5_door_lock2
0x054C       [1]    ?ICS?lstr7_door_lock2
0x054D      [17]    ?ICS?lstr6_door_lock2
0x055E      [14]    ?ICS?lstr2_door_lock2
0x056C       [6]    ?ICS?lstr1_door_lock2
0x0572       [9]    ?ICS?lstr13_door_lock2
0x057B      [16]    ?ICS?lstr15_door_lock2
0x058B      [12]    ?ICS?lstr14_door_lock2
0x0597       [5]    ?ICS_unit_password
0x059C      [14]    ?ICS?lstr10_door_lock2
0x05AA      [17]    ?ICS?lstr12_door_lock2
0x05BB      [12]    ?ICS?lstr11_door_lock2
0x05C7       [9]    ?ICS?lstr9_door_lock2
0x05D0       [7]    ?ICS?lstr8_door_lock2
